2017-12-16 03:45:41  /entrypoint.sh: static: does not generate config
HEALTH_WARN too few PGs per OSD (21 < min 30)
2017-12-16 03:45:42  /entrypoint.sh: static: does not generate the admin key, so we can not get it.
2017-12-16 03:45:42  /entrypoint.sh: static: make it available with the help of your configuration management system.
2017-12-16 03:45:42  /entrypoint.sh: static: ceph-ansible is a good candidate to deploy a containerized version of Ceph.
2017-12-16 03:45:42  /entrypoint.sh: static: ceph-ansible will help you fetching the keys and push them on the right nodes.
2017-12-16 03:45:42  /entrypoint.sh: static: if you're interested, please visit: https://github.com/ceph/ceph-ansible
pool 'cephfs_data' created
pool 'cephfs_metadata' created
new fs with metadata pool 2 and data pool 1
2017-12-16 03:45:44  /entrypoint.sh: SUCCESS
2017-12-16 03:45:44.659096 7fd2a3734300  0 set uid:gid to 64045:64045 (ceph:ceph)
2017-12-16 03:45:44.659119 7fd2a3734300  0 ceph version 9.0.0-18997-g8adf01b (8adf01b98af39502aa7fe3d10c4b19935508eaa7), process ceph-mds, pid 236
starting mds.node-4 at -
2017-12-16 03:45:44.660403 7fd2a3734300  0 pidfile_write: ignore empty --pid-file
2017-12-16 03:45:48.800760 7fd29c130700  0 mds.0.cache creating system inode with ino:1
2017-12-16 03:45:48.801055 7fd29c130700  0 mds.0.cache creating system inode with ino:100
2017-12-16 03:45:48.801067 7fd29c130700  0 mds.0.cache creating system inode with ino:600
2017-12-16 03:45:48.801272 7fd29c130700  0 mds.0.cache creating system inode with ino:601
2017-12-16 03:45:48.801533 7fd29c130700  0 mds.0.cache creating system inode with ino:602
2017-12-16 03:45:48.801642 7fd29c130700  0 mds.0.cache creating system inode with ino:603
2017-12-16 03:45:48.801742 7fd29c130700  0 mds.0.cache creating system inode with ino:604
2017-12-16 03:45:48.801875 7fd29c130700  0 mds.0.cache creating system inode with ino:605
2017-12-16 03:45:48.801967 7fd29c130700  0 mds.0.cache creating system inode with ino:606
2017-12-16 03:45:48.802057 7fd29c130700  0 mds.0.cache creating system inode with ino:607
2017-12-16 03:45:48.802142 7fd29c130700  0 mds.0.cache creating system inode with ino:608
2017-12-16 03:45:48.802260 7fd29c130700  0 mds.0.cache creating system inode with ino:609
tcmalloc: large alloc 1593843712 bytes == 0x7fd51fde4000 @  0x7fd2a2737c4c 0x7fd2a275844e 0x7fd2a2eaa8c3 0x7fd2a2e7b0c1 0x7fd2a2e7f8a0 0x7fd2a2e9bdc3 0x7fd2a2e9c3c4 0x7fd2a2ea059b 0x7fd2a2e2216c 0x7fd2a2e2b951 0x7fd2a2e2caa5 0x7fd2a2e1a593 0x7fd2a33417a3 0x7fd2a31ed1dd 0x7fd2a250f184 0x7fd2a0c60ffd (nil)
tcmalloc: large alloc 3187679232 bytes == 0x7fd79085a000 @  0x7fd2a2737c4c 0x7fd2a275844e 0x7fd2a2eaa8c3 0x7fd2a2e7b0c1 0x7fd2a2e7f8a0 0x7fd2a2e9bdc3 0x7fd2a2e9c3c4 0x7fd2a2ea059b 0x7fd2a2e2216c 0x7fd2a2e2b951 0x7fd2a2e2caa5 0x7fd2a2e1a593 0x7fd2a33417a3 0x7fd2a31ed1dd 0x7fd2a250f184 0x7fd2a0c60ffd (nil)
tcmalloc: large alloc 1677729792 bytes == 0x7fdc0de48000 @  0x7fd2a2737c4c 0x7fd2a275844e 0x7fd2a2eaa8c3 0x7fd2a2fea6bc 0x7fd2a2efd830 0x7fd2a2e66d4c 0x7fd2a2e6785d 0x7fd2a2e9bec3 0x7fd2a2e9c3c4 0x7fd2a2ea059b 0x7fd2a2e2216c 0x7fd2a2e2b951 0x7fd2a2e2caa5 0x7fd2a2e1a593 0x7fd2a33417a3 0x7fd2a31ed1dd 0x7fd2a250f184 0x7fd2a0c60ffd (nil)
tcmalloc: large alloc 6375350272 bytes == 0x7fdc726aa000 @  0x7fd2a2737c4c 0x7fd2a275844e 0x7fd2a2eaa8c3 0x7fd2a2e7b0c1 0x7fd2a2e7f8a0 0x7fd2a2e9bdc3 0x7fd2a2e9c3c4 0x7fd2a2ea059b 0x7fd2a2e2216c 0x7fd2a2e2b951 0x7fd2a2e2caa5 0x7fd2a2e1a593 0x7fd2a33417a3 0x7fd2a31ed1dd 0x7fd2a250f184 0x7fd2a0c60ffd (nil)
