2017-12-21 03:17:08  /entrypoint.sh: static: does not generate config
HEALTH_WARN too few PGs per OSD (21 < min 30)
2017-12-21 03:17:09  /entrypoint.sh: static: does not generate the admin key, so we can not get it.
2017-12-21 03:17:09  /entrypoint.sh: static: make it available with the help of your configuration management system.
2017-12-21 03:17:09  /entrypoint.sh: static: ceph-ansible is a good candidate to deploy a containerized version of Ceph.
2017-12-21 03:17:09  /entrypoint.sh: static: ceph-ansible will help you fetching the keys and push them on the right nodes.
2017-12-21 03:17:09  /entrypoint.sh: static: if you're interested, please visit: https://github.com/ceph/ceph-ansible
pool 'cephfs_data' created
pool 'cephfs_metadata' created
new fs with metadata pool 2 and data pool 1
2017-12-21 03:17:11  /entrypoint.sh: SUCCESS
warning: line 14: 'public_network' in section 'global' redefined 
2017-12-21 03:17:11.589708 7f0f4a797300  0 set uid:gid to 64045:64045 (ceph:ceph)
2017-12-21 03:17:11.589730 7f0f4a797300  0 ceph version 9.0.0-18997-g8adf01b (8adf01b98af39502aa7fe3d10c4b19935508eaa7), process ceph-mds, pid 236
starting mds.node-4 at -
2017-12-21 03:17:11.591612 7f0f4a797300  0 pidfile_write: ignore empty --pid-file
2017-12-21 03:17:15.716242 7f0f43193700  0 mds.0.cache creating system inode with ino:1
2017-12-21 03:17:15.716597 7f0f43193700  0 mds.0.cache creating system inode with ino:100
2017-12-21 03:17:15.716608 7f0f43193700  0 mds.0.cache creating system inode with ino:600
2017-12-21 03:17:15.716775 7f0f43193700  0 mds.0.cache creating system inode with ino:601
2017-12-21 03:17:15.716873 7f0f43193700  0 mds.0.cache creating system inode with ino:602
2017-12-21 03:17:15.717118 7f0f43193700  0 mds.0.cache creating system inode with ino:603
2017-12-21 03:17:15.717210 7f0f43193700  0 mds.0.cache creating system inode with ino:604
2017-12-21 03:17:15.717324 7f0f43193700  0 mds.0.cache creating system inode with ino:605
2017-12-21 03:17:15.717413 7f0f43193700  0 mds.0.cache creating system inode with ino:606
2017-12-21 03:17:15.717521 7f0f43193700  0 mds.0.cache creating system inode with ino:607
2017-12-21 03:17:15.717614 7f0f43193700  0 mds.0.cache creating system inode with ino:608
2017-12-21 03:17:15.717724 7f0f43193700  0 mds.0.cache creating system inode with ino:609
tcmalloc: large alloc 1593843712 bytes == 0x7f11c8a66000 @  0x7f0f4979ac4c 0x7f0f497bb44e 0x7f0f49f0d8c3 0x7f0f49ede0c1 0x7f0f49ee28a0 0x7f0f49efedc3 0x7f0f49eff3c4 0x7f0f49f0359b 0x7f0f49e8516c 0x7f0f49e8e951 0x7f0f49e8faa5 0x7f0f49e7d593 0x7f0f4a3a47a3 0x7f0f4a2501dd 0x7f0f49572184 0x7f0f47cc3ffd (nil)
