2017-12-16 00:31:21  /entrypoint.sh: static: does not generate config
HEALTH_WARN too few PGs per OSD (21 < min 30)
2017-12-16 00:31:22  /entrypoint.sh: static: does not generate the admin key, so we can not get it.
2017-12-16 00:31:22  /entrypoint.sh: static: make it available with the help of your configuration management system.
2017-12-16 00:31:22  /entrypoint.sh: static: ceph-ansible is a good candidate to deploy a containerized version of Ceph.
2017-12-16 00:31:22  /entrypoint.sh: static: ceph-ansible will help you fetching the keys and push them on the right nodes.
2017-12-16 00:31:22  /entrypoint.sh: static: if you're interested, please visit: https://github.com/ceph/ceph-ansible
pool 'cephfs_data' created
pool 'cephfs_metadata' created
new fs with metadata pool 2 and data pool 1
2017-12-16 00:31:24  /entrypoint.sh: SUCCESS
2017-12-16 00:31:24.742453 7fc72fda0300  0 set uid:gid to 64045:64045 (ceph:ceph)
2017-12-16 00:31:24.742474 7fc72fda0300  0 ceph version 9.0.0-18997-g8adf01b (8adf01b98af39502aa7fe3d10c4b19935508eaa7), process ceph-mds, pid 236
starting mds.node-4 at -
2017-12-16 00:31:24.743685 7fc72fda0300  0 pidfile_write: ignore empty --pid-file
2017-12-16 00:31:29.126386 7fc72879c700  0 mds.0.cache creating system inode with ino:1
2017-12-16 00:31:29.126682 7fc72879c700  0 mds.0.cache creating system inode with ino:100
2017-12-16 00:31:29.126702 7fc72879c700  0 mds.0.cache creating system inode with ino:600
2017-12-16 00:31:29.126906 7fc72879c700  0 mds.0.cache creating system inode with ino:601
2017-12-16 00:31:29.127258 7fc72879c700  0 mds.0.cache creating system inode with ino:602
2017-12-16 00:31:29.127353 7fc72879c700  0 mds.0.cache creating system inode with ino:603
2017-12-16 00:31:29.127435 7fc72879c700  0 mds.0.cache creating system inode with ino:604
2017-12-16 00:31:29.127552 7fc72879c700  0 mds.0.cache creating system inode with ino:605
2017-12-16 00:31:29.127684 7fc72879c700  0 mds.0.cache creating system inode with ino:606
2017-12-16 00:31:29.127777 7fc72879c700  0 mds.0.cache creating system inode with ino:607
2017-12-16 00:31:29.127848 7fc72879c700  0 mds.0.cache creating system inode with ino:608
2017-12-16 00:31:29.128023 7fc72879c700  0 mds.0.cache creating system inode with ino:609
tcmalloc: large alloc 1593843712 bytes == 0x7fc9abc80000 @  0x7fc72eda3c4c 0x7fc72edc444e 0x7fc72f5168c3 0x7fc72f4e70c1 0x7fc72f4eb8a0 0x7fc72f507dc3 0x7fc72f5083c4 0x7fc72f50c59b 0x7fc72f48e16c 0x7fc72f497951 0x7fc72f498aa5 0x7fc72f486593 0x7fc72f9ad7a3 0x7fc72f8591dd 0x7fc72eb7b184 0x7fc72d2ccffd (nil)
tcmalloc: large alloc 3187679232 bytes == 0x7fcc1c83a000 @  0x7fc72eda3c4c 0x7fc72edc444e 0x7fc72f5168c3 0x7fc72f4e70c1 0x7fc72f4eb8a0 0x7fc72f507dc3 0x7fc72f5083c4 0x7fc72f50c59b 0x7fc72f48e16c 0x7fc72f497951 0x7fc72f498aa5 0x7fc72f486593 0x7fc72f9ad7a3 0x7fc72f8591dd 0x7fc72eb7b184 0x7fc72d2ccffd (nil)
tcmalloc: large alloc 1677729792 bytes == 0x7fd09a9e8000 @  0x7fc72eda3c4c 0x7fc72edc444e 0x7fc72f5168c3 0x7fc72f6566bc 0x7fc72f569830 0x7fc72f4d2d4c 0x7fc72f4d385d 0x7fc72f507ec3 0x7fc72f5083c4 0x7fc72f50c59b 0x7fc72f48e16c 0x7fc72f497951 0x7fc72f498aa5 0x7fc72f486593 0x7fc72f9ad7a3 0x7fc72f8591dd 0x7fc72eb7b184 0x7fc72d2ccffd (nil)
tcmalloc: large alloc 6375350272 bytes == 0x7fd0fea26000 @  0x7fc72eda3c4c 0x7fc72edc444e 0x7fc72f5168c3 0x7fc72f4e70c1 0x7fc72f4eb8a0 0x7fc72f507dc3 0x7fc72f5083c4 0x7fc72f50c59b 0x7fc72f48e16c 0x7fc72f497951 0x7fc72f498aa5 0x7fc72f486593 0x7fc72f9ad7a3 0x7fc72f8591dd 0x7fc72eb7b184 0x7fc72d2ccffd (nil)
