2017-12-16 20:39:19  /entrypoint.sh: static: does not generate config
HEALTH_WARN too few PGs per OSD (21 < min 30)
2017-12-16 20:39:19  /entrypoint.sh: static: does not generate the admin key, so we can not get it.
2017-12-16 20:39:19  /entrypoint.sh: static: make it available with the help of your configuration management system.
2017-12-16 20:39:19  /entrypoint.sh: static: ceph-ansible is a good candidate to deploy a containerized version of Ceph.
2017-12-16 20:39:19  /entrypoint.sh: static: ceph-ansible will help you fetching the keys and push them on the right nodes.
2017-12-16 20:39:19  /entrypoint.sh: static: if you're interested, please visit: https://github.com/ceph/ceph-ansible
pool 'cephfs_data' created
pool 'cephfs_metadata' created
new fs with metadata pool 2 and data pool 1
2017-12-16 20:39:21  /entrypoint.sh: SUCCESS
2017-12-16 20:39:21.884763 7f915426d300  0 set uid:gid to 64045:64045 (ceph:ceph)
2017-12-16 20:39:21.884783 7f915426d300  0 ceph version 9.0.0-18997-g8adf01b (8adf01b98af39502aa7fe3d10c4b19935508eaa7), process ceph-mds, pid 236
starting mds.node-4 at -
2017-12-16 20:39:21.885989 7f915426d300  0 pidfile_write: ignore empty --pid-file
2017-12-16 20:39:26.022462 7f914cc69700  0 mds.0.cache creating system inode with ino:1
2017-12-16 20:39:26.022756 7f914cc69700  0 mds.0.cache creating system inode with ino:100
2017-12-16 20:39:26.022766 7f914cc69700  0 mds.0.cache creating system inode with ino:600
2017-12-16 20:39:26.022938 7f914cc69700  0 mds.0.cache creating system inode with ino:601
2017-12-16 20:39:26.023032 7f914cc69700  0 mds.0.cache creating system inode with ino:602
2017-12-16 20:39:26.023305 7f914cc69700  0 mds.0.cache creating system inode with ino:603
2017-12-16 20:39:26.023446 7f914cc69700  0 mds.0.cache creating system inode with ino:604
2017-12-16 20:39:26.023569 7f914cc69700  0 mds.0.cache creating system inode with ino:605
2017-12-16 20:39:26.023704 7f914cc69700  0 mds.0.cache creating system inode with ino:606
2017-12-16 20:39:26.023842 7f914cc69700  0 mds.0.cache creating system inode with ino:607
2017-12-16 20:39:26.023955 7f914cc69700  0 mds.0.cache creating system inode with ino:608
2017-12-16 20:39:26.024079 7f914cc69700  0 mds.0.cache creating system inode with ino:609
