2016-12-16 02:19:27  /entrypoint.sh: static: does not generate config
HEALTH_WARN too few PGs per OSD (10 < min 30)
2016-12-16 02:19:28  /entrypoint.sh: static: does not generate admin key
2016-12-16 02:19:28  /entrypoint.sh: SUCCESS
2016-12-16 02:19:28.364058 7f8bfc478300  0 set uid:gid to 64045:64045 (ceph:ceph)
2016-12-16 02:19:28.364097 7f8bfc478300  0 ceph version 11.0.2-1332-gf628bac (f628bac31aa0b5b2696b8defc4aa18d4bc2ef757), process ceph-mds, pid 88
starting mds.issdm-18 at -
2016-12-16 02:19:28.367027 7f8bfc478300  0 pidfile_write: ignore empty --pid-file
2016-12-16 02:20:30.727047 7f8bf4e82700  0 mds.1.cache creating system inode with ino:101
2016-12-16 02:20:30.727250 7f8bf4e82700  0 mds.1.cache creating system inode with ino:60a
2016-12-16 02:20:30.727754 7f8bf4e82700  0 mds.1.cache creating system inode with ino:60b
2016-12-16 02:20:30.727923 7f8bf4e82700  0 mds.1.cache creating system inode with ino:60c
2016-12-16 02:20:30.728229 7f8bf4e82700  0 mds.1.cache creating system inode with ino:60d
2016-12-16 02:20:30.728527 7f8bf4e82700  0 mds.1.cache creating system inode with ino:60e
2016-12-16 02:20:30.728910 7f8bf4e82700  0 mds.1.cache creating system inode with ino:60f
2016-12-16 02:20:30.729223 7f8bf4e82700  0 mds.1.cache creating system inode with ino:610
2016-12-16 02:20:30.729436 7f8bf4e82700  0 mds.1.cache creating system inode with ino:611
2016-12-16 02:20:30.729646 7f8bf4e82700  0 mds.1.cache creating system inode with ino:612
2016-12-16 02:20:30.729869 7f8bf4e82700  0 mds.1.cache creating system inode with ino:613
2016-12-16 02:35:34.736562 7f8bf7602700  0 -- 192.168.140.230:6800/1622284156 >> 192.168.140.248:6800/1415105294 conn(0x7f8c054dc800 :6800 s=STATE_OPEN pgs=10 cs=1 l=0).fault with nothing to send, going to standby
