2016-12-16 00:10:49  /entrypoint.sh: static: does not generate config
HEALTH_WARN too few PGs per OSD (10 < min 30)
2016-12-16 00:10:50  /entrypoint.sh: static: does not generate admin key
2016-12-16 00:10:50  /entrypoint.sh: SUCCESS
2016-12-16 00:10:50.464124 7fb0e823c300  0 set uid:gid to 64045:64045 (ceph:ceph)
2016-12-16 00:10:50.464165 7fb0e823c300  0 ceph version 11.0.2-1332-gf628bac (f628bac31aa0b5b2696b8defc4aa18d4bc2ef757), process ceph-mds, pid 88
starting mds.issdm-15 at -
2016-12-16 00:10:50.466183 7fb0e823c300  0 pidfile_write: ignore empty --pid-file
2016-12-16 00:12:21.443633 7fb0e0c46700  0 mds.2.cache creating system inode with ino:102
2016-12-16 00:12:21.443807 7fb0e0c46700  0 mds.2.cache creating system inode with ino:614
2016-12-16 00:12:21.444095 7fb0e0c46700  0 mds.2.cache creating system inode with ino:615
2016-12-16 00:12:21.444201 7fb0e0c46700  0 mds.2.cache creating system inode with ino:616
2016-12-16 00:12:21.444493 7fb0e0c46700  0 mds.2.cache creating system inode with ino:617
2016-12-16 00:12:21.444614 7fb0e0c46700  0 mds.2.cache creating system inode with ino:618
2016-12-16 00:12:21.444753 7fb0e0c46700  0 mds.2.cache creating system inode with ino:619
2016-12-16 00:12:21.444869 7fb0e0c46700  0 mds.2.cache creating system inode with ino:61a
2016-12-16 00:12:21.444962 7fb0e0c46700  0 mds.2.cache creating system inode with ino:61b
2016-12-16 00:12:21.445057 7fb0e0c46700  0 mds.2.cache creating system inode with ino:61c
2016-12-16 00:12:21.445169 7fb0e0c46700  0 mds.2.cache creating system inode with ino:61d
2016-12-16 00:12:25.730286 7fb0e3bc7700  0 -- 192.168.140.248:6800/4250511136 >> 192.168.140.188:6800/3795178458 conn(0x7fb0f2dda000 :6800 s=STATE_ACCEPTING_WAIT_CONNECT_MSG_AUTH pgs=0 cs=0 l=0).handle_connect_msg accept connect_seq 0 vs existing csq=0 existing_state=STATE_CONNECTING_WAIT_CONNECT_REPLY
2016-12-16 00:12:25.730911 7fb0e3bc7700  0 -- 192.168.140.248:6800/4250511136 >> 192.168.140.188:6800/3795178458 conn(0x7fb0f2dda000 :6800 s=STATE_ACCEPTING_WAIT_CONNECT_MSG pgs=0 cs=0 l=0).fault with nothing to send and in the half  accept state just closed
