2017-12-21 05:57:47  /entrypoint.sh: static: does not generate config
HEALTH_WARN too few PGs per OSD (21 < min 30)
2017-12-21 05:57:47  /entrypoint.sh: static: does not generate the admin key, so we can not get it.
2017-12-21 05:57:47  /entrypoint.sh: static: make it available with the help of your configuration management system.
2017-12-21 05:57:47  /entrypoint.sh: static: ceph-ansible is a good candidate to deploy a containerized version of Ceph.
2017-12-21 05:57:47  /entrypoint.sh: static: ceph-ansible will help you fetching the keys and push them on the right nodes.
2017-12-21 05:57:47  /entrypoint.sh: static: if you're interested, please visit: https://github.com/ceph/ceph-ansible
pool 'cephfs_data' created
pool 'cephfs_metadata' created
new fs with metadata pool 2 and data pool 1
2017-12-21 05:57:50  /entrypoint.sh: SUCCESS
warning: line 14: 'public_network' in section 'global' redefined 
2017-12-21 05:57:50.025885 7f28deb6d300  0 set uid:gid to 64045:64045 (ceph:ceph)
2017-12-21 05:57:50.025909 7f28deb6d300  0 ceph version 9.0.0-18997-g8adf01b (8adf01b98af39502aa7fe3d10c4b19935508eaa7), process ceph-mds, pid 236
starting mds.node-4 at -
2017-12-21 05:57:50.027114 7f28deb6d300  0 pidfile_write: ignore empty --pid-file
2017-12-21 05:57:54.177460 7f28d7569700  0 mds.0.cache creating system inode with ino:1
2017-12-21 05:57:54.177772 7f28d7569700  0 mds.0.cache creating system inode with ino:100
2017-12-21 05:57:54.177785 7f28d7569700  0 mds.0.cache creating system inode with ino:600
2017-12-21 05:57:54.177974 7f28d7569700  0 mds.0.cache creating system inode with ino:601
2017-12-21 05:57:54.178066 7f28d7569700  0 mds.0.cache creating system inode with ino:602
2017-12-21 05:57:54.178304 7f28d7569700  0 mds.0.cache creating system inode with ino:603
2017-12-21 05:57:54.178406 7f28d7569700  0 mds.0.cache creating system inode with ino:604
2017-12-21 05:57:54.178526 7f28d7569700  0 mds.0.cache creating system inode with ino:605
2017-12-21 05:57:54.178614 7f28d7569700  0 mds.0.cache creating system inode with ino:606
2017-12-21 05:57:54.178706 7f28d7569700  0 mds.0.cache creating system inode with ino:607
2017-12-21 05:57:54.178783 7f28d7569700  0 mds.0.cache creating system inode with ino:608
2017-12-21 05:57:54.178900 7f28d7569700  0 mds.0.cache creating system inode with ino:609
tcmalloc: large alloc 1593843712 bytes == 0x7f2b5d89a000 @  0x7f28ddb70c4c 0x7f28ddb9144e 0x7f28de2e38c3 0x7f28de2b40c1 0x7f28de2b88a0 0x7f28de2d4dc3 0x7f28de2d53c4 0x7f28de2d959b 0x7f28de25b16c 0x7f28de264951 0x7f28de265aa5 0x7f28de253593 0x7f28de77a7a3 0x7f28de6261dd 0x7f28dd948184 0x7f28dc099ffd (nil)
tcmalloc: large alloc 3187679232 bytes == 0x7f2dd0ce8000 @  0x7f28ddb70c4c 0x7f28ddb9144e 0x7f28de2e38c3 0x7f28de2b40c1 0x7f28de2b88a0 0x7f28de2d4dc3 0x7f28de2d53c4 0x7f28de2d959b 0x7f28de25b16c 0x7f28de264951 0x7f28de265aa5 0x7f28de253593 0x7f28de77a7a3 0x7f28de6261dd 0x7f28dd948184 0x7f28dc099ffd (nil)
