2017-12-17 02:13:18  /entrypoint.sh: static: does not generate config
HEALTH_WARN too few PGs per OSD (21 < min 30)
2017-12-17 02:13:18  /entrypoint.sh: static: does not generate the admin key, so we can not get it.
2017-12-17 02:13:18  /entrypoint.sh: static: make it available with the help of your configuration management system.
2017-12-17 02:13:18  /entrypoint.sh: static: ceph-ansible is a good candidate to deploy a containerized version of Ceph.
2017-12-17 02:13:18  /entrypoint.sh: static: ceph-ansible will help you fetching the keys and push them on the right nodes.
2017-12-17 02:13:18  /entrypoint.sh: static: if you're interested, please visit: https://github.com/ceph/ceph-ansible
pool 'cephfs_data' created
pool 'cephfs_metadata' created
new fs with metadata pool 2 and data pool 1
2017-12-17 02:13:21  /entrypoint.sh: SUCCESS
2017-12-17 02:13:21.213715 7f57e866d300  0 set uid:gid to 64045:64045 (ceph:ceph)
2017-12-17 02:13:21.213737 7f57e866d300  0 ceph version 9.0.0-18997-g8adf01b (8adf01b98af39502aa7fe3d10c4b19935508eaa7), process ceph-mds, pid 236
starting mds.node-4 at -
2017-12-17 02:13:21.215242 7f57e866d300  0 pidfile_write: ignore empty --pid-file
2017-12-17 02:13:25.355780 7f57e1069700  0 mds.0.cache creating system inode with ino:1
2017-12-17 02:13:25.356124 7f57e1069700  0 mds.0.cache creating system inode with ino:100
2017-12-17 02:13:25.356138 7f57e1069700  0 mds.0.cache creating system inode with ino:600
2017-12-17 02:13:25.356351 7f57e1069700  0 mds.0.cache creating system inode with ino:601
2017-12-17 02:13:25.356636 7f57e1069700  0 mds.0.cache creating system inode with ino:602
2017-12-17 02:13:25.356771 7f57e1069700  0 mds.0.cache creating system inode with ino:603
2017-12-17 02:13:25.356905 7f57e1069700  0 mds.0.cache creating system inode with ino:604
2017-12-17 02:13:25.357065 7f57e1069700  0 mds.0.cache creating system inode with ino:605
2017-12-17 02:13:25.357191 7f57e1069700  0 mds.0.cache creating system inode with ino:606
2017-12-17 02:13:25.357307 7f57e1069700  0 mds.0.cache creating system inode with ino:607
2017-12-17 02:13:25.357457 7f57e1069700  0 mds.0.cache creating system inode with ino:608
2017-12-17 02:13:25.357612 7f57e1069700  0 mds.0.cache creating system inode with ino:609
tcmalloc: large alloc 1593843712 bytes == 0x7f5a648a4000 @  0x7f57e7670c4c 0x7f57e769144e 0x7f57e7de38c3 0x7f57e7db40c1 0x7f57e7db88a0 0x7f57e7dd4dc3 0x7f57e7dd53c4 0x7f57e7dd959b 0x7f57e7d5b16c 0x7f57e7d64951 0x7f57e7d65aa5 0x7f57e7d53593 0x7f57e827a7a3 0x7f57e81261dd 0x7f57e7448184 0x7f57e5b99ffd (nil)
tcmalloc: large alloc 3187679232 bytes == 0x7f5cd512e000 @  0x7f57e7670c4c 0x7f57e769144e 0x7f57e7de38c3 0x7f57e7db40c1 0x7f57e7db88a0 0x7f57e7dd4dc3 0x7f57e7dd53c4 0x7f57e7dd959b 0x7f57e7d5b16c 0x7f57e7d64951 0x7f57e7d65aa5 0x7f57e7d53593 0x7f57e827a7a3 0x7f57e81261dd 0x7f57e7448184 0x7f57e5b99ffd (nil)
tcmalloc: large alloc 1677729792 bytes == 0x7f6151dac000 @  0x7f57e7670c4c 0x7f57e769144e 0x7f57e7de38c3 0x7f57e7f236bc 0x7f57e7e36830 0x7f57e7d9fd4c 0x7f57e7da085d 0x7f57e7dd4ec3 0x7f57e7dd53c4 0x7f57e7dd959b 0x7f57e7d5b16c 0x7f57e7d64951 0x7f57e7d65aa5 0x7f57e7d53593 0x7f57e827a7a3 0x7f57e81261dd 0x7f57e7448184 0x7f57e5b99ffd (nil)
tcmalloc: large alloc 6375350272 bytes == 0x7f61b6642000 @  0x7f57e7670c4c 0x7f57e769144e 0x7f57e7de38c3 0x7f57e7db40c1 0x7f57e7db88a0 0x7f57e7dd4dc3 0x7f57e7dd53c4 0x7f57e7dd959b 0x7f57e7d5b16c 0x7f57e7d64951 0x7f57e7d65aa5 0x7f57e7d53593 0x7f57e827a7a3 0x7f57e81261dd 0x7f57e7448184 0x7f57e5b99ffd (nil)
