2017-12-16 22:41:27  /entrypoint.sh: static: does not generate config
HEALTH_WARN too few PGs per OSD (21 < min 30)
2017-12-16 22:41:27  /entrypoint.sh: static: does not generate the admin key, so we can not get it.
2017-12-16 22:41:27  /entrypoint.sh: static: make it available with the help of your configuration management system.
2017-12-16 22:41:27  /entrypoint.sh: static: ceph-ansible is a good candidate to deploy a containerized version of Ceph.
2017-12-16 22:41:27  /entrypoint.sh: static: ceph-ansible will help you fetching the keys and push them on the right nodes.
2017-12-16 22:41:27  /entrypoint.sh: static: if you're interested, please visit: https://github.com/ceph/ceph-ansible
pool 'cephfs_data' created
pool 'cephfs_metadata' created
new fs with metadata pool 2 and data pool 1
2017-12-16 22:41:29  /entrypoint.sh: SUCCESS
2017-12-16 22:41:29.922772 7fda92efc300  0 set uid:gid to 64045:64045 (ceph:ceph)
2017-12-16 22:41:29.922797 7fda92efc300  0 ceph version 9.0.0-18997-g8adf01b (8adf01b98af39502aa7fe3d10c4b19935508eaa7), process ceph-mds, pid 236
starting mds.node-4 at -
2017-12-16 22:41:29.924144 7fda92efc300  0 pidfile_write: ignore empty --pid-file
2017-12-16 22:41:34.086113 7fda8b8f8700  0 mds.0.cache creating system inode with ino:1
2017-12-16 22:41:34.086409 7fda8b8f8700  0 mds.0.cache creating system inode with ino:100
2017-12-16 22:41:34.086421 7fda8b8f8700  0 mds.0.cache creating system inode with ino:600
2017-12-16 22:41:34.086588 7fda8b8f8700  0 mds.0.cache creating system inode with ino:601
2017-12-16 22:41:34.086913 7fda8b8f8700  0 mds.0.cache creating system inode with ino:602
2017-12-16 22:41:34.087026 7fda8b8f8700  0 mds.0.cache creating system inode with ino:603
2017-12-16 22:41:34.087117 7fda8b8f8700  0 mds.0.cache creating system inode with ino:604
2017-12-16 22:41:34.087227 7fda8b8f8700  0 mds.0.cache creating system inode with ino:605
2017-12-16 22:41:34.087325 7fda8b8f8700  0 mds.0.cache creating system inode with ino:606
2017-12-16 22:41:34.087418 7fda8b8f8700  0 mds.0.cache creating system inode with ino:607
2017-12-16 22:41:34.087521 7fda8b8f8700  0 mds.0.cache creating system inode with ino:608
2017-12-16 22:41:34.087661 7fda8b8f8700  0 mds.0.cache creating system inode with ino:609
tcmalloc: large alloc 1593843712 bytes == 0x7fdcf4fb0000 @  0x7fda91effc4c 0x7fda91f2044e 0x7fda926728c3 0x7fda926430c1 0x7fda926478a0 0x7fda92663dc3 0x7fda926643c4 0x7fda9266859b 0x7fda925ea16c 0x7fda925f3951 0x7fda925f4aa5 0x7fda925e2593 0x7fda92b097a3 0x7fda929b51dd 0x7fda91cd7184 0x7fda90428ffd (nil)
