2017-12-16 23:00:15  /entrypoint.sh: static: does not generate config
HEALTH_WARN too few PGs per OSD (21 < min 30)
2017-12-16 23:00:16  /entrypoint.sh: static: does not generate the admin key, so we can not get it.
2017-12-16 23:00:16  /entrypoint.sh: static: make it available with the help of your configuration management system.
2017-12-16 23:00:16  /entrypoint.sh: static: ceph-ansible is a good candidate to deploy a containerized version of Ceph.
2017-12-16 23:00:16  /entrypoint.sh: static: ceph-ansible will help you fetching the keys and push them on the right nodes.
2017-12-16 23:00:16  /entrypoint.sh: static: if you're interested, please visit: https://github.com/ceph/ceph-ansible
pool 'cephfs_data' created
pool 'cephfs_metadata' created
new fs with metadata pool 2 and data pool 1
2017-12-16 23:00:18  /entrypoint.sh: SUCCESS
2017-12-16 23:00:18.455634 7fc675074300  0 set uid:gid to 64045:64045 (ceph:ceph)
2017-12-16 23:00:18.455654 7fc675074300  0 ceph version 9.0.0-18997-g8adf01b (8adf01b98af39502aa7fe3d10c4b19935508eaa7), process ceph-mds, pid 236
starting mds.node-4 at -
2017-12-16 23:00:18.456751 7fc675074300  0 pidfile_write: ignore empty --pid-file
2017-12-16 23:00:22.617048 7fc66da70700  0 mds.0.cache creating system inode with ino:1
2017-12-16 23:00:22.617323 7fc66da70700  0 mds.0.cache creating system inode with ino:100
2017-12-16 23:00:22.617339 7fc66da70700  0 mds.0.cache creating system inode with ino:600
2017-12-16 23:00:22.617507 7fc66da70700  0 mds.0.cache creating system inode with ino:601
2017-12-16 23:00:22.617761 7fc66da70700  0 mds.0.cache creating system inode with ino:602
2017-12-16 23:00:22.617870 7fc66da70700  0 mds.0.cache creating system inode with ino:603
2017-12-16 23:00:22.617960 7fc66da70700  0 mds.0.cache creating system inode with ino:604
2017-12-16 23:00:22.618073 7fc66da70700  0 mds.0.cache creating system inode with ino:605
2017-12-16 23:00:22.618162 7fc66da70700  0 mds.0.cache creating system inode with ino:606
2017-12-16 23:00:22.618246 7fc66da70700  0 mds.0.cache creating system inode with ino:607
2017-12-16 23:00:22.618329 7fc66da70700  0 mds.0.cache creating system inode with ino:608
2017-12-16 23:00:22.618436 7fc66da70700  0 mds.0.cache creating system inode with ino:609
tcmalloc: large alloc 1593843712 bytes == 0x7fc8d7996000 @  0x7fc674077c4c 0x7fc67409844e 0x7fc6747ea8c3 0x7fc6747bb0c1 0x7fc6747bf8a0 0x7fc6747dbdc3 0x7fc6747dc3c4 0x7fc6747e059b 0x7fc67476216c 0x7fc67476b951 0x7fc67476caa5 0x7fc67475a593 0x7fc674c817a3 0x7fc674b2d1dd 0x7fc673e4f184 0x7fc6725a0ffd (nil)
tcmalloc: large alloc 3187679232 bytes == 0x7fcb61c7a000 @  0x7fc674077c4c 0x7fc67409844e 0x7fc6747ea8c3 0x7fc6747bb0c1 0x7fc6747bf8a0 0x7fc6747dbdc3 0x7fc6747dc3c4 0x7fc6747e059b 0x7fc67476216c 0x7fc67476b951 0x7fc67476caa5 0x7fc67475a593 0x7fc674c817a3 0x7fc674b2d1dd 0x7fc673e4f184 0x7fc6725a0ffd (nil)
