2016-12-16 00:53:40  /entrypoint.sh: static: does not generate config
HEALTH_WARN too few PGs per OSD (10 < min 30)
2016-12-16 00:53:41  /entrypoint.sh: static: does not generate admin key
2016-12-16 00:53:42  /entrypoint.sh: SUCCESS
2016-12-16 00:53:42.206874 7f52b02e9300  0 set uid:gid to 64045:64045 (ceph:ceph)
2016-12-16 00:53:42.206914 7f52b02e9300  0 ceph version 11.0.2-1332-gf628bac (f628bac31aa0b5b2696b8defc4aa18d4bc2ef757), process ceph-mds, pid 88
starting mds.issdm-18 at -
2016-12-16 00:53:42.208884 7f52b02e9300  0 pidfile_write: ignore empty --pid-file
2016-12-16 00:54:31.902747 7f52a8cf3700  0 mds.1.cache creating system inode with ino:101
2016-12-16 00:54:31.902915 7f52a8cf3700  0 mds.1.cache creating system inode with ino:60a
2016-12-16 00:54:31.903296 7f52a8cf3700  0 mds.1.cache creating system inode with ino:60b
2016-12-16 00:54:31.903397 7f52a8cf3700  0 mds.1.cache creating system inode with ino:60c
2016-12-16 00:54:31.903518 7f52a8cf3700  0 mds.1.cache creating system inode with ino:60d
2016-12-16 00:54:31.903763 7f52a8cf3700  0 mds.1.cache creating system inode with ino:60e
2016-12-16 00:54:31.903899 7f52a8cf3700  0 mds.1.cache creating system inode with ino:60f
2016-12-16 00:54:31.904010 7f52a8cf3700  0 mds.1.cache creating system inode with ino:610
2016-12-16 00:54:31.904102 7f52a8cf3700  0 mds.1.cache creating system inode with ino:611
2016-12-16 00:54:31.904212 7f52a8cf3700  0 mds.1.cache creating system inode with ino:612
2016-12-16 00:54:31.904323 7f52a8cf3700  0 mds.1.cache creating system inode with ino:613
2016-12-16 00:54:32.983814 7f52aac72700  0 -- 192.168.140.230:6800/402880675 >> 192.168.140.188:6800/4196313548 conn(0x7f52b979a000 :6800 s=STATE_ACCEPTING_WAIT_CONNECT_MSG_AUTH pgs=0 cs=0 l=0).handle_connect_msg accept connect_seq 0 vs existing csq=0 existing_state=STATE_CONNECTING
2016-12-16 00:54:32.984431 7f52aac72700  0 -- 192.168.140.230:6800/402880675 >> 192.168.140.188:6800/4196313548 conn(0x7f52b979a000 :6800 s=STATE_ACCEPTING_WAIT_CONNECT_MSG pgs=0 cs=0 l=0).fault with nothing to send and in the half  accept state just closed
