2017-12-21 20:37:08  /entrypoint.sh: static: does not generate config
HEALTH_WARN too few PGs per OSD (21 < min 30)
2017-12-21 20:37:08  /entrypoint.sh: static: does not generate the admin key, so we can not get it.
2017-12-21 20:37:08  /entrypoint.sh: static: make it available with the help of your configuration management system.
2017-12-21 20:37:08  /entrypoint.sh: static: ceph-ansible is a good candidate to deploy a containerized version of Ceph.
2017-12-21 20:37:08  /entrypoint.sh: static: ceph-ansible will help you fetching the keys and push them on the right nodes.
2017-12-21 20:37:08  /entrypoint.sh: static: if you're interested, please visit: https://github.com/ceph/ceph-ansible
pool 'cephfs_data' created
pool 'cephfs_metadata' created
new fs with metadata pool 2 and data pool 1
2017-12-21 20:37:10  /entrypoint.sh: SUCCESS
warning: line 14: 'public_network' in section 'global' redefined 
2017-12-21 20:37:10.854126 7fc4c6fec300  0 set uid:gid to 64045:64045 (ceph:ceph)
2017-12-21 20:37:10.854147 7fc4c6fec300  0 ceph version 9.0.0-18997-g8adf01b (8adf01b98af39502aa7fe3d10c4b19935508eaa7), process ceph-mds, pid 236
starting mds.node-4 at -
2017-12-21 20:37:10.855397 7fc4c6fec300  0 pidfile_write: ignore empty --pid-file
2017-12-21 20:37:15.008157 7fc4bf9e8700  0 mds.0.cache creating system inode with ino:1
2017-12-21 20:37:15.008498 7fc4bf9e8700  0 mds.0.cache creating system inode with ino:100
2017-12-21 20:37:15.008512 7fc4bf9e8700  0 mds.0.cache creating system inode with ino:600
2017-12-21 20:37:15.008682 7fc4bf9e8700  0 mds.0.cache creating system inode with ino:601
2017-12-21 20:37:15.008811 7fc4bf9e8700  0 mds.0.cache creating system inode with ino:602
2017-12-21 20:37:15.009066 7fc4bf9e8700  0 mds.0.cache creating system inode with ino:603
2017-12-21 20:37:15.009154 7fc4bf9e8700  0 mds.0.cache creating system inode with ino:604
2017-12-21 20:37:15.009264 7fc4bf9e8700  0 mds.0.cache creating system inode with ino:605
2017-12-21 20:37:15.009358 7fc4bf9e8700  0 mds.0.cache creating system inode with ino:606
2017-12-21 20:37:15.009447 7fc4bf9e8700  0 mds.0.cache creating system inode with ino:607
2017-12-21 20:37:15.009528 7fc4bf9e8700  0 mds.0.cache creating system inode with ino:608
2017-12-21 20:37:15.009638 7fc4bf9e8700  0 mds.0.cache creating system inode with ino:609
tcmalloc: large alloc 1593843712 bytes == 0x7fc5b7e16000 @  0x7fc4c5fefc4c 0x7fc4c601044e 0x7fc4c67628c3 0x7fc4c67330c1 0x7fc4c67378a0 0x7fc4c6753dc3 0x7fc4c67543c4 0x7fc4c675859b 0x7fc4c66da16c 0x7fc4c66e3951 0x7fc4c66e4aa5 0x7fc4c66d2593 0x7fc4c6bf97a3 0x7fc4c6aa51dd 0x7fc4c5dc7184 0x7fc4c4518ffd (nil)
tcmalloc: large alloc 3187679232 bytes == 0x7fc6b1ef2000 @  0x7fc4c5fefc4c 0x7fc4c601044e 0x7fc4c67628c3 0x7fc4c67330c1 0x7fc4c67378a0 0x7fc4c6753dc3 0x7fc4c67543c4 0x7fc4c675859b 0x7fc4c66da16c 0x7fc4c66e3951 0x7fc4c66e4aa5 0x7fc4c66d2593 0x7fc4c6bf97a3 0x7fc4c6aa51dd 0x7fc4c5dc7184 0x7fc4c4518ffd (nil)
