2017-12-15 13:24:01  /entrypoint.sh: static: does not generate config
HEALTH_WARN too few PGs per OSD (21 < min 30)
2017-12-15 13:24:01  /entrypoint.sh: static: does not generate the admin key, so we can not get it.
2017-12-15 13:24:01  /entrypoint.sh: static: make it available with the help of your configuration management system.
2017-12-15 13:24:01  /entrypoint.sh: static: ceph-ansible is a good candidate to deploy a containerized version of Ceph.
2017-12-15 13:24:01  /entrypoint.sh: static: ceph-ansible will help you fetching the keys and push them on the right nodes.
2017-12-15 13:24:01  /entrypoint.sh: static: if you're interested, please visit: https://github.com/ceph/ceph-ansible
pool 'cephfs_data' created
pool 'cephfs_metadata' created
new fs with metadata pool 2 and data pool 1
2017-12-15 13:24:04  /entrypoint.sh: SUCCESS
2017-12-15 13:24:04.313025 7fc2d11cc300  0 set uid:gid to 64045:64045 (ceph:ceph)
2017-12-15 13:24:04.313048 7fc2d11cc300  0 ceph version 9.0.0-18997-g8adf01b (8adf01b98af39502aa7fe3d10c4b19935508eaa7), process ceph-mds, pid 236
starting mds.node-4 at -
2017-12-15 13:24:04.314184 7fc2d11cc300  0 pidfile_write: ignore empty --pid-file
2017-12-15 13:24:08.549989 7fc2c9bc8700  0 mds.0.cache creating system inode with ino:1
2017-12-15 13:24:08.550287 7fc2c9bc8700  0 mds.0.cache creating system inode with ino:100
2017-12-15 13:24:08.550298 7fc2c9bc8700  0 mds.0.cache creating system inode with ino:600
2017-12-15 13:24:08.550464 7fc2c9bc8700  0 mds.0.cache creating system inode with ino:601
2017-12-15 13:24:08.550757 7fc2c9bc8700  0 mds.0.cache creating system inode with ino:602
2017-12-15 13:24:08.550861 7fc2c9bc8700  0 mds.0.cache creating system inode with ino:603
2017-12-15 13:24:08.551057 7fc2c9bc8700  0 mds.0.cache creating system inode with ino:604
2017-12-15 13:24:08.551187 7fc2c9bc8700  0 mds.0.cache creating system inode with ino:605
2017-12-15 13:24:08.551278 7fc2c9bc8700  0 mds.0.cache creating system inode with ino:606
2017-12-15 13:24:08.551389 7fc2c9bc8700  0 mds.0.cache creating system inode with ino:607
2017-12-15 13:24:08.551470 7fc2c9bc8700  0 mds.0.cache creating system inode with ino:608
2017-12-15 13:24:08.551589 7fc2c9bc8700  0 mds.0.cache creating system inode with ino:609
tcmalloc: large alloc 1593843712 bytes == 0x7fc532e00000 @  0x7fc2d01cfc4c 0x7fc2d01f044e 0x7fc2d09428c3 0x7fc2d09130c1 0x7fc2d09178a0 0x7fc2d0933dc3 0x7fc2d09343c4 0x7fc2d093859b 0x7fc2d08ba16c 0x7fc2d08c3951 0x7fc2d08c4aa5 0x7fc2d08b2593 0x7fc2d0dd97a3 0x7fc2d0c851dd 0x7fc2cffa7184 0x7fc2ce6f8ffd (nil)
