2017-12-21 03:41:27  /entrypoint.sh: static: does not generate config
HEALTH_WARN too few PGs per OSD (21 < min 30)
2017-12-21 03:41:27  /entrypoint.sh: static: does not generate the admin key, so we can not get it.
2017-12-21 03:41:27  /entrypoint.sh: static: make it available with the help of your configuration management system.
2017-12-21 03:41:27  /entrypoint.sh: static: ceph-ansible is a good candidate to deploy a containerized version of Ceph.
2017-12-21 03:41:27  /entrypoint.sh: static: ceph-ansible will help you fetching the keys and push them on the right nodes.
2017-12-21 03:41:27  /entrypoint.sh: static: if you're interested, please visit: https://github.com/ceph/ceph-ansible
pool 'cephfs_data' created
pool 'cephfs_metadata' created
new fs with metadata pool 2 and data pool 1
2017-12-21 03:41:30  /entrypoint.sh: SUCCESS
warning: line 14: 'public_network' in section 'global' redefined 
2017-12-21 03:41:30.073947 7f77f8af9300  0 set uid:gid to 64045:64045 (ceph:ceph)
2017-12-21 03:41:30.073966 7f77f8af9300  0 ceph version 9.0.0-18997-g8adf01b (8adf01b98af39502aa7fe3d10c4b19935508eaa7), process ceph-mds, pid 236
starting mds.node-4 at -
2017-12-21 03:41:30.075094 7f77f8af9300  0 pidfile_write: ignore empty --pid-file
2017-12-21 03:41:34.244429 7f77f14f5700  0 mds.0.cache creating system inode with ino:1
2017-12-21 03:41:34.244737 7f77f14f5700  0 mds.0.cache creating system inode with ino:100
2017-12-21 03:41:34.244752 7f77f14f5700  0 mds.0.cache creating system inode with ino:600
2017-12-21 03:41:34.244925 7f77f14f5700  0 mds.0.cache creating system inode with ino:601
2017-12-21 03:41:34.245038 7f77f14f5700  0 mds.0.cache creating system inode with ino:602
2017-12-21 03:41:34.245306 7f77f14f5700  0 mds.0.cache creating system inode with ino:603
2017-12-21 03:41:34.245414 7f77f14f5700  0 mds.0.cache creating system inode with ino:604
2017-12-21 03:41:34.245528 7f77f14f5700  0 mds.0.cache creating system inode with ino:605
2017-12-21 03:41:34.245619 7f77f14f5700  0 mds.0.cache creating system inode with ino:606
2017-12-21 03:41:34.245705 7f77f14f5700  0 mds.0.cache creating system inode with ino:607
2017-12-21 03:41:34.245787 7f77f14f5700  0 mds.0.cache creating system inode with ino:608
2017-12-21 03:41:34.245902 7f77f14f5700  0 mds.0.cache creating system inode with ino:609
tcmalloc: large alloc 1593843712 bytes == 0x7f78f690c000 @  0x7f77f7afcc4c 0x7f77f7b1d44e 0x7f77f826f8c3 0x7f77f83bbdb9 0x7f77f83bd918 0x7f77f83c371c 0x7f77f842baf1 0x7f77f8542656 0x7f77f78d4184 0x7f77f6025ffd (nil)
