2017-12-20 20:31:02  /entrypoint.sh: static: does not generate config
HEALTH_WARN too few PGs per OSD (21 < min 30)
2017-12-20 20:31:02  /entrypoint.sh: static: does not generate the admin key, so we can not get it.
2017-12-20 20:31:02  /entrypoint.sh: static: make it available with the help of your configuration management system.
2017-12-20 20:31:02  /entrypoint.sh: static: ceph-ansible is a good candidate to deploy a containerized version of Ceph.
2017-12-20 20:31:02  /entrypoint.sh: static: ceph-ansible will help you fetching the keys and push them on the right nodes.
2017-12-20 20:31:02  /entrypoint.sh: static: if you're interested, please visit: https://github.com/ceph/ceph-ansible
pool 'cephfs_data' created
pool 'cephfs_metadata' created
new fs with metadata pool 2 and data pool 1
2017-12-20 20:31:04  /entrypoint.sh: SUCCESS
warning: line 14: 'public_network' in section 'global' redefined 
2017-12-20 20:31:04.925846 7f6f0fb7f300  0 set uid:gid to 64045:64045 (ceph:ceph)
2017-12-20 20:31:04.925867 7f6f0fb7f300  0 ceph version 9.0.0-18997-g8adf01b (8adf01b98af39502aa7fe3d10c4b19935508eaa7), process ceph-mds, pid 236
starting mds.node-4 at -
2017-12-20 20:31:04.926984 7f6f0fb7f300  0 pidfile_write: ignore empty --pid-file
2017-12-20 20:31:09.073427 7f6f0857b700  0 mds.0.cache creating system inode with ino:1
2017-12-20 20:31:09.073711 7f6f0857b700  0 mds.0.cache creating system inode with ino:100
2017-12-20 20:31:09.073722 7f6f0857b700  0 mds.0.cache creating system inode with ino:600
2017-12-20 20:31:09.073887 7f6f0857b700  0 mds.0.cache creating system inode with ino:601
2017-12-20 20:31:09.074045 7f6f0857b700  0 mds.0.cache creating system inode with ino:602
2017-12-20 20:31:09.074343 7f6f0857b700  0 mds.0.cache creating system inode with ino:603
2017-12-20 20:31:09.074440 7f6f0857b700  0 mds.0.cache creating system inode with ino:604
2017-12-20 20:31:09.074547 7f6f0857b700  0 mds.0.cache creating system inode with ino:605
2017-12-20 20:31:09.074633 7f6f0857b700  0 mds.0.cache creating system inode with ino:606
2017-12-20 20:31:09.074717 7f6f0857b700  0 mds.0.cache creating system inode with ino:607
2017-12-20 20:31:09.074800 7f6f0857b700  0 mds.0.cache creating system inode with ino:608
2017-12-20 20:31:09.074905 7f6f0857b700  0 mds.0.cache creating system inode with ino:609
tcmalloc: large alloc 1593843712 bytes == 0x7f718ce16000 @  0x7f6f0eb82c4c 0x7f6f0eba344e 0x7f6f0f2f58c3 0x7f6f0f2c60c1 0x7f6f0f2ca8a0 0x7f6f0f2e6dc3 0x7f6f0f2e73c4 0x7f6f0f2eb59b 0x7f6f0f26d16c 0x7f6f0f276951 0x7f6f0f277aa5 0x7f6f0f265593 0x7f6f0f78c7a3 0x7f6f0f6381dd 0x7f6f0e95a184 0x7f6f0d0abffd (nil)
