2017-12-21 01:13:43  /entrypoint.sh: static: does not generate config
HEALTH_WARN too few PGs per OSD (21 < min 30)
2017-12-21 01:13:43  /entrypoint.sh: static: does not generate the admin key, so we can not get it.
2017-12-21 01:13:43  /entrypoint.sh: static: make it available with the help of your configuration management system.
2017-12-21 01:13:43  /entrypoint.sh: static: ceph-ansible is a good candidate to deploy a containerized version of Ceph.
2017-12-21 01:13:43  /entrypoint.sh: static: ceph-ansible will help you fetching the keys and push them on the right nodes.
2017-12-21 01:13:43  /entrypoint.sh: static: if you're interested, please visit: https://github.com/ceph/ceph-ansible
pool 'cephfs_data' created
pool 'cephfs_metadata' created
new fs with metadata pool 2 and data pool 1
2017-12-21 01:13:46  /entrypoint.sh: SUCCESS
warning: line 14: 'public_network' in section 'global' redefined 
2017-12-21 01:13:46.410443 7f03a3b19300  0 set uid:gid to 64045:64045 (ceph:ceph)
2017-12-21 01:13:46.410467 7f03a3b19300  0 ceph version 9.0.0-18997-g8adf01b (8adf01b98af39502aa7fe3d10c4b19935508eaa7), process ceph-mds, pid 236
starting mds.node-4 at -
2017-12-21 01:13:46.411589 7f03a3b19300  0 pidfile_write: ignore empty --pid-file
2017-12-21 01:13:50.561889 7f039c515700  0 mds.0.cache creating system inode with ino:1
2017-12-21 01:13:50.562191 7f039c515700  0 mds.0.cache creating system inode with ino:100
2017-12-21 01:13:50.562205 7f039c515700  0 mds.0.cache creating system inode with ino:600
2017-12-21 01:13:50.562384 7f039c515700  0 mds.0.cache creating system inode with ino:601
2017-12-21 01:13:50.562486 7f039c515700  0 mds.0.cache creating system inode with ino:602
2017-12-21 01:13:50.562750 7f039c515700  0 mds.0.cache creating system inode with ino:603
2017-12-21 01:13:50.562856 7f039c515700  0 mds.0.cache creating system inode with ino:604
2017-12-21 01:13:50.563013 7f039c515700  0 mds.0.cache creating system inode with ino:605
2017-12-21 01:13:50.563111 7f039c515700  0 mds.0.cache creating system inode with ino:606
2017-12-21 01:13:50.563211 7f039c515700  0 mds.0.cache creating system inode with ino:607
2017-12-21 01:13:50.563352 7f039c515700  0 mds.0.cache creating system inode with ino:608
2017-12-21 01:13:50.563473 7f039c515700  0 mds.0.cache creating system inode with ino:609
tcmalloc: large alloc 1593843712 bytes == 0x7f047dcba000 @  0x7f03a2b1cc4c 0x7f03a2b3d44e 0x7f03a328f8c3 0x7f03a33dbdb9 0x7f03a33dd918 0x7f03a33e371c 0x7f03a344baf1 0x7f03a3562656 0x7f03a28f4184 0x7f03a1045ffd (nil)
