2017-12-21 05:28:36  /entrypoint.sh: static: does not generate config
HEALTH_WARN too few PGs per OSD (21 < min 30)
2017-12-21 05:28:36  /entrypoint.sh: static: does not generate the admin key, so we can not get it.
2017-12-21 05:28:36  /entrypoint.sh: static: make it available with the help of your configuration management system.
2017-12-21 05:28:36  /entrypoint.sh: static: ceph-ansible is a good candidate to deploy a containerized version of Ceph.
2017-12-21 05:28:36  /entrypoint.sh: static: ceph-ansible will help you fetching the keys and push them on the right nodes.
2017-12-21 05:28:36  /entrypoint.sh: static: if you're interested, please visit: https://github.com/ceph/ceph-ansible
pool 'cephfs_data' created
pool 'cephfs_metadata' created
new fs with metadata pool 2 and data pool 1
2017-12-21 05:28:39  /entrypoint.sh: SUCCESS
warning: line 14: 'public_network' in section 'global' redefined 
2017-12-21 05:28:39.135502 7fe1750cd300  0 set uid:gid to 64045:64045 (ceph:ceph)
2017-12-21 05:28:39.135524 7fe1750cd300  0 ceph version 9.0.0-18997-g8adf01b (8adf01b98af39502aa7fe3d10c4b19935508eaa7), process ceph-mds, pid 236
starting mds.node-4 at -
2017-12-21 05:28:39.136738 7fe1750cd300  0 pidfile_write: ignore empty --pid-file
2017-12-21 05:28:43.284214 7fe16dac9700  0 mds.0.cache creating system inode with ino:1
2017-12-21 05:28:43.284562 7fe16dac9700  0 mds.0.cache creating system inode with ino:100
2017-12-21 05:28:43.284575 7fe16dac9700  0 mds.0.cache creating system inode with ino:600
2017-12-21 05:28:43.284795 7fe16dac9700  0 mds.0.cache creating system inode with ino:601
2017-12-21 05:28:43.284942 7fe16dac9700  0 mds.0.cache creating system inode with ino:602
2017-12-21 05:28:43.285271 7fe16dac9700  0 mds.0.cache creating system inode with ino:603
2017-12-21 05:28:43.285370 7fe16dac9700  0 mds.0.cache creating system inode with ino:604
2017-12-21 05:28:43.285500 7fe16dac9700  0 mds.0.cache creating system inode with ino:605
2017-12-21 05:28:43.285593 7fe16dac9700  0 mds.0.cache creating system inode with ino:606
2017-12-21 05:28:43.285714 7fe16dac9700  0 mds.0.cache creating system inode with ino:607
2017-12-21 05:28:43.285803 7fe16dac9700  0 mds.0.cache creating system inode with ino:608
2017-12-21 05:28:43.285947 7fe16dac9700  0 mds.0.cache creating system inode with ino:609
tcmalloc: large alloc 1593843712 bytes == 0x7fe3f275a000 @  0x7fe1740d0c4c 0x7fe1740f144e 0x7fe1748438c3 0x7fe1748140c1 0x7fe1748188a0 0x7fe174834dc3 0x7fe1748353c4 0x7fe17483959b 0x7fe1747bb16c 0x7fe1747c4951 0x7fe1747c5aa5 0x7fe1747b3593 0x7fe174cda7a3 0x7fe174b861dd 0x7fe173ea8184 0x7fe1725f9ffd (nil)
tcmalloc: large alloc 3187679232 bytes == 0x7fe665198000 @  0x7fe1740d0c4c 0x7fe1740f144e 0x7fe1748438c3 0x7fe1748140c1 0x7fe1748188a0 0x7fe174834dc3 0x7fe1748353c4 0x7fe17483959b 0x7fe1747bb16c 0x7fe1747c4951 0x7fe1747c5aa5 0x7fe1747b3593 0x7fe174cda7a3 0x7fe174b861dd 0x7fe173ea8184 0x7fe1725f9ffd (nil)
