2017-12-21 17:45:56  /entrypoint.sh: static: does not generate config
HEALTH_WARN too few PGs per OSD (21 < min 30)
2017-12-21 17:45:57  /entrypoint.sh: static: does not generate the admin key, so we can not get it.
2017-12-21 17:45:57  /entrypoint.sh: static: make it available with the help of your configuration management system.
2017-12-21 17:45:57  /entrypoint.sh: static: ceph-ansible is a good candidate to deploy a containerized version of Ceph.
2017-12-21 17:45:57  /entrypoint.sh: static: ceph-ansible will help you fetching the keys and push them on the right nodes.
2017-12-21 17:45:57  /entrypoint.sh: static: if you're interested, please visit: https://github.com/ceph/ceph-ansible
pool 'cephfs_data' created
pool 'cephfs_metadata' created
new fs with metadata pool 2 and data pool 1
2017-12-21 17:45:59  /entrypoint.sh: SUCCESS
warning: line 14: 'public_network' in section 'global' redefined 
2017-12-21 17:45:59.516144 7fcd69b3d300  0 set uid:gid to 64045:64045 (ceph:ceph)
2017-12-21 17:45:59.516166 7fcd69b3d300  0 ceph version 9.0.0-18997-g8adf01b (8adf01b98af39502aa7fe3d10c4b19935508eaa7), process ceph-mds, pid 236
starting mds.node-4 at -
2017-12-21 17:45:59.517309 7fcd69b3d300  0 pidfile_write: ignore empty --pid-file
2017-12-21 17:46:03.665041 7fcd62539700  0 mds.0.cache creating system inode with ino:1
2017-12-21 17:46:03.665346 7fcd62539700  0 mds.0.cache creating system inode with ino:100
2017-12-21 17:46:03.665358 7fcd62539700  0 mds.0.cache creating system inode with ino:600
2017-12-21 17:46:03.665530 7fcd62539700  0 mds.0.cache creating system inode with ino:601
2017-12-21 17:46:03.665625 7fcd62539700  0 mds.0.cache creating system inode with ino:602
2017-12-21 17:46:03.665894 7fcd62539700  0 mds.0.cache creating system inode with ino:603
2017-12-21 17:46:03.665988 7fcd62539700  0 mds.0.cache creating system inode with ino:604
2017-12-21 17:46:03.666098 7fcd62539700  0 mds.0.cache creating system inode with ino:605
2017-12-21 17:46:03.666190 7fcd62539700  0 mds.0.cache creating system inode with ino:606
2017-12-21 17:46:03.666277 7fcd62539700  0 mds.0.cache creating system inode with ino:607
2017-12-21 17:46:03.666365 7fcd62539700  0 mds.0.cache creating system inode with ino:608
2017-12-21 17:46:03.666488 7fcd62539700  0 mds.0.cache creating system inode with ino:609
tcmalloc: large alloc 1593843712 bytes == 0x7fcfea5c4000 @  0x7fcd68b40c4c 0x7fcd68b6144e 0x7fcd692b38c3 0x7fcd692840c1 0x7fcd692888a0 0x7fcd692a4dc3 0x7fcd692a53c4 0x7fcd692a959b 0x7fcd6922b16c 0x7fcd69234951 0x7fcd69235aa5 0x7fcd69223593 0x7fcd6974a7a3 0x7fcd695f61dd 0x7fcd68918184 0x7fcd67069ffd (nil)
tcmalloc: large alloc 3187679232 bytes == 0x7fd25f7c2000 @  0x7fcd68b40c4c 0x7fcd68b6144e 0x7fcd692b38c3 0x7fcd692840c1 0x7fcd692888a0 0x7fcd692a4dc3 0x7fcd692a53c4 0x7fcd692a959b 0x7fcd6922b16c 0x7fcd69234951 0x7fcd69235aa5 0x7fcd69223593 0x7fcd6974a7a3 0x7fcd695f61dd 0x7fcd68918184 0x7fcd67069ffd (nil)
