2017-12-15 20:30:25  /entrypoint.sh: static: does not generate config
HEALTH_WARN too few PGs per OSD (21 < min 30)
2017-12-15 20:30:26  /entrypoint.sh: static: does not generate the admin key, so we can not get it.
2017-12-15 20:30:26  /entrypoint.sh: static: make it available with the help of your configuration management system.
2017-12-15 20:30:26  /entrypoint.sh: static: ceph-ansible is a good candidate to deploy a containerized version of Ceph.
2017-12-15 20:30:26  /entrypoint.sh: static: ceph-ansible will help you fetching the keys and push them on the right nodes.
2017-12-15 20:30:26  /entrypoint.sh: static: if you're interested, please visit: https://github.com/ceph/ceph-ansible
pool 'cephfs_data' created
pool 'cephfs_metadata' created
new fs with metadata pool 2 and data pool 1
2017-12-15 20:30:28  /entrypoint.sh: SUCCESS
2017-12-15 20:30:28.601750 7faa50a20300  0 set uid:gid to 64045:64045 (ceph:ceph)
2017-12-15 20:30:28.601771 7faa50a20300  0 ceph version 9.0.0-18997-g8adf01b (8adf01b98af39502aa7fe3d10c4b19935508eaa7), process ceph-mds, pid 236
starting mds.node-4 at -
2017-12-15 20:30:28.603645 7faa50a20300  0 pidfile_write: ignore empty --pid-file
2017-12-15 20:30:32.758154 7faa4941c700  0 mds.0.cache creating system inode with ino:1
2017-12-15 20:30:32.758446 7faa4941c700  0 mds.0.cache creating system inode with ino:100
2017-12-15 20:30:32.758458 7faa4941c700  0 mds.0.cache creating system inode with ino:600
2017-12-15 20:30:32.758632 7faa4941c700  0 mds.0.cache creating system inode with ino:601
2017-12-15 20:30:32.758915 7faa4941c700  0 mds.0.cache creating system inode with ino:602
2017-12-15 20:30:32.759065 7faa4941c700  0 mds.0.cache creating system inode with ino:603
2017-12-15 20:30:32.759161 7faa4941c700  0 mds.0.cache creating system inode with ino:604
2017-12-15 20:30:32.759282 7faa4941c700  0 mds.0.cache creating system inode with ino:605
2017-12-15 20:30:32.759371 7faa4941c700  0 mds.0.cache creating system inode with ino:606
2017-12-15 20:30:32.759489 7faa4941c700  0 mds.0.cache creating system inode with ino:607
2017-12-15 20:30:32.759574 7faa4941c700  0 mds.0.cache creating system inode with ino:608
2017-12-15 20:30:32.759686 7faa4941c700  0 mds.0.cache creating system inode with ino:609
tcmalloc: large alloc 1593843712 bytes == 0x7faccc66e000 @  0x7faa4fa23c4c 0x7faa4fa4444e 0x7faa501968c3 0x7faa501670c1 0x7faa5016b8a0 0x7faa50187dc3 0x7faa501883c4 0x7faa5018c59b 0x7faa5010e16c 0x7faa50117951 0x7faa50118aa5 0x7faa50106593 0x7faa5062d7a3 0x7faa504d91dd 0x7faa4f7fb184 0x7faa4df4cffd (nil)
tcmalloc: large alloc 3187679232 bytes == 0x7faf3e410000 @  0x7faa4fa23c4c 0x7faa4fa4444e 0x7faa501968c3 0x7faa501670c1 0x7faa5016b8a0 0x7faa50187dc3 0x7faa501883c4 0x7faa5018c59b 0x7faa5010e16c 0x7faa50117951 0x7faa50118aa5 0x7faa50106593 0x7faa5062d7a3 0x7faa504d91dd 0x7faa4f7fb184 0x7faa4df4cffd (nil)
tcmalloc: large alloc 1677729792 bytes == 0x7fb3b9876000 @  0x7faa4fa23c4c 0x7faa4fa4444e 0x7faa501968c3 0x7faa502d66bc 0x7faa501e9830 0x7faa50152d4c 0x7faa5015385d 0x7faa50187ec3 0x7faa501883c4 0x7faa5018c59b 0x7faa5010e16c 0x7faa50117951 0x7faa50118aa5 0x7faa50106593 0x7faa5062d7a3 0x7faa504d91dd 0x7faa4f7fb184 0x7faa4df4cffd (nil)
tcmalloc: large alloc 6375350272 bytes == 0x7fb41e104000 @  0x7faa4fa23c4c 0x7faa4fa4444e 0x7faa501968c3 0x7faa501670c1 0x7faa5016b8a0 0x7faa50187dc3 0x7faa501883c4 0x7faa5018c59b 0x7faa5010e16c 0x7faa50117951 0x7faa50118aa5 0x7faa50106593 0x7faa5062d7a3 0x7faa504d91dd 0x7faa4f7fb184 0x7faa4df4cffd (nil)
