2017-12-16 23:58:44  /entrypoint.sh: static: does not generate config
HEALTH_WARN too few PGs per OSD (21 < min 30)
2017-12-16 23:58:45  /entrypoint.sh: static: does not generate the admin key, so we can not get it.
2017-12-16 23:58:45  /entrypoint.sh: static: make it available with the help of your configuration management system.
2017-12-16 23:58:45  /entrypoint.sh: static: ceph-ansible is a good candidate to deploy a containerized version of Ceph.
2017-12-16 23:58:45  /entrypoint.sh: static: ceph-ansible will help you fetching the keys and push them on the right nodes.
2017-12-16 23:58:45  /entrypoint.sh: static: if you're interested, please visit: https://github.com/ceph/ceph-ansible
pool 'cephfs_data' created
pool 'cephfs_metadata' created
new fs with metadata pool 2 and data pool 1
2017-12-16 23:58:47  /entrypoint.sh: SUCCESS
2017-12-16 23:58:47.817187 7f04d07a8300  0 set uid:gid to 64045:64045 (ceph:ceph)
2017-12-16 23:58:47.817209 7f04d07a8300  0 ceph version 9.0.0-18997-g8adf01b (8adf01b98af39502aa7fe3d10c4b19935508eaa7), process ceph-mds, pid 236
starting mds.node-4 at -
2017-12-16 23:58:47.819129 7f04d07a8300  0 pidfile_write: ignore empty --pid-file
2017-12-16 23:58:51.967169 7f04c91a4700  0 mds.0.cache creating system inode with ino:1
2017-12-16 23:58:51.967463 7f04c91a4700  0 mds.0.cache creating system inode with ino:100
2017-12-16 23:58:51.967475 7f04c91a4700  0 mds.0.cache creating system inode with ino:600
2017-12-16 23:58:51.967652 7f04c91a4700  0 mds.0.cache creating system inode with ino:601
2017-12-16 23:58:51.967745 7f04c91a4700  0 mds.0.cache creating system inode with ino:602
2017-12-16 23:58:51.967988 7f04c91a4700  0 mds.0.cache creating system inode with ino:603
2017-12-16 23:58:51.968119 7f04c91a4700  0 mds.0.cache creating system inode with ino:604
2017-12-16 23:58:51.968247 7f04c91a4700  0 mds.0.cache creating system inode with ino:605
2017-12-16 23:58:51.968338 7f04c91a4700  0 mds.0.cache creating system inode with ino:606
2017-12-16 23:58:51.968438 7f04c91a4700  0 mds.0.cache creating system inode with ino:607
2017-12-16 23:58:51.968523 7f04c91a4700  0 mds.0.cache creating system inode with ino:608
2017-12-16 23:58:51.968635 7f04c91a4700  0 mds.0.cache creating system inode with ino:609
tcmalloc: large alloc 1593843712 bytes == 0x7f073324e000 @  0x7f04cf7abc4c 0x7f04cf7cc44e 0x7f04cff1e8c3 0x7f04cfeef0c1 0x7f04cfef38a0 0x7f04cff0fdc3 0x7f04cff103c4 0x7f04cff1459b 0x7f04cfe9616c 0x7f04cfe9f951 0x7f04cfea0aa5 0x7f04cfe8e593 0x7f04d03b57a3 0x7f04d02611dd 0x7f04cf583184 0x7f04cdcd4ffd (nil)
tcmalloc: large alloc 3187679232 bytes == 0x7f09bc97a000 @  0x7f04cf7abc4c 0x7f04cf7cc44e 0x7f04cff1e8c3 0x7f04cfeef0c1 0x7f04cfef38a0 0x7f04cff0fdc3 0x7f04cff103c4 0x7f04cff1459b 0x7f04cfe9616c 0x7f04cfe9f951 0x7f04cfea0aa5 0x7f04cfe8e593 0x7f04d03b57a3 0x7f04d02611dd 0x7f04cf583184 0x7f04cdcd4ffd (nil)
