2017-12-15 15:39:46  /entrypoint.sh: static: does not generate config
HEALTH_WARN too few PGs per OSD (21 < min 30)
2017-12-15 15:39:46  /entrypoint.sh: static: does not generate the admin key, so we can not get it.
2017-12-15 15:39:46  /entrypoint.sh: static: make it available with the help of your configuration management system.
2017-12-15 15:39:46  /entrypoint.sh: static: ceph-ansible is a good candidate to deploy a containerized version of Ceph.
2017-12-15 15:39:46  /entrypoint.sh: static: ceph-ansible will help you fetching the keys and push them on the right nodes.
2017-12-15 15:39:46  /entrypoint.sh: static: if you're interested, please visit: https://github.com/ceph/ceph-ansible
pool 'cephfs_data' created
pool 'cephfs_metadata' created
new fs with metadata pool 2 and data pool 1
2017-12-15 15:39:49  /entrypoint.sh: SUCCESS
2017-12-15 15:39:49.205425 7f7ac8e17300  0 set uid:gid to 64045:64045 (ceph:ceph)
2017-12-15 15:39:49.205446 7f7ac8e17300  0 ceph version 9.0.0-18997-g8adf01b (8adf01b98af39502aa7fe3d10c4b19935508eaa7), process ceph-mds, pid 236
starting mds.node-4 at -
2017-12-15 15:39:49.207432 7f7ac8e17300  0 pidfile_write: ignore empty --pid-file
2017-12-15 15:39:53.388158 7f7ac1813700  0 mds.0.cache creating system inode with ino:1
2017-12-15 15:39:53.388446 7f7ac1813700  0 mds.0.cache creating system inode with ino:100
2017-12-15 15:39:53.388458 7f7ac1813700  0 mds.0.cache creating system inode with ino:600
2017-12-15 15:39:53.388646 7f7ac1813700  0 mds.0.cache creating system inode with ino:601
2017-12-15 15:39:53.388909 7f7ac1813700  0 mds.0.cache creating system inode with ino:602
2017-12-15 15:39:53.388999 7f7ac1813700  0 mds.0.cache creating system inode with ino:603
2017-12-15 15:39:53.389098 7f7ac1813700  0 mds.0.cache creating system inode with ino:604
2017-12-15 15:39:53.389223 7f7ac1813700  0 mds.0.cache creating system inode with ino:605
2017-12-15 15:39:53.389317 7f7ac1813700  0 mds.0.cache creating system inode with ino:606
2017-12-15 15:39:53.389434 7f7ac1813700  0 mds.0.cache creating system inode with ino:607
2017-12-15 15:39:53.389545 7f7ac1813700  0 mds.0.cache creating system inode with ino:608
2017-12-15 15:39:53.389694 7f7ac1813700  0 mds.0.cache creating system inode with ino:609
tcmalloc: large alloc 1593843712 bytes == 0x7f7d2b5da000 @  0x7f7ac7e1ac4c 0x7f7ac7e3b44e 0x7f7ac858d8c3 0x7f7ac855e0c1 0x7f7ac85628a0 0x7f7ac857edc3 0x7f7ac857f3c4 0x7f7ac858359b 0x7f7ac850516c 0x7f7ac850e951 0x7f7ac850faa5 0x7f7ac84fd593 0x7f7ac8a247a3 0x7f7ac88d01dd 0x7f7ac7bf2184 0x7f7ac6343ffd (nil)
tcmalloc: large alloc 3187679232 bytes == 0x7f7f80726000 @  0x7f7ac7e1ac4c 0x7f7ac7e3b44e 0x7f7ac858d8c3 0x7f7ac855e0c1 0x7f7ac85628a0 0x7f7ac857edc3 0x7f7ac857f3c4 0x7f7ac858359b 0x7f7ac850516c 0x7f7ac850e951 0x7f7ac850faa5 0x7f7ac84fd593 0x7f7ac8a247a3 0x7f7ac88d01dd 0x7f7ac7bf2184 0x7f7ac6343ffd (nil)
