2017-12-21 18:30:41  /entrypoint.sh: static: does not generate config
HEALTH_WARN too few PGs per OSD (21 < min 30)
2017-12-21 18:30:42  /entrypoint.sh: static: does not generate the admin key, so we can not get it.
2017-12-21 18:30:42  /entrypoint.sh: static: make it available with the help of your configuration management system.
2017-12-21 18:30:42  /entrypoint.sh: static: ceph-ansible is a good candidate to deploy a containerized version of Ceph.
2017-12-21 18:30:42  /entrypoint.sh: static: ceph-ansible will help you fetching the keys and push them on the right nodes.
2017-12-21 18:30:42  /entrypoint.sh: static: if you're interested, please visit: https://github.com/ceph/ceph-ansible
pool 'cephfs_data' created
pool 'cephfs_metadata' created
new fs with metadata pool 2 and data pool 1
2017-12-21 18:30:44  /entrypoint.sh: SUCCESS
warning: line 14: 'public_network' in section 'global' redefined 
2017-12-21 18:30:44.662745 7f25a2d62300  0 set uid:gid to 64045:64045 (ceph:ceph)
2017-12-21 18:30:44.662766 7f25a2d62300  0 ceph version 9.0.0-18997-g8adf01b (8adf01b98af39502aa7fe3d10c4b19935508eaa7), process ceph-mds, pid 236
starting mds.node-4 at -
2017-12-21 18:30:44.664545 7f25a2d62300  0 pidfile_write: ignore empty --pid-file
2017-12-21 18:30:48.818829 7f259b75e700  0 mds.0.cache creating system inode with ino:1
2017-12-21 18:30:48.819124 7f259b75e700  0 mds.0.cache creating system inode with ino:100
2017-12-21 18:30:48.819137 7f259b75e700  0 mds.0.cache creating system inode with ino:600
2017-12-21 18:30:48.819339 7f259b75e700  0 mds.0.cache creating system inode with ino:601
2017-12-21 18:30:48.819442 7f259b75e700  0 mds.0.cache creating system inode with ino:602
2017-12-21 18:30:48.819714 7f259b75e700  0 mds.0.cache creating system inode with ino:603
2017-12-21 18:30:48.819807 7f259b75e700  0 mds.0.cache creating system inode with ino:604
2017-12-21 18:30:48.819930 7f259b75e700  0 mds.0.cache creating system inode with ino:605
2017-12-21 18:30:48.820057 7f259b75e700  0 mds.0.cache creating system inode with ino:606
2017-12-21 18:30:48.820149 7f259b75e700  0 mds.0.cache creating system inode with ino:607
2017-12-21 18:30:48.820241 7f259b75e700  0 mds.0.cache creating system inode with ino:608
2017-12-21 18:30:48.820416 7f259b75e700  0 mds.0.cache creating system inode with ino:609
tcmalloc: large alloc 1593843712 bytes == 0x7f26919a8000 @  0x7f25a1d65c4c 0x7f25a1d8644e 0x7f25a24d88c3 0x7f25a24a90c1 0x7f25a24ad8a0 0x7f25a24c9dc3 0x7f25a24ca3c4 0x7f25a24ce59b 0x7f25a245016c 0x7f25a2459951 0x7f25a245aaa5 0x7f25a2448593 0x7f25a296f7a3 0x7f25a281b1dd 0x7f25a1b3d184 0x7f25a028effd (nil)
tcmalloc: large alloc 3187679232 bytes == 0x7f27931f8000 @  0x7f25a1d65c4c 0x7f25a1d8644e 0x7f25a24d88c3 0x7f25a24a90c1 0x7f25a24ad8a0 0x7f25a24c9dc3 0x7f25a24ca3c4 0x7f25a24ce59b 0x7f25a245016c 0x7f25a2459951 0x7f25a245aaa5 0x7f25a2448593 0x7f25a296f7a3 0x7f25a281b1dd 0x7f25a1b3d184 0x7f25a028effd (nil)
