2017-12-20 22:09:37  /entrypoint.sh: static: does not generate config
HEALTH_WARN too few PGs per OSD (21 < min 30)
2017-12-20 22:09:37  /entrypoint.sh: static: does not generate the admin key, so we can not get it.
2017-12-20 22:09:37  /entrypoint.sh: static: make it available with the help of your configuration management system.
2017-12-20 22:09:37  /entrypoint.sh: static: ceph-ansible is a good candidate to deploy a containerized version of Ceph.
2017-12-20 22:09:37  /entrypoint.sh: static: ceph-ansible will help you fetching the keys and push them on the right nodes.
2017-12-20 22:09:37  /entrypoint.sh: static: if you're interested, please visit: https://github.com/ceph/ceph-ansible
pool 'cephfs_data' created
pool 'cephfs_metadata' created
new fs with metadata pool 2 and data pool 1
2017-12-20 22:09:40  /entrypoint.sh: SUCCESS
warning: line 14: 'public_network' in section 'global' redefined 
2017-12-20 22:09:40.379876 7fb815531300  0 set uid:gid to 64045:64045 (ceph:ceph)
2017-12-20 22:09:40.379898 7fb815531300  0 ceph version 9.0.0-18997-g8adf01b (8adf01b98af39502aa7fe3d10c4b19935508eaa7), process ceph-mds, pid 236
starting mds.node-4 at -
2017-12-20 22:09:40.381114 7fb815531300  0 pidfile_write: ignore empty --pid-file
2017-12-20 22:09:44.534322 7fb80df2d700  0 mds.0.cache creating system inode with ino:1
2017-12-20 22:09:44.534587 7fb80df2d700  0 mds.0.cache creating system inode with ino:100
2017-12-20 22:09:44.534600 7fb80df2d700  0 mds.0.cache creating system inode with ino:600
2017-12-20 22:09:44.534804 7fb80df2d700  0 mds.0.cache creating system inode with ino:601
2017-12-20 22:09:44.534975 7fb80df2d700  0 mds.0.cache creating system inode with ino:602
2017-12-20 22:09:44.535292 7fb80df2d700  0 mds.0.cache creating system inode with ino:603
2017-12-20 22:09:44.535462 7fb80df2d700  0 mds.0.cache creating system inode with ino:604
2017-12-20 22:09:44.535672 7fb80df2d700  0 mds.0.cache creating system inode with ino:605
2017-12-20 22:09:44.535857 7fb80df2d700  0 mds.0.cache creating system inode with ino:606
2017-12-20 22:09:44.536014 7fb80df2d700  0 mds.0.cache creating system inode with ino:607
2017-12-20 22:09:44.536149 7fb80df2d700  0 mds.0.cache creating system inode with ino:608
2017-12-20 22:09:44.536345 7fb80df2d700  0 mds.0.cache creating system inode with ino:609
tcmalloc: large alloc 1593843712 bytes == 0x7fb915148000 @  0x7fb814534c4c 0x7fb81455544e 0x7fb814ca78c3 0x7fb814c780c1 0x7fb814c7c8a0 0x7fb814c98dc3 0x7fb814c993c4 0x7fb814c9d59b 0x7fb814c1f16c 0x7fb814c28951 0x7fb814c29aa5 0x7fb814c17593 0x7fb81513e7a3 0x7fb814fea1dd 0x7fb81430c184 0x7fb812a5dffd (nil)
