2017-12-17 05:41:18  /entrypoint.sh: static: does not generate config
HEALTH_WARN too few PGs per OSD (21 < min 30)
2017-12-17 05:41:18  /entrypoint.sh: static: does not generate the admin key, so we can not get it.
2017-12-17 05:41:18  /entrypoint.sh: static: make it available with the help of your configuration management system.
2017-12-17 05:41:18  /entrypoint.sh: static: ceph-ansible is a good candidate to deploy a containerized version of Ceph.
2017-12-17 05:41:18  /entrypoint.sh: static: ceph-ansible will help you fetching the keys and push them on the right nodes.
2017-12-17 05:41:18  /entrypoint.sh: static: if you're interested, please visit: https://github.com/ceph/ceph-ansible
pool 'cephfs_data' created
pool 'cephfs_metadata' created
new fs with metadata pool 2 and data pool 1
2017-12-17 05:41:21  /entrypoint.sh: SUCCESS
2017-12-17 05:41:21.131096 7fd898a27300  0 set uid:gid to 64045:64045 (ceph:ceph)
2017-12-17 05:41:21.131116 7fd898a27300  0 ceph version 9.0.0-18997-g8adf01b (8adf01b98af39502aa7fe3d10c4b19935508eaa7), process ceph-mds, pid 236
starting mds.node-4 at -
2017-12-17 05:41:21.132140 7fd898a27300  0 pidfile_write: ignore empty --pid-file
2017-12-17 05:41:25.266030 7fd891423700  0 mds.0.cache creating system inode with ino:1
2017-12-17 05:41:25.266327 7fd891423700  0 mds.0.cache creating system inode with ino:100
2017-12-17 05:41:25.266339 7fd891423700  0 mds.0.cache creating system inode with ino:600
2017-12-17 05:41:25.266513 7fd891423700  0 mds.0.cache creating system inode with ino:601
2017-12-17 05:41:25.266805 7fd891423700  0 mds.0.cache creating system inode with ino:602
2017-12-17 05:41:25.266908 7fd891423700  0 mds.0.cache creating system inode with ino:603
2017-12-17 05:41:25.267014 7fd891423700  0 mds.0.cache creating system inode with ino:604
2017-12-17 05:41:25.267161 7fd891423700  0 mds.0.cache creating system inode with ino:605
2017-12-17 05:41:25.267270 7fd891423700  0 mds.0.cache creating system inode with ino:606
2017-12-17 05:41:25.267379 7fd891423700  0 mds.0.cache creating system inode with ino:607
2017-12-17 05:41:25.267468 7fd891423700  0 mds.0.cache creating system inode with ino:608
2017-12-17 05:41:25.267613 7fd891423700  0 mds.0.cache creating system inode with ino:609
tcmalloc: large alloc 1593843712 bytes == 0x7fdb1433a000 @  0x7fd897a2ac4c 0x7fd897a4b44e 0x7fd89819d8c3 0x7fd89816e0c1 0x7fd8981728a0 0x7fd89818edc3 0x7fd89818f3c4 0x7fd89819359b 0x7fd89811516c 0x7fd89811e951 0x7fd89811faa5 0x7fd89810d593 0x7fd8986347a3 0x7fd8984e01dd 0x7fd897802184 0x7fd895f53ffd (nil)
tcmalloc: large alloc 3187679232 bytes == 0x7fdd84940000 @  0x7fd897a2ac4c 0x7fd897a4b44e 0x7fd89819d8c3 0x7fd89816e0c1 0x7fd8981728a0 0x7fd89818edc3 0x7fd89818f3c4 0x7fd89819359b 0x7fd89811516c 0x7fd89811e951 0x7fd89811faa5 0x7fd89810d593 0x7fd8986347a3 0x7fd8984e01dd 0x7fd897802184 0x7fd895f53ffd (nil)
tcmalloc: large alloc 1677729792 bytes == 0x7fe2015cc000 @  0x7fd897a2ac4c 0x7fd897a4b44e 0x7fd89819d8c3 0x7fd8982dd6bc 0x7fd8981f0830 0x7fd898159d4c 0x7fd89815a85d 0x7fd89818eec3 0x7fd89818f3c4 0x7fd89819359b 0x7fd89811516c 0x7fd89811e951 0x7fd89811faa5 0x7fd89810d593 0x7fd8986347a3 0x7fd8984e01dd 0x7fd897802184 0x7fd895f53ffd (nil)
tcmalloc: large alloc 6375350272 bytes == 0x7fe2665e0000 @  0x7fd897a2ac4c 0x7fd897a4b44e 0x7fd89819d8c3 0x7fd89816e0c1 0x7fd8981728a0 0x7fd89818edc3 0x7fd89818f3c4 0x7fd89819359b 0x7fd89811516c 0x7fd89811e951 0x7fd89811faa5 0x7fd89810d593 0x7fd8986347a3 0x7fd8984e01dd 0x7fd897802184 0x7fd895f53ffd (nil)
