2017-12-21 13:06:07  /entrypoint.sh: static: does not generate config
HEALTH_WARN too few PGs per OSD (21 < min 30)
2017-12-21 13:06:07  /entrypoint.sh: static: does not generate the admin key, so we can not get it.
2017-12-21 13:06:07  /entrypoint.sh: static: make it available with the help of your configuration management system.
2017-12-21 13:06:07  /entrypoint.sh: static: ceph-ansible is a good candidate to deploy a containerized version of Ceph.
2017-12-21 13:06:07  /entrypoint.sh: static: ceph-ansible will help you fetching the keys and push them on the right nodes.
2017-12-21 13:06:07  /entrypoint.sh: static: if you're interested, please visit: https://github.com/ceph/ceph-ansible
pool 'cephfs_data' created
pool 'cephfs_metadata' created
new fs with metadata pool 2 and data pool 1
2017-12-21 13:06:10  /entrypoint.sh: SUCCESS
warning: line 14: 'public_network' in section 'global' redefined 
2017-12-21 13:06:10.033953 7fa480935300  0 set uid:gid to 64045:64045 (ceph:ceph)
2017-12-21 13:06:10.033975 7fa480935300  0 ceph version 9.0.0-18997-g8adf01b (8adf01b98af39502aa7fe3d10c4b19935508eaa7), process ceph-mds, pid 236
starting mds.node-4 at -
2017-12-21 13:06:10.035174 7fa480935300  0 pidfile_write: ignore empty --pid-file
2017-12-21 13:06:14.198811 7fa479331700  0 mds.0.cache creating system inode with ino:1
2017-12-21 13:06:14.199104 7fa479331700  0 mds.0.cache creating system inode with ino:100
2017-12-21 13:06:14.199115 7fa479331700  0 mds.0.cache creating system inode with ino:600
2017-12-21 13:06:14.199295 7fa479331700  0 mds.0.cache creating system inode with ino:601
2017-12-21 13:06:14.199408 7fa479331700  0 mds.0.cache creating system inode with ino:602
2017-12-21 13:06:14.199742 7fa479331700  0 mds.0.cache creating system inode with ino:603
2017-12-21 13:06:14.199844 7fa479331700  0 mds.0.cache creating system inode with ino:604
2017-12-21 13:06:14.199977 7fa479331700  0 mds.0.cache creating system inode with ino:605
2017-12-21 13:06:14.200112 7fa479331700  0 mds.0.cache creating system inode with ino:606
2017-12-21 13:06:14.200227 7fa479331700  0 mds.0.cache creating system inode with ino:607
2017-12-21 13:06:14.200372 7fa479331700  0 mds.0.cache creating system inode with ino:608
2017-12-21 13:06:14.200519 7fa479331700  0 mds.0.cache creating system inode with ino:609
tcmalloc: large alloc 1593843712 bytes == 0x7fa700714000 @  0x7fa47f938c4c 0x7fa47f95944e 0x7fa4800ab8c3 0x7fa48007c0c1 0x7fa4800808a0 0x7fa48009cdc3 0x7fa48009d3c4 0x7fa4800a159b 0x7fa48002316c 0x7fa48002c951 0x7fa48002daa5 0x7fa48001b593 0x7fa4805427a3 0x7fa4803ee1dd 0x7fa47f710184 0x7fa47de61ffd (nil)
tcmalloc: large alloc 3187679232 bytes == 0x7fa974e06000 @  0x7fa47f938c4c 0x7fa47f95944e 0x7fa4800ab8c3 0x7fa48007c0c1 0x7fa4800808a0 0x7fa48009cdc3 0x7fa48009d3c4 0x7fa4800a159b 0x7fa48002316c 0x7fa48002c951 0x7fa48002daa5 0x7fa48001b593 0x7fa4805427a3 0x7fa4803ee1dd 0x7fa47f710184 0x7fa47de61ffd (nil)
