2017-12-21 04:33:08  /entrypoint.sh: static: does not generate config
HEALTH_WARN too few PGs per OSD (21 < min 30)
2017-12-21 04:33:08  /entrypoint.sh: static: does not generate the admin key, so we can not get it.
2017-12-21 04:33:08  /entrypoint.sh: static: make it available with the help of your configuration management system.
2017-12-21 04:33:08  /entrypoint.sh: static: ceph-ansible is a good candidate to deploy a containerized version of Ceph.
2017-12-21 04:33:08  /entrypoint.sh: static: ceph-ansible will help you fetching the keys and push them on the right nodes.
2017-12-21 04:33:08  /entrypoint.sh: static: if you're interested, please visit: https://github.com/ceph/ceph-ansible
pool 'cephfs_data' created
pool 'cephfs_metadata' created
new fs with metadata pool 2 and data pool 1
2017-12-21 04:33:11  /entrypoint.sh: SUCCESS
warning: line 14: 'public_network' in section 'global' redefined 
2017-12-21 04:33:11.138900 7f06c24cf300  0 set uid:gid to 64045:64045 (ceph:ceph)
2017-12-21 04:33:11.138921 7f06c24cf300  0 ceph version 9.0.0-18997-g8adf01b (8adf01b98af39502aa7fe3d10c4b19935508eaa7), process ceph-mds, pid 236
starting mds.node-4 at -
2017-12-21 04:33:11.140728 7f06c24cf300  0 pidfile_write: ignore empty --pid-file
2017-12-21 04:33:15.264667 7f06baecb700  0 mds.0.cache creating system inode with ino:1
2017-12-21 04:33:15.264948 7f06baecb700  0 mds.0.cache creating system inode with ino:100
2017-12-21 04:33:15.264962 7f06baecb700  0 mds.0.cache creating system inode with ino:600
2017-12-21 04:33:15.265122 7f06baecb700  0 mds.0.cache creating system inode with ino:601
2017-12-21 04:33:15.265244 7f06baecb700  0 mds.0.cache creating system inode with ino:602
2017-12-21 04:33:15.265490 7f06baecb700  0 mds.0.cache creating system inode with ino:603
2017-12-21 04:33:15.265575 7f06baecb700  0 mds.0.cache creating system inode with ino:604
2017-12-21 04:33:15.265674 7f06baecb700  0 mds.0.cache creating system inode with ino:605
2017-12-21 04:33:15.265760 7f06baecb700  0 mds.0.cache creating system inode with ino:606
2017-12-21 04:33:15.265869 7f06baecb700  0 mds.0.cache creating system inode with ino:607
2017-12-21 04:33:15.265982 7f06baecb700  0 mds.0.cache creating system inode with ino:608
2017-12-21 04:33:15.266119 7f06baecb700  0 mds.0.cache creating system inode with ino:609
tcmalloc: large alloc 1593843712 bytes == 0x7f07c12d2000 @  0x7f06c14d2c4c 0x7f06c14f344e 0x7f06c1c458c3 0x7f06c1c160c1 0x7f06c1c1a8a0 0x7f06c1c36dc3 0x7f06c1c373c4 0x7f06c1c3b59b 0x7f06c1bbd16c 0x7f06c1bc6951 0x7f06c1bc7aa5 0x7f06c1bb5593 0x7f06c20dc7a3 0x7f06c1f881dd 0x7f06c12aa184 0x7f06bf9fbffd (nil)
