2017-12-21 04:59:18  /entrypoint.sh: static: does not generate config
HEALTH_WARN too few PGs per OSD (21 < min 30)
2017-12-21 04:59:18  /entrypoint.sh: static: does not generate the admin key, so we can not get it.
2017-12-21 04:59:18  /entrypoint.sh: static: make it available with the help of your configuration management system.
2017-12-21 04:59:18  /entrypoint.sh: static: ceph-ansible is a good candidate to deploy a containerized version of Ceph.
2017-12-21 04:59:18  /entrypoint.sh: static: ceph-ansible will help you fetching the keys and push them on the right nodes.
2017-12-21 04:59:18  /entrypoint.sh: static: if you're interested, please visit: https://github.com/ceph/ceph-ansible
pool 'cephfs_data' created
pool 'cephfs_metadata' created
new fs with metadata pool 2 and data pool 1
2017-12-21 04:59:21  /entrypoint.sh: SUCCESS
warning: line 14: 'public_network' in section 'global' redefined 
2017-12-21 04:59:21.305627 7f6cbc737300  0 set uid:gid to 64045:64045 (ceph:ceph)
2017-12-21 04:59:21.305648 7f6cbc737300  0 ceph version 9.0.0-18997-g8adf01b (8adf01b98af39502aa7fe3d10c4b19935508eaa7), process ceph-mds, pid 236
starting mds.node-4 at -
2017-12-21 04:59:21.306779 7f6cbc737300  0 pidfile_write: ignore empty --pid-file
2017-12-21 04:59:25.434628 7f6cb5133700  0 mds.0.cache creating system inode with ino:1
2017-12-21 04:59:25.434930 7f6cb5133700  0 mds.0.cache creating system inode with ino:100
2017-12-21 04:59:25.434942 7f6cb5133700  0 mds.0.cache creating system inode with ino:600
2017-12-21 04:59:25.435125 7f6cb5133700  0 mds.0.cache creating system inode with ino:601
2017-12-21 04:59:25.435229 7f6cb5133700  0 mds.0.cache creating system inode with ino:602
2017-12-21 04:59:25.435482 7f6cb5133700  0 mds.0.cache creating system inode with ino:603
2017-12-21 04:59:25.435585 7f6cb5133700  0 mds.0.cache creating system inode with ino:604
2017-12-21 04:59:25.435713 7f6cb5133700  0 mds.0.cache creating system inode with ino:605
2017-12-21 04:59:25.435851 7f6cb5133700  0 mds.0.cache creating system inode with ino:606
2017-12-21 04:59:25.435952 7f6cb5133700  0 mds.0.cache creating system inode with ino:607
2017-12-21 04:59:25.436043 7f6cb5133700  0 mds.0.cache creating system inode with ino:608
2017-12-21 04:59:25.436194 7f6cb5133700  0 mds.0.cache creating system inode with ino:609
tcmalloc: large alloc 1593843712 bytes == 0x7f6f39cba000 @  0x7f6cbb73ac4c 0x7f6cbb75b44e 0x7f6cbbead8c3 0x7f6cbbe7e0c1 0x7f6cbbe828a0 0x7f6cbbe9edc3 0x7f6cbbe9f3c4 0x7f6cbbea359b 0x7f6cbbe2516c 0x7f6cbbe2e951 0x7f6cbbe2faa5 0x7f6cbbe1d593 0x7f6cbc3447a3 0x7f6cbc1f01dd 0x7f6cbb512184 0x7f6cb9c63ffd (nil)
tcmalloc: large alloc 3187679232 bytes == 0x7f71acaa0000 @  0x7f6cbb73ac4c 0x7f6cbb75b44e 0x7f6cbbead8c3 0x7f6cbbe7e0c1 0x7f6cbbe828a0 0x7f6cbbe9edc3 0x7f6cbbe9f3c4 0x7f6cbbea359b 0x7f6cbbe2516c 0x7f6cbbe2e951 0x7f6cbbe2faa5 0x7f6cbbe1d593 0x7f6cbc3447a3 0x7f6cbc1f01dd 0x7f6cbb512184 0x7f6cb9c63ffd (nil)
