2017-12-15 07:12:27  /entrypoint.sh: static: does not generate config
HEALTH_WARN too few PGs per OSD (21 < min 30)
2017-12-15 07:12:27  /entrypoint.sh: static: does not generate the admin key, so we can not get it.
2017-12-15 07:12:27  /entrypoint.sh: static: make it available with the help of your configuration management system.
2017-12-15 07:12:27  /entrypoint.sh: static: ceph-ansible is a good candidate to deploy a containerized version of Ceph.
2017-12-15 07:12:27  /entrypoint.sh: static: ceph-ansible will help you fetching the keys and push them on the right nodes.
2017-12-15 07:12:27  /entrypoint.sh: static: if you're interested, please visit: https://github.com/ceph/ceph-ansible
pool 'cephfs_data' created
pool 'cephfs_metadata' created
new fs with metadata pool 2 and data pool 1
2017-12-15 07:12:30  /entrypoint.sh: SUCCESS
2017-12-15 07:12:30.399392 7f87c37e6300  0 set uid:gid to 64045:64045 (ceph:ceph)
2017-12-15 07:12:30.399453 7f87c37e6300  0 ceph version 9.0.0-18997-g8adf01b (8adf01b98af39502aa7fe3d10c4b19935508eaa7), process ceph-mds, pid 236
starting mds.node-4 at -
2017-12-15 07:12:30.400706 7f87c37e6300  0 pidfile_write: ignore empty --pid-file
2017-12-15 07:12:34.644666 7f87bc1e2700  0 mds.0.cache creating system inode with ino:1
2017-12-15 07:12:34.644970 7f87bc1e2700  0 mds.0.cache creating system inode with ino:100
2017-12-15 07:12:34.644983 7f87bc1e2700  0 mds.0.cache creating system inode with ino:600
2017-12-15 07:12:34.645175 7f87bc1e2700  0 mds.0.cache creating system inode with ino:601
2017-12-15 07:12:34.645471 7f87bc1e2700  0 mds.0.cache creating system inode with ino:602
2017-12-15 07:12:34.645569 7f87bc1e2700  0 mds.0.cache creating system inode with ino:603
2017-12-15 07:12:34.645678 7f87bc1e2700  0 mds.0.cache creating system inode with ino:604
2017-12-15 07:12:34.645806 7f87bc1e2700  0 mds.0.cache creating system inode with ino:605
2017-12-15 07:12:34.645973 7f87bc1e2700  0 mds.0.cache creating system inode with ino:606
2017-12-15 07:12:34.646079 7f87bc1e2700  0 mds.0.cache creating system inode with ino:607
2017-12-15 07:12:34.646158 7f87bc1e2700  0 mds.0.cache creating system inode with ino:608
2017-12-15 07:12:34.646390 7f87bc1e2700  0 mds.0.cache creating system inode with ino:609
tcmalloc: large alloc 1593843712 bytes == 0x7f8a25d32000 @  0x7f87c27e9c4c 0x7f87c280a44e 0x7f87c2f5c8c3 0x7f87c2f2d0c1 0x7f87c2f318a0 0x7f87c2f4ddc3 0x7f87c2f4e3c4 0x7f87c2f5259b 0x7f87c2ed416c 0x7f87c2edd951 0x7f87c2edeaa5 0x7f87c2ecc593 0x7f87c33f37a3 0x7f87c329f1dd 0x7f87c25c1184 0x7f87c0d12ffd (nil)
tcmalloc: large alloc 3187679232 bytes == 0x7f8c7c532000 @  0x7f87c27e9c4c 0x7f87c280a44e 0x7f87c2f5c8c3 0x7f87c2f2d0c1 0x7f87c2f318a0 0x7f87c2f4ddc3 0x7f87c2f4e3c4 0x7f87c2f5259b 0x7f87c2ed416c 0x7f87c2edd951 0x7f87c2edeaa5 0x7f87c2ecc593 0x7f87c33f37a3 0x7f87c329f1dd 0x7f87c25c1184 0x7f87c0d12ffd (nil)
