2017-12-21 15:26:31  /entrypoint.sh: static: does not generate config
HEALTH_WARN too few PGs per OSD (21 < min 30)
2017-12-21 15:26:32  /entrypoint.sh: static: does not generate the admin key, so we can not get it.
2017-12-21 15:26:32  /entrypoint.sh: static: make it available with the help of your configuration management system.
2017-12-21 15:26:32  /entrypoint.sh: static: ceph-ansible is a good candidate to deploy a containerized version of Ceph.
2017-12-21 15:26:32  /entrypoint.sh: static: ceph-ansible will help you fetching the keys and push them on the right nodes.
2017-12-21 15:26:32  /entrypoint.sh: static: if you're interested, please visit: https://github.com/ceph/ceph-ansible
pool 'cephfs_data' created
pool 'cephfs_metadata' created
new fs with metadata pool 2 and data pool 1
2017-12-21 15:26:34  /entrypoint.sh: SUCCESS
warning: line 14: 'public_network' in section 'global' redefined 
2017-12-21 15:26:34.555352 7f86b21fd300  0 set uid:gid to 64045:64045 (ceph:ceph)
2017-12-21 15:26:34.555385 7f86b21fd300  0 ceph version 9.0.0-18997-g8adf01b (8adf01b98af39502aa7fe3d10c4b19935508eaa7), process ceph-mds, pid 236
starting mds.node-4 at -
2017-12-21 15:26:34.556912 7f86b21fd300  0 pidfile_write: ignore empty --pid-file
2017-12-21 15:26:38.702947 7f86aabf9700  0 mds.0.cache creating system inode with ino:1
2017-12-21 15:26:38.703247 7f86aabf9700  0 mds.0.cache creating system inode with ino:100
2017-12-21 15:26:38.703260 7f86aabf9700  0 mds.0.cache creating system inode with ino:600
2017-12-21 15:26:38.703432 7f86aabf9700  0 mds.0.cache creating system inode with ino:601
2017-12-21 15:26:38.703533 7f86aabf9700  0 mds.0.cache creating system inode with ino:602
2017-12-21 15:26:38.703797 7f86aabf9700  0 mds.0.cache creating system inode with ino:603
2017-12-21 15:26:38.703936 7f86aabf9700  0 mds.0.cache creating system inode with ino:604
2017-12-21 15:26:38.704059 7f86aabf9700  0 mds.0.cache creating system inode with ino:605
2017-12-21 15:26:38.704160 7f86aabf9700  0 mds.0.cache creating system inode with ino:606
2017-12-21 15:26:38.704248 7f86aabf9700  0 mds.0.cache creating system inode with ino:607
2017-12-21 15:26:38.704457 7f86aabf9700  0 mds.0.cache creating system inode with ino:608
2017-12-21 15:26:38.704622 7f86aabf9700  0 mds.0.cache creating system inode with ino:609
tcmalloc: large alloc 1593843712 bytes == 0x7f87a2bcc000 @  0x7f86b1200c4c 0x7f86b122144e 0x7f86b19738c3 0x7f86b19440c1 0x7f86b19488a0 0x7f86b1964dc3 0x7f86b19653c4 0x7f86b196959b 0x7f86b18eb16c 0x7f86b18f4951 0x7f86b18f5aa5 0x7f86b18e3593 0x7f86b1e0a7a3 0x7f86b1cb61dd 0x7f86b0fd8184 0x7f86af729ffd (nil)
tcmalloc: large alloc 3187679232 bytes == 0x7f88ac9c2000 @  0x7f86b1200c4c 0x7f86b122144e 0x7f86b19738c3 0x7f86b19440c1 0x7f86b19488a0 0x7f86b1964dc3 0x7f86b19653c4 0x7f86b196959b 0x7f86b18eb16c 0x7f86b18f4951 0x7f86b18f5aa5 0x7f86b18e3593 0x7f86b1e0a7a3 0x7f86b1cb61dd 0x7f86b0fd8184 0x7f86af729ffd (nil)
