2017-12-15 06:33:22  /entrypoint.sh: static: does not generate config
HEALTH_WARN too few PGs per OSD (21 < min 30)
2017-12-15 06:33:22  /entrypoint.sh: static: does not generate the admin key, so we can not get it.
2017-12-15 06:33:22  /entrypoint.sh: static: make it available with the help of your configuration management system.
2017-12-15 06:33:22  /entrypoint.sh: static: ceph-ansible is a good candidate to deploy a containerized version of Ceph.
2017-12-15 06:33:22  /entrypoint.sh: static: ceph-ansible will help you fetching the keys and push them on the right nodes.
2017-12-15 06:33:22  /entrypoint.sh: static: if you're interested, please visit: https://github.com/ceph/ceph-ansible
pool 'cephfs_data' created
pool 'cephfs_metadata' created
new fs with metadata pool 2 and data pool 1
2017-12-15 06:33:24  /entrypoint.sh: SUCCESS
2017-12-15 06:33:24.978734 7f59c5ffc300  0 set uid:gid to 64045:64045 (ceph:ceph)
2017-12-15 06:33:24.978755 7f59c5ffc300  0 ceph version 9.0.0-18997-g8adf01b (8adf01b98af39502aa7fe3d10c4b19935508eaa7), process ceph-mds, pid 236
starting mds.node-4 at -
2017-12-15 06:33:24.979885 7f59c5ffc300  0 pidfile_write: ignore empty --pid-file
2017-12-15 06:33:29.323584 7f59be9f8700  0 mds.0.cache creating system inode with ino:1
2017-12-15 06:33:29.323881 7f59be9f8700  0 mds.0.cache creating system inode with ino:100
2017-12-15 06:33:29.323893 7f59be9f8700  0 mds.0.cache creating system inode with ino:600
2017-12-15 06:33:29.324098 7f59be9f8700  0 mds.0.cache creating system inode with ino:601
2017-12-15 06:33:29.324358 7f59be9f8700  0 mds.0.cache creating system inode with ino:602
2017-12-15 06:33:29.324467 7f59be9f8700  0 mds.0.cache creating system inode with ino:603
2017-12-15 06:33:29.324567 7f59be9f8700  0 mds.0.cache creating system inode with ino:604
2017-12-15 06:33:29.324688 7f59be9f8700  0 mds.0.cache creating system inode with ino:605
2017-12-15 06:33:29.324805 7f59be9f8700  0 mds.0.cache creating system inode with ino:606
2017-12-15 06:33:29.324976 7f59be9f8700  0 mds.0.cache creating system inode with ino:607
2017-12-15 06:33:29.325106 7f59be9f8700  0 mds.0.cache creating system inode with ino:608
2017-12-15 06:33:29.325230 7f59be9f8700  0 mds.0.cache creating system inode with ino:609
tcmalloc: large alloc 1593843712 bytes == 0x7f5c26bb2000 @  0x7f59c4fffc4c 0x7f59c502044e 0x7f59c57728c3 0x7f59c57430c1 0x7f59c57478a0 0x7f59c5763dc3 0x7f59c57643c4 0x7f59c576859b 0x7f59c56ea16c 0x7f59c56f3951 0x7f59c56f4aa5 0x7f59c56e2593 0x7f59c5c097a3 0x7f59c5ab51dd 0x7f59c4dd7184 0x7f59c3528ffd (nil)
