2017-12-20 18:45:34  /entrypoint.sh: static: does not generate config
HEALTH_WARN too few PGs per OSD (21 < min 30)
2017-12-20 18:45:35  /entrypoint.sh: static: does not generate the admin key, so we can not get it.
2017-12-20 18:45:35  /entrypoint.sh: static: make it available with the help of your configuration management system.
2017-12-20 18:45:35  /entrypoint.sh: static: ceph-ansible is a good candidate to deploy a containerized version of Ceph.
2017-12-20 18:45:35  /entrypoint.sh: static: ceph-ansible will help you fetching the keys and push them on the right nodes.
2017-12-20 18:45:35  /entrypoint.sh: static: if you're interested, please visit: https://github.com/ceph/ceph-ansible
pool 'cephfs_data' created
pool 'cephfs_metadata' created
new fs with metadata pool 2 and data pool 1
2017-12-20 18:45:37  /entrypoint.sh: SUCCESS
warning: line 14: 'public_network' in section 'global' redefined 
2017-12-20 18:45:37.538014 7faeb52f6300  0 set uid:gid to 64045:64045 (ceph:ceph)
2017-12-20 18:45:37.538038 7faeb52f6300  0 ceph version 9.0.0-18997-g8adf01b (8adf01b98af39502aa7fe3d10c4b19935508eaa7), process ceph-mds, pid 236
starting mds.node-4 at -
2017-12-20 18:45:37.539395 7faeb52f6300  0 pidfile_write: ignore empty --pid-file
2017-12-20 18:45:41.698983 7faeadcf2700  0 mds.0.cache creating system inode with ino:1
2017-12-20 18:45:41.699309 7faeadcf2700  0 mds.0.cache creating system inode with ino:100
2017-12-20 18:45:41.699322 7faeadcf2700  0 mds.0.cache creating system inode with ino:600
2017-12-20 18:45:41.699493 7faeadcf2700  0 mds.0.cache creating system inode with ino:601
2017-12-20 18:45:41.699594 7faeadcf2700  0 mds.0.cache creating system inode with ino:602
2017-12-20 18:45:41.699880 7faeadcf2700  0 mds.0.cache creating system inode with ino:603
2017-12-20 18:45:41.699978 7faeadcf2700  0 mds.0.cache creating system inode with ino:604
2017-12-20 18:45:41.700099 7faeadcf2700  0 mds.0.cache creating system inode with ino:605
2017-12-20 18:45:41.700214 7faeadcf2700  0 mds.0.cache creating system inode with ino:606
2017-12-20 18:45:41.700356 7faeadcf2700  0 mds.0.cache creating system inode with ino:607
2017-12-20 18:45:41.700449 7faeadcf2700  0 mds.0.cache creating system inode with ino:608
2017-12-20 18:45:41.700564 7faeadcf2700  0 mds.0.cache creating system inode with ino:609
