2017-12-14 02:33:01  /entrypoint.sh: static: does not generate config
HEALTH_WARN too few PGs per OSD (21 < min 30)
2017-12-14 02:33:02  /entrypoint.sh: static: does not generate the admin key, so we can not get it.
2017-12-14 02:33:02  /entrypoint.sh: static: make it available with the help of your configuration management system.
2017-12-14 02:33:02  /entrypoint.sh: static: ceph-ansible is a good candidate to deploy a containerized version of Ceph.
2017-12-14 02:33:02  /entrypoint.sh: static: ceph-ansible will help you fetching the keys and push them on the right nodes.
2017-12-14 02:33:02  /entrypoint.sh: static: if you're interested, please visit: https://github.com/ceph/ceph-ansible
pool 'cephfs_data' created
pool 'cephfs_metadata' created
new fs with metadata pool 2 and data pool 1
2017-12-14 02:33:04  /entrypoint.sh: SUCCESS
2017-12-14 02:33:04.823425 7fc29d1b9300  0 set uid:gid to 64045:64045 (ceph:ceph)
2017-12-14 02:33:04.823448 7fc29d1b9300  0 ceph version 9.0.0-18997-g8adf01b (8adf01b98af39502aa7fe3d10c4b19935508eaa7), process ceph-mds, pid 237
starting mds.node-4 at -
2017-12-14 02:33:04.824751 7fc29d1b9300  0 pidfile_write: ignore empty --pid-file
2017-12-14 02:33:08.986461 7fc295bb5700  0 mds.0.cache creating system inode with ino:1
2017-12-14 02:33:08.986766 7fc295bb5700  0 mds.0.cache creating system inode with ino:100
2017-12-14 02:33:08.986794 7fc295bb5700  0 mds.0.cache creating system inode with ino:600
2017-12-14 02:33:08.987007 7fc295bb5700  0 mds.0.cache creating system inode with ino:601
2017-12-14 02:33:08.987146 7fc295bb5700  0 mds.0.cache creating system inode with ino:602
2017-12-14 02:33:08.987436 7fc295bb5700  0 mds.0.cache creating system inode with ino:603
2017-12-14 02:33:08.987533 7fc295bb5700  0 mds.0.cache creating system inode with ino:604
2017-12-14 02:33:08.987723 7fc295bb5700  0 mds.0.cache creating system inode with ino:605
2017-12-14 02:33:08.987845 7fc295bb5700  0 mds.0.cache creating system inode with ino:606
2017-12-14 02:33:08.987959 7fc295bb5700  0 mds.0.cache creating system inode with ino:607
2017-12-14 02:33:08.988077 7fc295bb5700  0 mds.0.cache creating system inode with ino:608
2017-12-14 02:33:08.988192 7fc295bb5700  0 mds.0.cache creating system inode with ino:609
