2017-12-14 13:21:38  /entrypoint.sh: static: does not generate config
HEALTH_WARN too few PGs per OSD (21 < min 30)
2017-12-14 13:21:39  /entrypoint.sh: static: does not generate the admin key, so we can not get it.
2017-12-14 13:21:39  /entrypoint.sh: static: make it available with the help of your configuration management system.
2017-12-14 13:21:39  /entrypoint.sh: static: ceph-ansible is a good candidate to deploy a containerized version of Ceph.
2017-12-14 13:21:39  /entrypoint.sh: static: ceph-ansible will help you fetching the keys and push them on the right nodes.
2017-12-14 13:21:39  /entrypoint.sh: static: if you're interested, please visit: https://github.com/ceph/ceph-ansible
pool 'cephfs_data' created
pool 'cephfs_metadata' created
new fs with metadata pool 2 and data pool 1
2017-12-14 13:21:41  /entrypoint.sh: SUCCESS
2017-12-14 13:21:41.743436 7ff18a62c300  0 set uid:gid to 64045:64045 (ceph:ceph)
2017-12-14 13:21:41.743457 7ff18a62c300  0 ceph version 9.0.0-18997-g8adf01b (8adf01b98af39502aa7fe3d10c4b19935508eaa7), process ceph-mds, pid 236
starting mds.node-4 at -
2017-12-14 13:21:41.744701 7ff18a62c300  0 pidfile_write: ignore empty --pid-file
2017-12-14 13:21:45.906049 7ff183028700  0 mds.0.cache creating system inode with ino:1
2017-12-14 13:21:45.906338 7ff183028700  0 mds.0.cache creating system inode with ino:100
2017-12-14 13:21:45.906358 7ff183028700  0 mds.0.cache creating system inode with ino:600
2017-12-14 13:21:45.906568 7ff183028700  0 mds.0.cache creating system inode with ino:601
2017-12-14 13:21:45.906672 7ff183028700  0 mds.0.cache creating system inode with ino:602
2017-12-14 13:21:45.906999 7ff183028700  0 mds.0.cache creating system inode with ino:603
2017-12-14 13:21:45.907102 7ff183028700  0 mds.0.cache creating system inode with ino:604
2017-12-14 13:21:45.907227 7ff183028700  0 mds.0.cache creating system inode with ino:605
2017-12-14 13:21:45.907319 7ff183028700  0 mds.0.cache creating system inode with ino:606
2017-12-14 13:21:45.907409 7ff183028700  0 mds.0.cache creating system inode with ino:607
2017-12-14 13:21:45.907494 7ff183028700  0 mds.0.cache creating system inode with ino:608
2017-12-14 13:21:45.907611 7ff183028700  0 mds.0.cache creating system inode with ino:609
tcmalloc: large alloc 1593843712 bytes == 0x7ff3ece4c000 @  0x7ff18962fc4c 0x7ff18965044e 0x7ff189da28c3 0x7ff189d730c1 0x7ff189d778a0 0x7ff189d93dc3 0x7ff189d943c4 0x7ff189d9859b 0x7ff189d1a16c 0x7ff189d23951 0x7ff189d24aa5 0x7ff189d12593 0x7ff18a2397a3 0x7ff18a0e51dd 0x7ff189407184 0x7ff187b58ffd (nil)
