2017-12-17 04:14:57  /entrypoint.sh: static: does not generate config
HEALTH_WARN too few PGs per OSD (21 < min 30)
2017-12-17 04:14:57  /entrypoint.sh: static: does not generate the admin key, so we can not get it.
2017-12-17 04:14:57  /entrypoint.sh: static: make it available with the help of your configuration management system.
2017-12-17 04:14:57  /entrypoint.sh: static: ceph-ansible is a good candidate to deploy a containerized version of Ceph.
2017-12-17 04:14:57  /entrypoint.sh: static: ceph-ansible will help you fetching the keys and push them on the right nodes.
2017-12-17 04:14:57  /entrypoint.sh: static: if you're interested, please visit: https://github.com/ceph/ceph-ansible
pool 'cephfs_data' created
pool 'cephfs_metadata' created
new fs with metadata pool 2 and data pool 1
2017-12-17 04:15:00  /entrypoint.sh: SUCCESS
2017-12-17 04:15:00.218396 7f159b975300  0 set uid:gid to 64045:64045 (ceph:ceph)
2017-12-17 04:15:00.218419 7f159b975300  0 ceph version 9.0.0-18997-g8adf01b (8adf01b98af39502aa7fe3d10c4b19935508eaa7), process ceph-mds, pid 236
starting mds.node-4 at -
2017-12-17 04:15:00.219513 7f159b975300  0 pidfile_write: ignore empty --pid-file
2017-12-17 04:15:04.365344 7f1594371700  0 mds.0.cache creating system inode with ino:1
2017-12-17 04:15:04.365645 7f1594371700  0 mds.0.cache creating system inode with ino:100
2017-12-17 04:15:04.365657 7f1594371700  0 mds.0.cache creating system inode with ino:600
2017-12-17 04:15:04.365828 7f1594371700  0 mds.0.cache creating system inode with ino:601
2017-12-17 04:15:04.366081 7f1594371700  0 mds.0.cache creating system inode with ino:602
2017-12-17 04:15:04.366189 7f1594371700  0 mds.0.cache creating system inode with ino:603
2017-12-17 04:15:04.366286 7f1594371700  0 mds.0.cache creating system inode with ino:604
2017-12-17 04:15:04.366405 7f1594371700  0 mds.0.cache creating system inode with ino:605
2017-12-17 04:15:04.366492 7f1594371700  0 mds.0.cache creating system inode with ino:606
2017-12-17 04:15:04.366603 7f1594371700  0 mds.0.cache creating system inode with ino:607
2017-12-17 04:15:04.366765 7f1594371700  0 mds.0.cache creating system inode with ino:608
2017-12-17 04:15:04.366889 7f1594371700  0 mds.0.cache creating system inode with ino:609
tcmalloc: large alloc 1593843712 bytes == 0x7f1818a06000 @  0x7f159a978c4c 0x7f159a99944e 0x7f159b0eb8c3 0x7f159b0bc0c1 0x7f159b0c08a0 0x7f159b0dcdc3 0x7f159b0dd3c4 0x7f159b0e159b 0x7f159b06316c 0x7f159b06c951 0x7f159b06daa5 0x7f159b05b593 0x7f159b5827a3 0x7f159b42e1dd 0x7f159a750184 0x7f1598ea1ffd (nil)
tcmalloc: large alloc 3187679232 bytes == 0x7f1a8ce9a000 @  0x7f159a978c4c 0x7f159a99944e 0x7f159b0eb8c3 0x7f159b0bc0c1 0x7f159b0c08a0 0x7f159b0dcdc3 0x7f159b0dd3c4 0x7f159b0e159b 0x7f159b06316c 0x7f159b06c951 0x7f159b06daa5 0x7f159b05b593 0x7f159b5827a3 0x7f159b42e1dd 0x7f159a750184 0x7f1598ea1ffd (nil)
tcmalloc: large alloc 1677729792 bytes == 0x7f1f07c56000 @  0x7f159a978c4c 0x7f159a99944e 0x7f159b0eb8c3 0x7f159b22b6bc 0x7f159b13e830 0x7f159b0a7d4c 0x7f159b0a885d 0x7f159b0dcec3 0x7f159b0dd3c4 0x7f159b0e159b 0x7f159b06316c 0x7f159b06c951 0x7f159b06daa5 0x7f159b05b593 0x7f159b5827a3 0x7f159b42e1dd 0x7f159a750184 0x7f1598ea1ffd (nil)
tcmalloc: large alloc 6375350272 bytes == 0x7f1f6bdb0000 @  0x7f159a978c4c 0x7f159a99944e 0x7f159b0eb8c3 0x7f159b0bc0c1 0x7f159b0c08a0 0x7f159b0dcdc3 0x7f159b0dd3c4 0x7f159b0e159b 0x7f159b06316c 0x7f159b06c951 0x7f159b06daa5 0x7f159b05b593 0x7f159b5827a3 0x7f159b42e1dd 0x7f159a750184 0x7f1598ea1ffd (nil)
