2017-12-14 19:13:41  /entrypoint.sh: static: does not generate config
HEALTH_WARN too few PGs per OSD (21 < min 30)
2017-12-14 19:13:42  /entrypoint.sh: static: does not generate the admin key, so we can not get it.
2017-12-14 19:13:42  /entrypoint.sh: static: make it available with the help of your configuration management system.
2017-12-14 19:13:42  /entrypoint.sh: static: ceph-ansible is a good candidate to deploy a containerized version of Ceph.
2017-12-14 19:13:42  /entrypoint.sh: static: ceph-ansible will help you fetching the keys and push them on the right nodes.
2017-12-14 19:13:42  /entrypoint.sh: static: if you're interested, please visit: https://github.com/ceph/ceph-ansible
pool 'cephfs_data' created
pool 'cephfs_metadata' created
new fs with metadata pool 2 and data pool 1
2017-12-14 19:13:44  /entrypoint.sh: SUCCESS
2017-12-14 19:13:44.506133 7fac5d8fd300  0 set uid:gid to 64045:64045 (ceph:ceph)
2017-12-14 19:13:44.506154 7fac5d8fd300  0 ceph version 9.0.0-18997-g8adf01b (8adf01b98af39502aa7fe3d10c4b19935508eaa7), process ceph-mds, pid 236
starting mds.node-4 at -
2017-12-14 19:13:44.507373 7fac5d8fd300  0 pidfile_write: ignore empty --pid-file
2017-12-14 19:13:48.973615 7fac562f9700  0 mds.0.cache creating system inode with ino:1
2017-12-14 19:13:48.973915 7fac562f9700  0 mds.0.cache creating system inode with ino:100
2017-12-14 19:13:48.973927 7fac562f9700  0 mds.0.cache creating system inode with ino:600
2017-12-14 19:13:48.974107 7fac562f9700  0 mds.0.cache creating system inode with ino:601
2017-12-14 19:13:48.974404 7fac562f9700  0 mds.0.cache creating system inode with ino:602
2017-12-14 19:13:48.974535 7fac562f9700  0 mds.0.cache creating system inode with ino:603
2017-12-14 19:13:48.974635 7fac562f9700  0 mds.0.cache creating system inode with ino:604
2017-12-14 19:13:48.974745 7fac562f9700  0 mds.0.cache creating system inode with ino:605
2017-12-14 19:13:48.974884 7fac562f9700  0 mds.0.cache creating system inode with ino:606
2017-12-14 19:13:48.974982 7fac562f9700  0 mds.0.cache creating system inode with ino:607
2017-12-14 19:13:48.975101 7fac562f9700  0 mds.0.cache creating system inode with ino:608
2017-12-14 19:13:48.975239 7fac562f9700  0 mds.0.cache creating system inode with ino:609
tcmalloc: large alloc 1593843712 bytes == 0x7faec2c0a000 @  0x7fac5c900c4c 0x7fac5c92144e 0x7fac5d0738c3 0x7fac5d0440c1 0x7fac5d0488a0 0x7fac5d064dc3 0x7fac5d0653c4 0x7fac5d06959b 0x7fac5cfeb16c 0x7fac5cff4951 0x7fac5cff5aa5 0x7fac5cfe3593 0x7fac5d50a7a3 0x7fac5d3b61dd 0x7fac5c6d8184 0x7fac5ae29ffd (nil)
