2017-12-21 06:26:39  /entrypoint.sh: static: does not generate config
HEALTH_WARN too few PGs per OSD (21 < min 30)
2017-12-21 06:26:40  /entrypoint.sh: static: does not generate the admin key, so we can not get it.
2017-12-21 06:26:40  /entrypoint.sh: static: make it available with the help of your configuration management system.
2017-12-21 06:26:40  /entrypoint.sh: static: ceph-ansible is a good candidate to deploy a containerized version of Ceph.
2017-12-21 06:26:40  /entrypoint.sh: static: ceph-ansible will help you fetching the keys and push them on the right nodes.
2017-12-21 06:26:40  /entrypoint.sh: static: if you're interested, please visit: https://github.com/ceph/ceph-ansible
pool 'cephfs_data' created
pool 'cephfs_metadata' created
new fs with metadata pool 2 and data pool 1
2017-12-21 06:26:42  /entrypoint.sh: SUCCESS
warning: line 14: 'public_network' in section 'global' redefined 
2017-12-21 06:26:42.647421 7f5eecdca300  0 set uid:gid to 64045:64045 (ceph:ceph)
2017-12-21 06:26:42.647440 7f5eecdca300  0 ceph version 9.0.0-18997-g8adf01b (8adf01b98af39502aa7fe3d10c4b19935508eaa7), process ceph-mds, pid 236
starting mds.node-4 at -
2017-12-21 06:26:42.648683 7f5eecdca300  0 pidfile_write: ignore empty --pid-file
2017-12-21 06:26:46.809527 7f5ee57c6700  0 mds.0.cache creating system inode with ino:1
2017-12-21 06:26:46.809842 7f5ee57c6700  0 mds.0.cache creating system inode with ino:100
2017-12-21 06:26:46.809855 7f5ee57c6700  0 mds.0.cache creating system inode with ino:600
2017-12-21 06:26:46.810048 7f5ee57c6700  0 mds.0.cache creating system inode with ino:601
2017-12-21 06:26:46.810181 7f5ee57c6700  0 mds.0.cache creating system inode with ino:602
2017-12-21 06:26:46.810460 7f5ee57c6700  0 mds.0.cache creating system inode with ino:603
2017-12-21 06:26:46.810567 7f5ee57c6700  0 mds.0.cache creating system inode with ino:604
2017-12-21 06:26:46.810693 7f5ee57c6700  0 mds.0.cache creating system inode with ino:605
2017-12-21 06:26:46.810798 7f5ee57c6700  0 mds.0.cache creating system inode with ino:606
2017-12-21 06:26:46.810889 7f5ee57c6700  0 mds.0.cache creating system inode with ino:607
2017-12-21 06:26:46.811008 7f5ee57c6700  0 mds.0.cache creating system inode with ino:608
2017-12-21 06:26:46.811139 7f5ee57c6700  0 mds.0.cache creating system inode with ino:609
tcmalloc: large alloc 1593843712 bytes == 0x7f5fe8e46000 @  0x7f5eebdcdc4c 0x7f5eebdee44e 0x7f5eec5408c3 0x7f5eec68cdb9 0x7f5eec68e918 0x7f5eec69471c 0x7f5eec6fcaf1 0x7f5eec813656 0x7f5eebba5184 0x7f5eea2f6ffd (nil)
tcmalloc: large alloc 3187679232 bytes == 0x7f60e77f6000 @  0x7f5eebdcdc4c 0x7f5eebdee44e 0x7f5eec5408c3 0x7f5eec68cdb9 0x7f5eec68e918 0x7f5eec69471c 0x7f5eec6fcaf1 0x7f5eec813656 0x7f5eebba5184 0x7f5eea2f6ffd (nil)
