2017-12-14 14:01:21  /entrypoint.sh: static: does not generate config
HEALTH_WARN too few PGs per OSD (21 < min 30)
2017-12-14 14:01:21  /entrypoint.sh: static: does not generate the admin key, so we can not get it.
2017-12-14 14:01:21  /entrypoint.sh: static: make it available with the help of your configuration management system.
2017-12-14 14:01:21  /entrypoint.sh: static: ceph-ansible is a good candidate to deploy a containerized version of Ceph.
2017-12-14 14:01:21  /entrypoint.sh: static: ceph-ansible will help you fetching the keys and push them on the right nodes.
2017-12-14 14:01:21  /entrypoint.sh: static: if you're interested, please visit: https://github.com/ceph/ceph-ansible
pool 'cephfs_data' created
pool 'cephfs_metadata' created
new fs with metadata pool 2 and data pool 1
2017-12-14 14:01:24  /entrypoint.sh: SUCCESS
2017-12-14 14:01:24.290957 7faaaa291300  0 set uid:gid to 64045:64045 (ceph:ceph)
2017-12-14 14:01:24.290977 7faaaa291300  0 ceph version 9.0.0-18997-g8adf01b (8adf01b98af39502aa7fe3d10c4b19935508eaa7), process ceph-mds, pid 236
starting mds.node-4 at -
2017-12-14 14:01:24.292252 7faaaa291300  0 pidfile_write: ignore empty --pid-file
2017-12-14 14:01:28.491495 7faaa2c8d700  0 mds.0.cache creating system inode with ino:1
2017-12-14 14:01:28.491797 7faaa2c8d700  0 mds.0.cache creating system inode with ino:100
2017-12-14 14:01:28.491814 7faaa2c8d700  0 mds.0.cache creating system inode with ino:600
2017-12-14 14:01:28.491985 7faaa2c8d700  0 mds.0.cache creating system inode with ino:601
2017-12-14 14:01:28.492073 7faaa2c8d700  0 mds.0.cache creating system inode with ino:602
2017-12-14 14:01:28.492311 7faaa2c8d700  0 mds.0.cache creating system inode with ino:603
2017-12-14 14:01:28.492443 7faaa2c8d700  0 mds.0.cache creating system inode with ino:604
2017-12-14 14:01:28.492572 7faaa2c8d700  0 mds.0.cache creating system inode with ino:605
2017-12-14 14:01:28.492704 7faaa2c8d700  0 mds.0.cache creating system inode with ino:606
2017-12-14 14:01:28.492794 7faaa2c8d700  0 mds.0.cache creating system inode with ino:607
2017-12-14 14:01:28.492956 7faaa2c8d700  0 mds.0.cache creating system inode with ino:608
2017-12-14 14:01:28.493104 7faaa2c8d700  0 mds.0.cache creating system inode with ino:609
tcmalloc: large alloc 1593843712 bytes == 0x7fad0a7ea000 @  0x7faaa9294c4c 0x7faaa92b544e 0x7faaa9a078c3 0x7faaa99d80c1 0x7faaa99dc8a0 0x7faaa99f8dc3 0x7faaa99f93c4 0x7faaa99fd59b 0x7faaa997f16c 0x7faaa9988951 0x7faaa9989aa5 0x7faaa9977593 0x7faaa9e9e7a3 0x7faaa9d4a1dd 0x7faaa906c184 0x7faaa77bdffd (nil)
