2017-12-21 02:28:38  /entrypoint.sh: static: does not generate config
HEALTH_WARN too few PGs per OSD (21 < min 30)
2017-12-21 02:28:39  /entrypoint.sh: static: does not generate the admin key, so we can not get it.
2017-12-21 02:28:39  /entrypoint.sh: static: make it available with the help of your configuration management system.
2017-12-21 02:28:39  /entrypoint.sh: static: ceph-ansible is a good candidate to deploy a containerized version of Ceph.
2017-12-21 02:28:39  /entrypoint.sh: static: ceph-ansible will help you fetching the keys and push them on the right nodes.
2017-12-21 02:28:39  /entrypoint.sh: static: if you're interested, please visit: https://github.com/ceph/ceph-ansible
pool 'cephfs_data' created
pool 'cephfs_metadata' created
new fs with metadata pool 2 and data pool 1
2017-12-21 02:28:41  /entrypoint.sh: SUCCESS
warning: line 14: 'public_network' in section 'global' redefined 
2017-12-21 02:28:41.556778 7f84c8afb300  0 set uid:gid to 64045:64045 (ceph:ceph)
2017-12-21 02:28:41.556799 7f84c8afb300  0 ceph version 9.0.0-18997-g8adf01b (8adf01b98af39502aa7fe3d10c4b19935508eaa7), process ceph-mds, pid 236
starting mds.node-4 at -
2017-12-21 02:28:41.558523 7f84c8afb300  0 pidfile_write: ignore empty --pid-file
2017-12-21 02:28:45.734839 7f84c14f7700  0 mds.0.cache creating system inode with ino:1
2017-12-21 02:28:45.735143 7f84c14f7700  0 mds.0.cache creating system inode with ino:100
2017-12-21 02:28:45.735160 7f84c14f7700  0 mds.0.cache creating system inode with ino:600
2017-12-21 02:28:45.735428 7f84c14f7700  0 mds.0.cache creating system inode with ino:601
2017-12-21 02:28:45.735592 7f84c14f7700  0 mds.0.cache creating system inode with ino:602
2017-12-21 02:28:45.735908 7f84c14f7700  0 mds.0.cache creating system inode with ino:603
2017-12-21 02:28:45.736038 7f84c14f7700  0 mds.0.cache creating system inode with ino:604
2017-12-21 02:28:45.736166 7f84c14f7700  0 mds.0.cache creating system inode with ino:605
2017-12-21 02:28:45.736324 7f84c14f7700  0 mds.0.cache creating system inode with ino:606
2017-12-21 02:28:45.736452 7f84c14f7700  0 mds.0.cache creating system inode with ino:607
2017-12-21 02:28:45.736588 7f84c14f7700  0 mds.0.cache creating system inode with ino:608
2017-12-21 02:28:45.736716 7f84c14f7700  0 mds.0.cache creating system inode with ino:609
tcmalloc: large alloc 1593843712 bytes == 0x7f874500a000 @  0x7f84c7afec4c 0x7f84c7b1f44e 0x7f84c82718c3 0x7f84c82420c1 0x7f84c82468a0 0x7f84c8262dc3 0x7f84c82633c4 0x7f84c826759b 0x7f84c81e916c 0x7f84c81f2951 0x7f84c81f3aa5 0x7f84c81e1593 0x7f84c87087a3 0x7f84c85b41dd 0x7f84c78d6184 0x7f84c6027ffd (nil)
