2017-12-20 20:50:22  /entrypoint.sh: static: does not generate config
HEALTH_WARN too few PGs per OSD (21 < min 30)
2017-12-20 20:50:22  /entrypoint.sh: static: does not generate the admin key, so we can not get it.
2017-12-20 20:50:22  /entrypoint.sh: static: make it available with the help of your configuration management system.
2017-12-20 20:50:22  /entrypoint.sh: static: ceph-ansible is a good candidate to deploy a containerized version of Ceph.
2017-12-20 20:50:22  /entrypoint.sh: static: ceph-ansible will help you fetching the keys and push them on the right nodes.
2017-12-20 20:50:22  /entrypoint.sh: static: if you're interested, please visit: https://github.com/ceph/ceph-ansible
pool 'cephfs_data' created
pool 'cephfs_metadata' created
new fs with metadata pool 2 and data pool 1
2017-12-20 20:50:25  /entrypoint.sh: SUCCESS
warning: line 14: 'public_network' in section 'global' redefined 
2017-12-20 20:50:25.301722 7f4686827300  0 set uid:gid to 64045:64045 (ceph:ceph)
2017-12-20 20:50:25.301742 7f4686827300  0 ceph version 9.0.0-18997-g8adf01b (8adf01b98af39502aa7fe3d10c4b19935508eaa7), process ceph-mds, pid 236
starting mds.node-4 at -
2017-12-20 20:50:25.302852 7f4686827300  0 pidfile_write: ignore empty --pid-file
2017-12-20 20:50:29.436027 7f467f223700  0 mds.0.cache creating system inode with ino:1
2017-12-20 20:50:29.436369 7f467f223700  0 mds.0.cache creating system inode with ino:100
2017-12-20 20:50:29.436382 7f467f223700  0 mds.0.cache creating system inode with ino:600
2017-12-20 20:50:29.436551 7f467f223700  0 mds.0.cache creating system inode with ino:601
2017-12-20 20:50:29.436645 7f467f223700  0 mds.0.cache creating system inode with ino:602
2017-12-20 20:50:29.436883 7f467f223700  0 mds.0.cache creating system inode with ino:603
2017-12-20 20:50:29.437010 7f467f223700  0 mds.0.cache creating system inode with ino:604
2017-12-20 20:50:29.437153 7f467f223700  0 mds.0.cache creating system inode with ino:605
2017-12-20 20:50:29.437267 7f467f223700  0 mds.0.cache creating system inode with ino:606
2017-12-20 20:50:29.437403 7f467f223700  0 mds.0.cache creating system inode with ino:607
2017-12-20 20:50:29.437492 7f467f223700  0 mds.0.cache creating system inode with ino:608
2017-12-20 20:50:29.437611 7f467f223700  0 mds.0.cache creating system inode with ino:609
tcmalloc: large alloc 1593843712 bytes == 0x7f4903394000 @  0x7f468582ac4c 0x7f468584b44e 0x7f4685f9d8c3 0x7f4685f6e0c1 0x7f4685f728a0 0x7f4685f8edc3 0x7f4685f8f3c4 0x7f4685f9359b 0x7f4685f1516c 0x7f4685f1e951 0x7f4685f1faa5 0x7f4685f0d593 0x7f46864347a3 0x7f46862e01dd 0x7f4685602184 0x7f4683d53ffd (nil)
