2017-12-20 21:10:03  /entrypoint.sh: static: does not generate config
HEALTH_WARN too few PGs per OSD (21 < min 30)
2017-12-20 21:10:04  /entrypoint.sh: static: does not generate the admin key, so we can not get it.
2017-12-20 21:10:04  /entrypoint.sh: static: make it available with the help of your configuration management system.
2017-12-20 21:10:04  /entrypoint.sh: static: ceph-ansible is a good candidate to deploy a containerized version of Ceph.
2017-12-20 21:10:04  /entrypoint.sh: static: ceph-ansible will help you fetching the keys and push them on the right nodes.
2017-12-20 21:10:04  /entrypoint.sh: static: if you're interested, please visit: https://github.com/ceph/ceph-ansible
pool 'cephfs_data' created
pool 'cephfs_metadata' created
new fs with metadata pool 2 and data pool 1
2017-12-20 21:10:06  /entrypoint.sh: SUCCESS
warning: line 14: 'public_network' in section 'global' redefined 
2017-12-20 21:10:06.436248 7f6802015300  0 set uid:gid to 64045:64045 (ceph:ceph)
2017-12-20 21:10:06.436274 7f6802015300  0 ceph version 9.0.0-18997-g8adf01b (8adf01b98af39502aa7fe3d10c4b19935508eaa7), process ceph-mds, pid 236
starting mds.node-4 at -
2017-12-20 21:10:06.437977 7f6802015300  0 pidfile_write: ignore empty --pid-file
2017-12-20 21:10:10.591397 7f67faa11700  0 mds.0.cache creating system inode with ino:1
2017-12-20 21:10:10.591683 7f67faa11700  0 mds.0.cache creating system inode with ino:100
2017-12-20 21:10:10.591695 7f67faa11700  0 mds.0.cache creating system inode with ino:600
2017-12-20 21:10:10.591911 7f67faa11700  0 mds.0.cache creating system inode with ino:601
2017-12-20 21:10:10.592016 7f67faa11700  0 mds.0.cache creating system inode with ino:602
2017-12-20 21:10:10.592273 7f67faa11700  0 mds.0.cache creating system inode with ino:603
2017-12-20 21:10:10.592415 7f67faa11700  0 mds.0.cache creating system inode with ino:604
2017-12-20 21:10:10.592566 7f67faa11700  0 mds.0.cache creating system inode with ino:605
2017-12-20 21:10:10.592660 7f67faa11700  0 mds.0.cache creating system inode with ino:606
2017-12-20 21:10:10.592782 7f67faa11700  0 mds.0.cache creating system inode with ino:607
2017-12-20 21:10:10.592878 7f67faa11700  0 mds.0.cache creating system inode with ino:608
2017-12-20 21:10:10.593002 7f67faa11700  0 mds.0.cache creating system inode with ino:609
tcmalloc: large alloc 1593843712 bytes == 0x7f6a7e1a6000 @  0x7f6801018c4c 0x7f680103944e 0x7f680178b8c3 0x7f680175c0c1 0x7f68017608a0 0x7f680177cdc3 0x7f680177d3c4 0x7f680178159b 0x7f680170316c 0x7f680170c951 0x7f680170daa5 0x7f68016fb593 0x7f6801c227a3 0x7f6801ace1dd 0x7f6800df0184 0x7f67ff541ffd (nil)
