2017-12-15 02:02:32  /entrypoint.sh: static: does not generate config
HEALTH_WARN too few PGs per OSD (21 < min 30)
2017-12-15 02:02:33  /entrypoint.sh: static: does not generate the admin key, so we can not get it.
2017-12-15 02:02:33  /entrypoint.sh: static: make it available with the help of your configuration management system.
2017-12-15 02:02:33  /entrypoint.sh: static: ceph-ansible is a good candidate to deploy a containerized version of Ceph.
2017-12-15 02:02:33  /entrypoint.sh: static: ceph-ansible will help you fetching the keys and push them on the right nodes.
2017-12-15 02:02:33  /entrypoint.sh: static: if you're interested, please visit: https://github.com/ceph/ceph-ansible
pool 'cephfs_data' created
pool 'cephfs_metadata' created
new fs with metadata pool 2 and data pool 1
2017-12-15 02:02:35  /entrypoint.sh: SUCCESS
2017-12-15 02:02:35.718036 7fc530778300  0 set uid:gid to 64045:64045 (ceph:ceph)
2017-12-15 02:02:35.718058 7fc530778300  0 ceph version 9.0.0-18997-g8adf01b (8adf01b98af39502aa7fe3d10c4b19935508eaa7), process ceph-mds, pid 236
starting mds.node-4 at -
2017-12-15 02:02:35.719314 7fc530778300  0 pidfile_write: ignore empty --pid-file
2017-12-15 02:02:40.290595 7fc529174700  0 mds.0.cache creating system inode with ino:1
2017-12-15 02:02:40.290890 7fc529174700  0 mds.0.cache creating system inode with ino:100
2017-12-15 02:02:40.290903 7fc529174700  0 mds.0.cache creating system inode with ino:600
2017-12-15 02:02:40.291074 7fc529174700  0 mds.0.cache creating system inode with ino:601
2017-12-15 02:02:40.291346 7fc529174700  0 mds.0.cache creating system inode with ino:602
2017-12-15 02:02:40.291479 7fc529174700  0 mds.0.cache creating system inode with ino:603
2017-12-15 02:02:40.291604 7fc529174700  0 mds.0.cache creating system inode with ino:604
2017-12-15 02:02:40.291767 7fc529174700  0 mds.0.cache creating system inode with ino:605
2017-12-15 02:02:40.291908 7fc529174700  0 mds.0.cache creating system inode with ino:606
2017-12-15 02:02:40.292038 7fc529174700  0 mds.0.cache creating system inode with ino:607
2017-12-15 02:02:40.292167 7fc529174700  0 mds.0.cache creating system inode with ino:608
2017-12-15 02:02:40.292308 7fc529174700  0 mds.0.cache creating system inode with ino:609
