2017-12-15 05:53:37  /entrypoint.sh: static: does not generate config
HEALTH_WARN too few PGs per OSD (21 < min 30)
2017-12-15 05:53:37  /entrypoint.sh: static: does not generate the admin key, so we can not get it.
2017-12-15 05:53:37  /entrypoint.sh: static: make it available with the help of your configuration management system.
2017-12-15 05:53:37  /entrypoint.sh: static: ceph-ansible is a good candidate to deploy a containerized version of Ceph.
2017-12-15 05:53:37  /entrypoint.sh: static: ceph-ansible will help you fetching the keys and push them on the right nodes.
2017-12-15 05:53:37  /entrypoint.sh: static: if you're interested, please visit: https://github.com/ceph/ceph-ansible
pool 'cephfs_data' created
pool 'cephfs_metadata' created
new fs with metadata pool 2 and data pool 1
2017-12-15 05:53:39  /entrypoint.sh: SUCCESS
2017-12-15 05:53:39.925434 7f1e46eee300  0 set uid:gid to 64045:64045 (ceph:ceph)
2017-12-15 05:53:39.925454 7f1e46eee300  0 ceph version 9.0.0-18997-g8adf01b (8adf01b98af39502aa7fe3d10c4b19935508eaa7), process ceph-mds, pid 236
starting mds.node-4 at -
2017-12-15 05:53:39.926572 7f1e46eee300  0 pidfile_write: ignore empty --pid-file
2017-12-15 05:53:44.240888 7f1e3f8ea700  0 mds.0.cache creating system inode with ino:1
2017-12-15 05:53:44.241178 7f1e3f8ea700  0 mds.0.cache creating system inode with ino:100
2017-12-15 05:53:44.241191 7f1e3f8ea700  0 mds.0.cache creating system inode with ino:600
2017-12-15 05:53:44.241363 7f1e3f8ea700  0 mds.0.cache creating system inode with ino:601
2017-12-15 05:53:44.241662 7f1e3f8ea700  0 mds.0.cache creating system inode with ino:602
2017-12-15 05:53:44.241760 7f1e3f8ea700  0 mds.0.cache creating system inode with ino:603
2017-12-15 05:53:44.241854 7f1e3f8ea700  0 mds.0.cache creating system inode with ino:604
2017-12-15 05:53:44.241964 7f1e3f8ea700  0 mds.0.cache creating system inode with ino:605
2017-12-15 05:53:44.242052 7f1e3f8ea700  0 mds.0.cache creating system inode with ino:606
2017-12-15 05:53:44.242132 7f1e3f8ea700  0 mds.0.cache creating system inode with ino:607
2017-12-15 05:53:44.242262 7f1e3f8ea700  0 mds.0.cache creating system inode with ino:608
2017-12-15 05:53:44.242387 7f1e3f8ea700  0 mds.0.cache creating system inode with ino:609
tcmalloc: large alloc 1593843712 bytes == 0x7f20c7c42000 @  0x7f1e45ef1c4c 0x7f1e45f1244e 0x7f1e466648c3 0x7f1e466350c1 0x7f1e466398a0 0x7f1e46655dc3 0x7f1e466563c4 0x7f1e4665a59b 0x7f1e465dc16c 0x7f1e465e5951 0x7f1e465e6aa5 0x7f1e465d4593 0x7f1e46afb7a3 0x7f1e469a71dd 0x7f1e45cc9184 0x7f1e4441affd (nil)
