2017-12-15 02:40:26  /entrypoint.sh: static: does not generate config
HEALTH_WARN too few PGs per OSD (21 < min 30)
2017-12-15 02:40:27  /entrypoint.sh: static: does not generate the admin key, so we can not get it.
2017-12-15 02:40:27  /entrypoint.sh: static: make it available with the help of your configuration management system.
2017-12-15 02:40:27  /entrypoint.sh: static: ceph-ansible is a good candidate to deploy a containerized version of Ceph.
2017-12-15 02:40:27  /entrypoint.sh: static: ceph-ansible will help you fetching the keys and push them on the right nodes.
2017-12-15 02:40:27  /entrypoint.sh: static: if you're interested, please visit: https://github.com/ceph/ceph-ansible
pool 'cephfs_data' created
pool 'cephfs_metadata' created
new fs with metadata pool 2 and data pool 1
2017-12-15 02:40:29  /entrypoint.sh: SUCCESS
2017-12-15 02:40:29.657808 7f822a38b300  0 set uid:gid to 64045:64045 (ceph:ceph)
2017-12-15 02:40:29.657829 7f822a38b300  0 ceph version 9.0.0-18997-g8adf01b (8adf01b98af39502aa7fe3d10c4b19935508eaa7), process ceph-mds, pid 236
starting mds.node-4 at -
2017-12-15 02:40:29.659007 7f822a38b300  0 pidfile_write: ignore empty --pid-file
2017-12-15 02:40:34.101143 7f8222d87700  0 mds.0.cache creating system inode with ino:1
2017-12-15 02:40:34.101449 7f8222d87700  0 mds.0.cache creating system inode with ino:100
2017-12-15 02:40:34.101461 7f8222d87700  0 mds.0.cache creating system inode with ino:600
2017-12-15 02:40:34.101657 7f8222d87700  0 mds.0.cache creating system inode with ino:601
2017-12-15 02:40:34.101933 7f8222d87700  0 mds.0.cache creating system inode with ino:602
2017-12-15 02:40:34.102059 7f8222d87700  0 mds.0.cache creating system inode with ino:603
2017-12-15 02:40:34.102170 7f8222d87700  0 mds.0.cache creating system inode with ino:604
2017-12-15 02:40:34.102300 7f8222d87700  0 mds.0.cache creating system inode with ino:605
2017-12-15 02:40:34.102395 7f8222d87700  0 mds.0.cache creating system inode with ino:606
2017-12-15 02:40:34.102529 7f8222d87700  0 mds.0.cache creating system inode with ino:607
2017-12-15 02:40:34.102622 7f8222d87700  0 mds.0.cache creating system inode with ino:608
2017-12-15 02:40:34.102752 7f8222d87700  0 mds.0.cache creating system inode with ino:609
