2016-12-15 11:48:05  /entrypoint.sh: static: does not generate config
HEALTH_WARN too few PGs per OSD (10 < min 30)
2016-12-15 11:48:05  /entrypoint.sh: static: does not generate admin key
2016-12-15 11:48:06  /entrypoint.sh: SUCCESS
2016-12-15 11:48:06.326748 7ff753ea0300  0 set uid:gid to 64045:64045 (ceph:ceph)
2016-12-15 11:48:06.326788 7ff753ea0300  0 ceph version 11.0.2-1332-gf628bac (f628bac31aa0b5b2696b8defc4aa18d4bc2ef757), process ceph-mds, pid 88
starting mds.issdm-18 at -
2016-12-15 11:48:06.328950 7ff753ea0300  0 pidfile_write: ignore empty --pid-file
2016-12-15 11:48:58.897470 7ff74c8aa700  0 mds.1.cache creating system inode with ino:101
2016-12-15 11:48:58.897657 7ff74c8aa700  0 mds.1.cache creating system inode with ino:60a
2016-12-15 11:48:58.898012 7ff74c8aa700  0 mds.1.cache creating system inode with ino:60b
2016-12-15 11:48:58.898134 7ff74c8aa700  0 mds.1.cache creating system inode with ino:60c
2016-12-15 11:48:58.898250 7ff74c8aa700  0 mds.1.cache creating system inode with ino:60d
2016-12-15 11:48:58.898511 7ff74c8aa700  0 mds.1.cache creating system inode with ino:60e
2016-12-15 11:48:58.898647 7ff74c8aa700  0 mds.1.cache creating system inode with ino:60f
2016-12-15 11:48:58.898758 7ff74c8aa700  0 mds.1.cache creating system inode with ino:610
2016-12-15 11:48:58.898858 7ff74c8aa700  0 mds.1.cache creating system inode with ino:611
2016-12-15 11:48:58.899430 7ff74c8aa700  0 mds.1.cache creating system inode with ino:612
2016-12-15 11:48:58.899636 7ff74c8aa700  0 mds.1.cache creating system inode with ino:613
2016-12-15 11:48:59.942828 7ff74f82b700  0 -- 192.168.140.230:6800/2378977067 >> 192.168.140.188:6800/1189111838 conn(0x7ff75d39c000 :6800 s=STATE_ACCEPTING_WAIT_CONNECT_MSG_AUTH pgs=0 cs=0 l=0).handle_connect_msg accept connect_seq 0 vs existing csq=0 existing_state=STATE_CONNECTING_WAIT_BANNER_AND_IDENTIFY
