2016-12-15 14:45:14  /entrypoint.sh: static: does not generate config
HEALTH_WARN too few PGs per OSD (10 < min 30)
2016-12-15 14:45:15  /entrypoint.sh: static: does not generate admin key
2016-12-15 14:45:15  /entrypoint.sh: SUCCESS
2016-12-15 14:45:16.007157 7f899c045300  0 set uid:gid to 64045:64045 (ceph:ceph)
2016-12-15 14:45:16.007200 7f899c045300  0 ceph version 11.0.2-1332-gf628bac (f628bac31aa0b5b2696b8defc4aa18d4bc2ef757), process ceph-mds, pid 88
starting mds.issdm-18 at -
2016-12-15 14:45:16.009305 7f899c045300  0 pidfile_write: ignore empty --pid-file
2016-12-15 14:46:06.454767 7f8994a4f700  0 mds.1.cache creating system inode with ino:101
2016-12-15 14:46:06.454909 7f8994a4f700  0 mds.1.cache creating system inode with ino:60a
2016-12-15 14:46:06.455189 7f8994a4f700  0 mds.1.cache creating system inode with ino:60b
2016-12-15 14:46:06.455288 7f8994a4f700  0 mds.1.cache creating system inode with ino:60c
2016-12-15 14:46:06.455403 7f8994a4f700  0 mds.1.cache creating system inode with ino:60d
2016-12-15 14:46:06.455656 7f8994a4f700  0 mds.1.cache creating system inode with ino:60e
2016-12-15 14:46:06.455793 7f8994a4f700  0 mds.1.cache creating system inode with ino:60f
2016-12-15 14:46:06.455910 7f8994a4f700  0 mds.1.cache creating system inode with ino:610
2016-12-15 14:46:06.456003 7f8994a4f700  0 mds.1.cache creating system inode with ino:611
2016-12-15 14:46:06.456110 7f8994a4f700  0 mds.1.cache creating system inode with ino:612
2016-12-15 14:46:06.456220 7f8994a4f700  0 mds.1.cache creating system inode with ino:613
2016-12-15 14:46:07.501169 7f89971cf700  0 -- 192.168.140.230:6800/3848096913 >> 192.168.140.188:6800/3353962634 conn(0x7f89a6606000 :6800 s=STATE_ACCEPTING_WAIT_CONNECT_MSG_AUTH pgs=0 cs=0 l=0).handle_connect_msg accept connect_seq 0 vs existing csq=0 existing_state=STATE_CONNECTING
