2016-12-15 14:44:35  /entrypoint.sh: static: does not generate config
HEALTH_WARN too few PGs per OSD (10 < min 30)
2016-12-15 14:44:36  /entrypoint.sh: static: does not generate admin key
2016-12-15 14:44:36  /entrypoint.sh: SUCCESS
2016-12-15 14:44:36.601123 7f48fa6b3300  0 set uid:gid to 64045:64045 (ceph:ceph)
2016-12-15 14:44:36.601166 7f48fa6b3300  0 ceph version 11.0.2-1332-gf628bac (f628bac31aa0b5b2696b8defc4aa18d4bc2ef757), process ceph-mds, pid 87
starting mds.issdm-15 at -
2016-12-15 14:44:36.603195 7f48fa6b3300  0 pidfile_write: ignore empty --pid-file
2016-12-15 14:46:06.454169 7f48f30bd700  0 mds.2.cache creating system inode with ino:102
2016-12-15 14:46:06.454302 7f48f30bd700  0 mds.2.cache creating system inode with ino:614
2016-12-15 14:46:06.454568 7f48f30bd700  0 mds.2.cache creating system inode with ino:615
2016-12-15 14:46:06.454665 7f48f30bd700  0 mds.2.cache creating system inode with ino:616
2016-12-15 14:46:06.454939 7f48f30bd700  0 mds.2.cache creating system inode with ino:617
2016-12-15 14:46:06.455053 7f48f30bd700  0 mds.2.cache creating system inode with ino:618
2016-12-15 14:46:06.455183 7f48f30bd700  0 mds.2.cache creating system inode with ino:619
2016-12-15 14:46:06.455294 7f48f30bd700  0 mds.2.cache creating system inode with ino:61a
2016-12-15 14:46:06.455387 7f48f30bd700  0 mds.2.cache creating system inode with ino:61b
2016-12-15 14:46:06.455479 7f48f30bd700  0 mds.2.cache creating system inode with ino:61c
2016-12-15 14:46:06.455595 7f48f30bd700  0 mds.2.cache creating system inode with ino:61d
2016-12-15 14:46:10.752992 7f48f583d700  0 -- 192.168.140.248:6800/1851629466 >> 192.168.140.188:6800/3353962634 conn(0x7f490379a000 :6800 s=STATE_ACCEPTING_WAIT_CONNECT_MSG_AUTH pgs=0 cs=0 l=0).handle_connect_msg accept connect_seq 0 vs existing csq=0 existing_state=STATE_CONNECTING_WAIT_CONNECT_REPLY
