2016-12-16 03:01:53  /entrypoint.sh: static: does not generate config
HEALTH_WARN too few PGs per OSD (10 < min 30)
2016-12-16 03:01:54  /entrypoint.sh: static: does not generate admin key
2016-12-16 03:01:55  /entrypoint.sh: SUCCESS
2016-12-16 03:01:55.058579 7f8e33150300  0 set uid:gid to 64045:64045 (ceph:ceph)
2016-12-16 03:01:55.058617 7f8e33150300  0 ceph version 11.0.2-1332-gf628bac (f628bac31aa0b5b2696b8defc4aa18d4bc2ef757), process ceph-mds, pid 87
starting mds.issdm-15 at -
2016-12-16 03:01:55.060698 7f8e33150300  0 pidfile_write: ignore empty --pid-file
2016-12-16 03:03:25.204704 7f8e2bb5a700  0 mds.2.cache creating system inode with ino:102
2016-12-16 03:03:25.204837 7f8e2bb5a700  0 mds.2.cache creating system inode with ino:614
2016-12-16 03:03:25.205095 7f8e2bb5a700  0 mds.2.cache creating system inode with ino:615
2016-12-16 03:03:25.205210 7f8e2bb5a700  0 mds.2.cache creating system inode with ino:616
2016-12-16 03:03:25.205501 7f8e2bb5a700  0 mds.2.cache creating system inode with ino:617
2016-12-16 03:03:25.205638 7f8e2bb5a700  0 mds.2.cache creating system inode with ino:618
2016-12-16 03:03:25.205785 7f8e2bb5a700  0 mds.2.cache creating system inode with ino:619
2016-12-16 03:03:25.205915 7f8e2bb5a700  0 mds.2.cache creating system inode with ino:61a
2016-12-16 03:03:25.206024 7f8e2bb5a700  0 mds.2.cache creating system inode with ino:61b
2016-12-16 03:03:25.206260 7f8e2bb5a700  0 mds.2.cache creating system inode with ino:61c
2016-12-16 03:03:25.206427 7f8e2bb5a700  0 mds.2.cache creating system inode with ino:61d
2016-12-16 03:03:26.268493 7f8e2dad9700  0 -- 192.168.140.248:6800/3850687169 >> 192.168.140.188:6800/3362378680 conn(0x7f8e3d856000 :6800 s=STATE_ACCEPTING_WAIT_CONNECT_MSG_AUTH pgs=0 cs=0 l=0).handle_connect_msg accept connect_seq 0 vs existing csq=0 existing_state=STATE_CONNECTING_WAIT_CONNECT_REPLY
