2017-12-21 13:45:45  /entrypoint.sh: static: does not generate config
HEALTH_WARN too few PGs per OSD (21 < min 30)
2017-12-21 13:45:45  /entrypoint.sh: static: does not generate the admin key, so we can not get it.
2017-12-21 13:45:45  /entrypoint.sh: static: make it available with the help of your configuration management system.
2017-12-21 13:45:45  /entrypoint.sh: static: ceph-ansible is a good candidate to deploy a containerized version of Ceph.
2017-12-21 13:45:45  /entrypoint.sh: static: ceph-ansible will help you fetching the keys and push them on the right nodes.
2017-12-21 13:45:45  /entrypoint.sh: static: if you're interested, please visit: https://github.com/ceph/ceph-ansible
pool 'cephfs_data' created
pool 'cephfs_metadata' created
new fs with metadata pool 2 and data pool 1
2017-12-21 13:45:48  /entrypoint.sh: SUCCESS
warning: line 14: 'public_network' in section 'global' redefined 
2017-12-21 13:45:48.307894 7f0681be2300  0 set uid:gid to 64045:64045 (ceph:ceph)
2017-12-21 13:45:48.307914 7f0681be2300  0 ceph version 9.0.0-18997-g8adf01b (8adf01b98af39502aa7fe3d10c4b19935508eaa7), process ceph-mds, pid 236
starting mds.node-4 at -
2017-12-21 13:45:48.309024 7f0681be2300  0 pidfile_write: ignore empty --pid-file
2017-12-21 13:45:52.471287 7f067a5de700  0 mds.0.cache creating system inode with ino:1
2017-12-21 13:45:52.471640 7f067a5de700  0 mds.0.cache creating system inode with ino:100
2017-12-21 13:45:52.471655 7f067a5de700  0 mds.0.cache creating system inode with ino:600
2017-12-21 13:45:52.471892 7f067a5de700  0 mds.0.cache creating system inode with ino:601
2017-12-21 13:45:52.472014 7f067a5de700  0 mds.0.cache creating system inode with ino:602
2017-12-21 13:45:52.472389 7f067a5de700  0 mds.0.cache creating system inode with ino:603
2017-12-21 13:45:52.472544 7f067a5de700  0 mds.0.cache creating system inode with ino:604
2017-12-21 13:45:52.472685 7f067a5de700  0 mds.0.cache creating system inode with ino:605
2017-12-21 13:45:52.472850 7f067a5de700  0 mds.0.cache creating system inode with ino:606
2017-12-21 13:45:52.472979 7f067a5de700  0 mds.0.cache creating system inode with ino:607
2017-12-21 13:45:52.473085 7f067a5de700  0 mds.0.cache creating system inode with ino:608
2017-12-21 13:45:52.473219 7f067a5de700  0 mds.0.cache creating system inode with ino:609
tcmalloc: large alloc 1593843712 bytes == 0x7f0770910000 @  0x7f0680be5c4c 0x7f0680c0644e 0x7f06813588c3 0x7f06813290c1 0x7f068132d8a0 0x7f0681349dc3 0x7f068134a3c4 0x7f068134e59b 0x7f06812d016c 0x7f06812d9951 0x7f06812daaa5 0x7f06812c8593 0x7f06817ef7a3 0x7f068169b1dd 0x7f06809bd184 0x7f067f10effd (nil)
tcmalloc: large alloc 3187679232 bytes == 0x7f0871d16000 @  0x7f0680be5c4c 0x7f0680c0644e 0x7f06813588c3 0x7f06813290c1 0x7f068132d8a0 0x7f0681349dc3 0x7f068134a3c4 0x7f068134e59b 0x7f06812d016c 0x7f06812d9951 0x7f06812daaa5 0x7f06812c8593 0x7f06817ef7a3 0x7f068169b1dd 0x7f06809bd184 0x7f067f10effd (nil)
