2017-12-16 04:52:55  /entrypoint.sh: static: does not generate config
HEALTH_WARN too few PGs per OSD (21 < min 30)
2017-12-16 04:52:55  /entrypoint.sh: static: does not generate the admin key, so we can not get it.
2017-12-16 04:52:55  /entrypoint.sh: static: make it available with the help of your configuration management system.
2017-12-16 04:52:55  /entrypoint.sh: static: ceph-ansible is a good candidate to deploy a containerized version of Ceph.
2017-12-16 04:52:55  /entrypoint.sh: static: ceph-ansible will help you fetching the keys and push them on the right nodes.
2017-12-16 04:52:55  /entrypoint.sh: static: if you're interested, please visit: https://github.com/ceph/ceph-ansible
pool 'cephfs_data' created
pool 'cephfs_metadata' created
new fs with metadata pool 2 and data pool 1
2017-12-16 04:52:58  /entrypoint.sh: SUCCESS
2017-12-16 04:52:58.262997 7f14535d6300  0 set uid:gid to 64045:64045 (ceph:ceph)
2017-12-16 04:52:58.263034 7f14535d6300  0 ceph version 9.0.0-18997-g8adf01b (8adf01b98af39502aa7fe3d10c4b19935508eaa7), process ceph-mds, pid 236
starting mds.node-4 at -
2017-12-16 04:52:58.264297 7f14535d6300  0 pidfile_write: ignore empty --pid-file
2017-12-16 04:53:02.399664 7f144bfd2700  0 mds.0.cache creating system inode with ino:1
2017-12-16 04:53:02.399948 7f144bfd2700  0 mds.0.cache creating system inode with ino:100
2017-12-16 04:53:02.399959 7f144bfd2700  0 mds.0.cache creating system inode with ino:600
2017-12-16 04:53:02.400171 7f144bfd2700  0 mds.0.cache creating system inode with ino:601
2017-12-16 04:53:02.400283 7f144bfd2700  0 mds.0.cache creating system inode with ino:602
2017-12-16 04:53:02.400576 7f144bfd2700  0 mds.0.cache creating system inode with ino:603
2017-12-16 04:53:02.400689 7f144bfd2700  0 mds.0.cache creating system inode with ino:604
2017-12-16 04:53:02.400833 7f144bfd2700  0 mds.0.cache creating system inode with ino:605
2017-12-16 04:53:02.400941 7f144bfd2700  0 mds.0.cache creating system inode with ino:606
2017-12-16 04:53:02.401063 7f144bfd2700  0 mds.0.cache creating system inode with ino:607
2017-12-16 04:53:02.401161 7f144bfd2700  0 mds.0.cache creating system inode with ino:608
2017-12-16 04:53:02.401278 7f144bfd2700  0 mds.0.cache creating system inode with ino:609
tcmalloc: large alloc 1593843712 bytes == 0x7f16cf3e2000 @  0x7f14525d9c4c 0x7f14525fa44e 0x7f1452d4c8c3 0x7f1452d1d0c1 0x7f1452d218a0 0x7f1452d3ddc3 0x7f1452d3e3c4 0x7f1452d4259b 0x7f1452cc416c 0x7f1452ccd951 0x7f1452cceaa5 0x7f1452cbc593 0x7f14531e37a3 0x7f145308f1dd 0x7f14523b1184 0x7f1450b02ffd (nil)
tcmalloc: large alloc 3187679232 bytes == 0x7f193fb50000 @  0x7f14525d9c4c 0x7f14525fa44e 0x7f1452d4c8c3 0x7f1452d1d0c1 0x7f1452d218a0 0x7f1452d3ddc3 0x7f1452d3e3c4 0x7f1452d4259b 0x7f1452cc416c 0x7f1452ccd951 0x7f1452cceaa5 0x7f1452cbc593 0x7f14531e37a3 0x7f145308f1dd 0x7f14523b1184 0x7f1450b02ffd (nil)
tcmalloc: large alloc 1677729792 bytes == 0x7f1dbca12000 @  0x7f14525d9c4c 0x7f14525fa44e 0x7f1452d4c8c3 0x7f1452e8c6bc 0x7f1452d9f830 0x7f1452d08d4c 0x7f1452d0985d 0x7f1452d3dec3 0x7f1452d3e3c4 0x7f1452d4259b 0x7f1452cc416c 0x7f1452ccd951 0x7f1452cceaa5 0x7f1452cbc593 0x7f14531e37a3 0x7f145308f1dd 0x7f14523b1184 0x7f1450b02ffd (nil)
tcmalloc: large alloc 6375350272 bytes == 0x7f1e2122c000 @  0x7f14525d9c4c 0x7f14525fa44e 0x7f1452d4c8c3 0x7f1452d1d0c1 0x7f1452d218a0 0x7f1452d3ddc3 0x7f1452d3e3c4 0x7f1452d4259b 0x7f1452cc416c 0x7f1452ccd951 0x7f1452cceaa5 0x7f1452cbc593 0x7f14531e37a3 0x7f145308f1dd 0x7f14523b1184 0x7f1450b02ffd (nil)
