2017-12-15 04:32:18  /entrypoint.sh: static: does not generate config
HEALTH_WARN too few PGs per OSD (21 < min 30)
2017-12-15 04:32:18  /entrypoint.sh: static: does not generate the admin key, so we can not get it.
2017-12-15 04:32:18  /entrypoint.sh: static: make it available with the help of your configuration management system.
2017-12-15 04:32:18  /entrypoint.sh: static: ceph-ansible is a good candidate to deploy a containerized version of Ceph.
2017-12-15 04:32:18  /entrypoint.sh: static: ceph-ansible will help you fetching the keys and push them on the right nodes.
2017-12-15 04:32:18  /entrypoint.sh: static: if you're interested, please visit: https://github.com/ceph/ceph-ansible
pool 'cephfs_data' created
pool 'cephfs_metadata' created
new fs with metadata pool 2 and data pool 1
2017-12-15 04:32:21  /entrypoint.sh: SUCCESS
2017-12-15 04:32:21.257124 7fce65204300  0 set uid:gid to 64045:64045 (ceph:ceph)
2017-12-15 04:32:21.257145 7fce65204300  0 ceph version 9.0.0-18997-g8adf01b (8adf01b98af39502aa7fe3d10c4b19935508eaa7), process ceph-mds, pid 236
starting mds.node-4 at -
2017-12-15 04:32:21.258277 7fce65204300  0 pidfile_write: ignore empty --pid-file
2017-12-15 04:32:25.694966 7fce5dc00700  0 mds.0.cache creating system inode with ino:1
2017-12-15 04:32:25.695269 7fce5dc00700  0 mds.0.cache creating system inode with ino:100
2017-12-15 04:32:25.695282 7fce5dc00700  0 mds.0.cache creating system inode with ino:600
2017-12-15 04:32:25.695514 7fce5dc00700  0 mds.0.cache creating system inode with ino:601
2017-12-15 04:32:25.695832 7fce5dc00700  0 mds.0.cache creating system inode with ino:602
2017-12-15 04:32:25.695924 7fce5dc00700  0 mds.0.cache creating system inode with ino:603
2017-12-15 04:32:25.696062 7fce5dc00700  0 mds.0.cache creating system inode with ino:604
2017-12-15 04:32:25.696254 7fce5dc00700  0 mds.0.cache creating system inode with ino:605
2017-12-15 04:32:25.696390 7fce5dc00700  0 mds.0.cache creating system inode with ino:606
2017-12-15 04:32:25.696490 7fce5dc00700  0 mds.0.cache creating system inode with ino:607
2017-12-15 04:32:25.696580 7fce5dc00700  0 mds.0.cache creating system inode with ino:608
2017-12-15 04:32:25.696723 7fce5dc00700  0 mds.0.cache creating system inode with ino:609
tcmalloc: large alloc 1593843712 bytes == 0x7fd0c78c4000 @  0x7fce64207c4c 0x7fce6422844e 0x7fce6497a8c3 0x7fce6494b0c1 0x7fce6494f8a0 0x7fce6496bdc3 0x7fce6496c3c4 0x7fce6497059b 0x7fce648f216c 0x7fce648fb951 0x7fce648fcaa5 0x7fce648ea593 0x7fce64e117a3 0x7fce64cbd1dd 0x7fce63fdf184 0x7fce62730ffd (nil)
