2017-12-16 01:36:17  /entrypoint.sh: static: does not generate config
HEALTH_WARN too few PGs per OSD (21 < min 30)
2017-12-16 01:36:18  /entrypoint.sh: static: does not generate the admin key, so we can not get it.
2017-12-16 01:36:18  /entrypoint.sh: static: make it available with the help of your configuration management system.
2017-12-16 01:36:18  /entrypoint.sh: static: ceph-ansible is a good candidate to deploy a containerized version of Ceph.
2017-12-16 01:36:18  /entrypoint.sh: static: ceph-ansible will help you fetching the keys and push them on the right nodes.
2017-12-16 01:36:18  /entrypoint.sh: static: if you're interested, please visit: https://github.com/ceph/ceph-ansible
pool 'cephfs_data' created
pool 'cephfs_metadata' created
new fs with metadata pool 2 and data pool 1
2017-12-16 01:36:20  /entrypoint.sh: SUCCESS
2017-12-16 01:36:20.807545 7fe50b3f8300  0 set uid:gid to 64045:64045 (ceph:ceph)
2017-12-16 01:36:20.807566 7fe50b3f8300  0 ceph version 9.0.0-18997-g8adf01b (8adf01b98af39502aa7fe3d10c4b19935508eaa7), process ceph-mds, pid 236
starting mds.node-4 at -
2017-12-16 01:36:20.808724 7fe50b3f8300  0 pidfile_write: ignore empty --pid-file
2017-12-16 01:36:24.953895 7fe503df4700  0 mds.0.cache creating system inode with ino:1
2017-12-16 01:36:24.954164 7fe503df4700  0 mds.0.cache creating system inode with ino:100
2017-12-16 01:36:24.954175 7fe503df4700  0 mds.0.cache creating system inode with ino:600
2017-12-16 01:36:24.954333 7fe503df4700  0 mds.0.cache creating system inode with ino:601
2017-12-16 01:36:24.954614 7fe503df4700  0 mds.0.cache creating system inode with ino:602
2017-12-16 01:36:24.954713 7fe503df4700  0 mds.0.cache creating system inode with ino:603
2017-12-16 01:36:24.954808 7fe503df4700  0 mds.0.cache creating system inode with ino:604
2017-12-16 01:36:24.954981 7fe503df4700  0 mds.0.cache creating system inode with ino:605
2017-12-16 01:36:24.955077 7fe503df4700  0 mds.0.cache creating system inode with ino:606
2017-12-16 01:36:24.955163 7fe503df4700  0 mds.0.cache creating system inode with ino:607
2017-12-16 01:36:24.955243 7fe503df4700  0 mds.0.cache creating system inode with ino:608
2017-12-16 01:36:24.955359 7fe503df4700  0 mds.0.cache creating system inode with ino:609
tcmalloc: large alloc 1593843712 bytes == 0x7fe786c84000 @  0x7fe50a3fbc4c 0x7fe50a41c44e 0x7fe50ab6e8c3 0x7fe50ab3f0c1 0x7fe50ab438a0 0x7fe50ab5fdc3 0x7fe50ab603c4 0x7fe50ab6459b 0x7fe50aae616c 0x7fe50aaef951 0x7fe50aaf0aa5 0x7fe50aade593 0x7fe50b0057a3 0x7fe50aeb11dd 0x7fe50a1d3184 0x7fe508924ffd (nil)
tcmalloc: large alloc 3187679232 bytes == 0x7fe9f82b6000 @  0x7fe50a3fbc4c 0x7fe50a41c44e 0x7fe50ab6e8c3 0x7fe50ab3f0c1 0x7fe50ab438a0 0x7fe50ab5fdc3 0x7fe50ab603c4 0x7fe50ab6459b 0x7fe50aae616c 0x7fe50aaef951 0x7fe50aaf0aa5 0x7fe50aade593 0x7fe50b0057a3 0x7fe50aeb11dd 0x7fe50a1d3184 0x7fe508924ffd (nil)
tcmalloc: large alloc 1677729792 bytes == 0x7fee774c2000 @  0x7fe50a3fbc4c 0x7fe50a41c44e 0x7fe50ab6e8c3 0x7fe50acae6bc 0x7fe50abc1830 0x7fe50ab2ad4c 0x7fe50ab2b85d 0x7fe50ab5fec3 0x7fe50ab603c4 0x7fe50ab6459b 0x7fe50aae616c 0x7fe50aaef951 0x7fe50aaf0aa5 0x7fe50aade593 0x7fe50b0057a3 0x7fe50aeb11dd 0x7fe50a1d3184 0x7fe508924ffd (nil)
tcmalloc: large alloc 6375350272 bytes == 0x7feedb4d8000 @  0x7fe50a3fbc4c 0x7fe50a41c44e 0x7fe50ab6e8c3 0x7fe50ab3f0c1 0x7fe50ab438a0 0x7fe50ab5fdc3 0x7fe50ab603c4 0x7fe50ab6459b 0x7fe50aae616c 0x7fe50aaef951 0x7fe50aaf0aa5 0x7fe50aade593 0x7fe50b0057a3 0x7fe50aeb11dd 0x7fe50a1d3184 0x7fe508924ffd (nil)
