2017-12-21 02:52:58  /entrypoint.sh: static: does not generate config
HEALTH_WARN too few PGs per OSD (21 < min 30)
2017-12-21 02:52:58  /entrypoint.sh: static: does not generate the admin key, so we can not get it.
2017-12-21 02:52:58  /entrypoint.sh: static: make it available with the help of your configuration management system.
2017-12-21 02:52:58  /entrypoint.sh: static: ceph-ansible is a good candidate to deploy a containerized version of Ceph.
2017-12-21 02:52:58  /entrypoint.sh: static: ceph-ansible will help you fetching the keys and push them on the right nodes.
2017-12-21 02:52:58  /entrypoint.sh: static: if you're interested, please visit: https://github.com/ceph/ceph-ansible
pool 'cephfs_data' created
pool 'cephfs_metadata' created
new fs with metadata pool 2 and data pool 1
2017-12-21 02:53:01  /entrypoint.sh: SUCCESS
warning: line 14: 'public_network' in section 'global' redefined 
2017-12-21 02:53:01.190334 7f7131fb5300  0 set uid:gid to 64045:64045 (ceph:ceph)
2017-12-21 02:53:01.190358 7f7131fb5300  0 ceph version 9.0.0-18997-g8adf01b (8adf01b98af39502aa7fe3d10c4b19935508eaa7), process ceph-mds, pid 236
starting mds.node-4 at -
2017-12-21 02:53:01.192055 7f7131fb5300  0 pidfile_write: ignore empty --pid-file
2017-12-21 02:53:05.348859 7f712a9b1700  0 mds.0.cache creating system inode with ino:1
2017-12-21 02:53:05.349172 7f712a9b1700  0 mds.0.cache creating system inode with ino:100
2017-12-21 02:53:05.349184 7f712a9b1700  0 mds.0.cache creating system inode with ino:600
2017-12-21 02:53:05.349370 7f712a9b1700  0 mds.0.cache creating system inode with ino:601
2017-12-21 02:53:05.349465 7f712a9b1700  0 mds.0.cache creating system inode with ino:602
2017-12-21 02:53:05.349699 7f712a9b1700  0 mds.0.cache creating system inode with ino:603
2017-12-21 02:53:05.349845 7f712a9b1700  0 mds.0.cache creating system inode with ino:604
2017-12-21 02:53:05.349967 7f712a9b1700  0 mds.0.cache creating system inode with ino:605
2017-12-21 02:53:05.350054 7f712a9b1700  0 mds.0.cache creating system inode with ino:606
2017-12-21 02:53:05.350135 7f712a9b1700  0 mds.0.cache creating system inode with ino:607
2017-12-21 02:53:05.350218 7f712a9b1700  0 mds.0.cache creating system inode with ino:608
2017-12-21 02:53:05.350339 7f712a9b1700  0 mds.0.cache creating system inode with ino:609
tcmalloc: large alloc 1593843712 bytes == 0x7f73b251e000 @  0x7f7130fb8c4c 0x7f7130fd944e 0x7f713172b8c3 0x7f71316fc0c1 0x7f71317008a0 0x7f713171cdc3 0x7f713171d3c4 0x7f713172159b 0x7f71316a316c 0x7f71316ac951 0x7f71316adaa5 0x7f713169b593 0x7f7131bc27a3 0x7f7131a6e1dd 0x7f7130d90184 0x7f712f4e1ffd (nil)
