2017-12-15 21:27:55  /entrypoint.sh: static: does not generate config
HEALTH_WARN too few PGs per OSD (21 < min 30)
2017-12-15 21:27:55  /entrypoint.sh: static: does not generate the admin key, so we can not get it.
2017-12-15 21:27:55  /entrypoint.sh: static: make it available with the help of your configuration management system.
2017-12-15 21:27:55  /entrypoint.sh: static: ceph-ansible is a good candidate to deploy a containerized version of Ceph.
2017-12-15 21:27:55  /entrypoint.sh: static: ceph-ansible will help you fetching the keys and push them on the right nodes.
2017-12-15 21:27:55  /entrypoint.sh: static: if you're interested, please visit: https://github.com/ceph/ceph-ansible
pool 'cephfs_data' created
pool 'cephfs_metadata' created
new fs with metadata pool 2 and data pool 1
2017-12-15 21:27:58  /entrypoint.sh: SUCCESS
2017-12-15 21:27:58.377493 7f5e947cc300  0 set uid:gid to 64045:64045 (ceph:ceph)
2017-12-15 21:27:58.377519 7f5e947cc300  0 ceph version 9.0.0-18997-g8adf01b (8adf01b98af39502aa7fe3d10c4b19935508eaa7), process ceph-mds, pid 236
starting mds.node-4 at -
2017-12-15 21:27:58.379569 7f5e947cc300  0 pidfile_write: ignore empty --pid-file
2017-12-15 21:28:02.604052 7f5e8d1c8700  0 mds.0.cache creating system inode with ino:1
2017-12-15 21:28:02.604434 7f5e8d1c8700  0 mds.0.cache creating system inode with ino:100
2017-12-15 21:28:02.604456 7f5e8d1c8700  0 mds.0.cache creating system inode with ino:600
2017-12-15 21:28:02.604718 7f5e8d1c8700  0 mds.0.cache creating system inode with ino:601
2017-12-15 21:28:02.605072 7f5e8d1c8700  0 mds.0.cache creating system inode with ino:602
2017-12-15 21:28:02.605272 7f5e8d1c8700  0 mds.0.cache creating system inode with ino:603
2017-12-15 21:28:02.605451 7f5e8d1c8700  0 mds.0.cache creating system inode with ino:604
2017-12-15 21:28:02.605645 7f5e8d1c8700  0 mds.0.cache creating system inode with ino:605
2017-12-15 21:28:02.605813 7f5e8d1c8700  0 mds.0.cache creating system inode with ino:606
2017-12-15 21:28:02.605997 7f5e8d1c8700  0 mds.0.cache creating system inode with ino:607
2017-12-15 21:28:02.606160 7f5e8d1c8700  0 mds.0.cache creating system inode with ino:608
2017-12-15 21:28:02.606360 7f5e8d1c8700  0 mds.0.cache creating system inode with ino:609
tcmalloc: large alloc 1593843712 bytes == 0x7f610f568000 @  0x7f5e937cfc4c 0x7f5e937f044e 0x7f5e93f428c3 0x7f5e93f130c1 0x7f5e93f178a0 0x7f5e93f33dc3 0x7f5e93f343c4 0x7f5e93f3859b 0x7f5e93eba16c 0x7f5e93ec3951 0x7f5e93ec4aa5 0x7f5e93eb2593 0x7f5e943d97a3 0x7f5e942851dd 0x7f5e935a7184 0x7f5e91cf8ffd (nil)
tcmalloc: large alloc 3187679232 bytes == 0x7f638015e000 @  0x7f5e937cfc4c 0x7f5e937f044e 0x7f5e93f428c3 0x7f5e93f130c1 0x7f5e93f178a0 0x7f5e93f33dc3 0x7f5e93f343c4 0x7f5e93f3859b 0x7f5e93eba16c 0x7f5e93ec3951 0x7f5e93ec4aa5 0x7f5e93eb2593 0x7f5e943d97a3 0x7f5e942851dd 0x7f5e935a7184 0x7f5e91cf8ffd (nil)
tcmalloc: large alloc 1677729792 bytes == 0x7f67fca68000 @  0x7f5e937cfc4c 0x7f5e937f044e 0x7f5e93f428c3 0x7f5e940826bc 0x7f5e93f95830 0x7f5e93efed4c 0x7f5e93eff85d 0x7f5e93f33ec3 0x7f5e93f343c4 0x7f5e93f3859b 0x7f5e93eba16c 0x7f5e93ec3951 0x7f5e93ec4aa5 0x7f5e93eb2593 0x7f5e943d97a3 0x7f5e942851dd 0x7f5e935a7184 0x7f5e91cf8ffd (nil)
tcmalloc: large alloc 6375350272 bytes == 0x7f68612d6000 @  0x7f5e937cfc4c 0x7f5e937f044e 0x7f5e93f428c3 0x7f5e93f130c1 0x7f5e93f178a0 0x7f5e93f33dc3 0x7f5e93f343c4 0x7f5e93f3859b 0x7f5e93eba16c 0x7f5e93ec3951 0x7f5e93ec4aa5 0x7f5e93eb2593 0x7f5e943d97a3 0x7f5e942851dd 0x7f5e935a7184 0x7f5e91cf8ffd (nil)
