2017-12-15 14:52:40  /entrypoint.sh: static: does not generate config
HEALTH_WARN too few PGs per OSD (21 < min 30)
2017-12-15 14:52:41  /entrypoint.sh: static: does not generate the admin key, so we can not get it.
2017-12-15 14:52:41  /entrypoint.sh: static: make it available with the help of your configuration management system.
2017-12-15 14:52:41  /entrypoint.sh: static: ceph-ansible is a good candidate to deploy a containerized version of Ceph.
2017-12-15 14:52:41  /entrypoint.sh: static: ceph-ansible will help you fetching the keys and push them on the right nodes.
2017-12-15 14:52:41  /entrypoint.sh: static: if you're interested, please visit: https://github.com/ceph/ceph-ansible
pool 'cephfs_data' created
pool 'cephfs_metadata' created
new fs with metadata pool 2 and data pool 1
2017-12-15 14:52:43  /entrypoint.sh: SUCCESS
2017-12-15 14:52:43.758487 7fc52478f300  0 set uid:gid to 64045:64045 (ceph:ceph)
2017-12-15 14:52:43.758506 7fc52478f300  0 ceph version 9.0.0-18997-g8adf01b (8adf01b98af39502aa7fe3d10c4b19935508eaa7), process ceph-mds, pid 236
starting mds.node-4 at -
2017-12-15 14:52:43.759806 7fc52478f300  0 pidfile_write: ignore empty --pid-file
2017-12-15 14:52:47.895896 7fc51d18b700  0 mds.0.cache creating system inode with ino:1
2017-12-15 14:52:47.896216 7fc51d18b700  0 mds.0.cache creating system inode with ino:100
2017-12-15 14:52:47.896228 7fc51d18b700  0 mds.0.cache creating system inode with ino:600
2017-12-15 14:52:47.896429 7fc51d18b700  0 mds.0.cache creating system inode with ino:601
2017-12-15 14:52:47.896779 7fc51d18b700  0 mds.0.cache creating system inode with ino:602
2017-12-15 14:52:47.896885 7fc51d18b700  0 mds.0.cache creating system inode with ino:603
2017-12-15 14:52:47.896979 7fc51d18b700  0 mds.0.cache creating system inode with ino:604
2017-12-15 14:52:47.897120 7fc51d18b700  0 mds.0.cache creating system inode with ino:605
2017-12-15 14:52:47.897206 7fc51d18b700  0 mds.0.cache creating system inode with ino:606
2017-12-15 14:52:47.897318 7fc51d18b700  0 mds.0.cache creating system inode with ino:607
2017-12-15 14:52:47.897423 7fc51d18b700  0 mds.0.cache creating system inode with ino:608
2017-12-15 14:52:47.897532 7fc51d18b700  0 mds.0.cache creating system inode with ino:609
tcmalloc: large alloc 1593843712 bytes == 0x7fc78750e000 @  0x7fc523792c4c 0x7fc5237b344e 0x7fc523f058c3 0x7fc523ed60c1 0x7fc523eda8a0 0x7fc523ef6dc3 0x7fc523ef73c4 0x7fc523efb59b 0x7fc523e7d16c 0x7fc523e86951 0x7fc523e87aa5 0x7fc523e75593 0x7fc52439c7a3 0x7fc5242481dd 0x7fc52356a184 0x7fc521cbbffd (nil)
tcmalloc: large alloc 3187679232 bytes == 0x7fca0e7ca000 @  0x7fc523792c4c 0x7fc5237b344e 0x7fc523f058c3 0x7fc523ed60c1 0x7fc523eda8a0 0x7fc523ef6dc3 0x7fc523ef73c4 0x7fc523efb59b 0x7fc523e7d16c 0x7fc523e86951 0x7fc523e87aa5 0x7fc523e75593 0x7fc52439c7a3 0x7fc5242481dd 0x7fc52356a184 0x7fc521cbbffd (nil)
