2017-12-20 23:27:43  /entrypoint.sh: static: does not generate config
HEALTH_WARN too few PGs per OSD (21 < min 30)
2017-12-20 23:27:43  /entrypoint.sh: static: does not generate the admin key, so we can not get it.
2017-12-20 23:27:43  /entrypoint.sh: static: make it available with the help of your configuration management system.
2017-12-20 23:27:43  /entrypoint.sh: static: ceph-ansible is a good candidate to deploy a containerized version of Ceph.
2017-12-20 23:27:43  /entrypoint.sh: static: ceph-ansible will help you fetching the keys and push them on the right nodes.
2017-12-20 23:27:43  /entrypoint.sh: static: if you're interested, please visit: https://github.com/ceph/ceph-ansible
pool 'cephfs_data' created
pool 'cephfs_metadata' created
new fs with metadata pool 2 and data pool 1
2017-12-20 23:27:46  /entrypoint.sh: SUCCESS
warning: line 14: 'public_network' in section 'global' redefined 
2017-12-20 23:27:46.278979 7fb1eddae300  0 set uid:gid to 64045:64045 (ceph:ceph)
2017-12-20 23:27:46.279000 7fb1eddae300  0 ceph version 9.0.0-18997-g8adf01b (8adf01b98af39502aa7fe3d10c4b19935508eaa7), process ceph-mds, pid 236
starting mds.node-4 at -
2017-12-20 23:27:46.280476 7fb1eddae300  0 pidfile_write: ignore empty --pid-file
2017-12-20 23:27:50.437022 7fb1e67aa700  0 mds.0.cache creating system inode with ino:1
2017-12-20 23:27:50.437367 7fb1e67aa700  0 mds.0.cache creating system inode with ino:100
2017-12-20 23:27:50.437384 7fb1e67aa700  0 mds.0.cache creating system inode with ino:600
2017-12-20 23:27:50.437574 7fb1e67aa700  0 mds.0.cache creating system inode with ino:601
2017-12-20 23:27:50.437669 7fb1e67aa700  0 mds.0.cache creating system inode with ino:602
2017-12-20 23:27:50.437922 7fb1e67aa700  0 mds.0.cache creating system inode with ino:603
2017-12-20 23:27:50.438013 7fb1e67aa700  0 mds.0.cache creating system inode with ino:604
2017-12-20 23:27:50.438130 7fb1e67aa700  0 mds.0.cache creating system inode with ino:605
2017-12-20 23:27:50.438291 7fb1e67aa700  0 mds.0.cache creating system inode with ino:606
2017-12-20 23:27:50.438408 7fb1e67aa700  0 mds.0.cache creating system inode with ino:607
2017-12-20 23:27:50.438496 7fb1e67aa700  0 mds.0.cache creating system inode with ino:608
2017-12-20 23:27:50.438604 7fb1e67aa700  0 mds.0.cache creating system inode with ino:609
tcmalloc: large alloc 1593843712 bytes == 0x7fb2e8d26000 @  0x7fb1ecdb1c4c 0x7fb1ecdd244e 0x7fb1ed5248c3 0x7fb1ed670db9 0x7fb1ed672918 0x7fb1ed67871c 0x7fb1ed6e0af1 0x7fb1ed7f7656 0x7fb1ecb89184 0x7fb1eb2daffd (nil)
