2017-12-15 11:25:27  /entrypoint.sh: static: does not generate config
HEALTH_WARN too few PGs per OSD (21 < min 30)
2017-12-15 11:25:27  /entrypoint.sh: static: does not generate the admin key, so we can not get it.
2017-12-15 11:25:27  /entrypoint.sh: static: make it available with the help of your configuration management system.
2017-12-15 11:25:27  /entrypoint.sh: static: ceph-ansible is a good candidate to deploy a containerized version of Ceph.
2017-12-15 11:25:27  /entrypoint.sh: static: ceph-ansible will help you fetching the keys and push them on the right nodes.
2017-12-15 11:25:27  /entrypoint.sh: static: if you're interested, please visit: https://github.com/ceph/ceph-ansible
pool 'cephfs_data' created
pool 'cephfs_metadata' created
new fs with metadata pool 2 and data pool 1
2017-12-15 11:25:30  /entrypoint.sh: SUCCESS
2017-12-15 11:25:30.377910 7f2b8a416300  0 set uid:gid to 64045:64045 (ceph:ceph)
2017-12-15 11:25:30.377934 7f2b8a416300  0 ceph version 9.0.0-18997-g8adf01b (8adf01b98af39502aa7fe3d10c4b19935508eaa7), process ceph-mds, pid 236
starting mds.node-4 at -
2017-12-15 11:25:30.379189 7f2b8a416300  0 pidfile_write: ignore empty --pid-file
2017-12-15 11:25:34.526605 7f2b82e12700  0 mds.0.cache creating system inode with ino:1
2017-12-15 11:25:34.527019 7f2b82e12700  0 mds.0.cache creating system inode with ino:100
2017-12-15 11:25:34.527037 7f2b82e12700  0 mds.0.cache creating system inode with ino:600
2017-12-15 11:25:34.527257 7f2b82e12700  0 mds.0.cache creating system inode with ino:601
2017-12-15 11:25:34.527384 7f2b82e12700  0 mds.0.cache creating system inode with ino:602
2017-12-15 11:25:34.527702 7f2b82e12700  0 mds.0.cache creating system inode with ino:603
2017-12-15 11:25:34.527802 7f2b82e12700  0 mds.0.cache creating system inode with ino:604
2017-12-15 11:25:34.527950 7f2b82e12700  0 mds.0.cache creating system inode with ino:605
2017-12-15 11:25:34.528084 7f2b82e12700  0 mds.0.cache creating system inode with ino:606
2017-12-15 11:25:34.528232 7f2b82e12700  0 mds.0.cache creating system inode with ino:607
2017-12-15 11:25:34.528423 7f2b82e12700  0 mds.0.cache creating system inode with ino:608
2017-12-15 11:25:34.528672 7f2b82e12700  0 mds.0.cache creating system inode with ino:609
tcmalloc: large alloc 1593843712 bytes == 0x7f2debff0000 @  0x7f2b89419c4c 0x7f2b8943a44e 0x7f2b89b8c8c3 0x7f2b89b5d0c1 0x7f2b89b618a0 0x7f2b89b7ddc3 0x7f2b89b7e3c4 0x7f2b89b8259b 0x7f2b89b0416c 0x7f2b89b0d951 0x7f2b89b0eaa5 0x7f2b89afc593 0x7f2b8a0237a3 0x7f2b89ecf1dd 0x7f2b891f1184 0x7f2b87942ffd (nil)
