2017-12-21 08:38:37  /entrypoint.sh: static: does not generate config
HEALTH_WARN too few PGs per OSD (21 < min 30)
2017-12-21 08:38:38  /entrypoint.sh: static: does not generate the admin key, so we can not get it.
2017-12-21 08:38:38  /entrypoint.sh: static: make it available with the help of your configuration management system.
2017-12-21 08:38:38  /entrypoint.sh: static: ceph-ansible is a good candidate to deploy a containerized version of Ceph.
2017-12-21 08:38:38  /entrypoint.sh: static: ceph-ansible will help you fetching the keys and push them on the right nodes.
2017-12-21 08:38:38  /entrypoint.sh: static: if you're interested, please visit: https://github.com/ceph/ceph-ansible
pool 'cephfs_data' created
pool 'cephfs_metadata' created
new fs with metadata pool 2 and data pool 1
2017-12-21 08:38:40  /entrypoint.sh: SUCCESS
warning: line 14: 'public_network' in section 'global' redefined 
2017-12-21 08:38:40.908628 7f6c2baa9300  0 set uid:gid to 64045:64045 (ceph:ceph)
2017-12-21 08:38:40.908649 7f6c2baa9300  0 ceph version 9.0.0-18997-g8adf01b (8adf01b98af39502aa7fe3d10c4b19935508eaa7), process ceph-mds, pid 236
starting mds.node-4 at -
2017-12-21 08:38:40.909766 7f6c2baa9300  0 pidfile_write: ignore empty --pid-file
2017-12-21 08:38:45.067055 7f6c244a5700  0 mds.0.cache creating system inode with ino:1
2017-12-21 08:38:45.067325 7f6c244a5700  0 mds.0.cache creating system inode with ino:100
2017-12-21 08:38:45.067337 7f6c244a5700  0 mds.0.cache creating system inode with ino:600
2017-12-21 08:38:45.067516 7f6c244a5700  0 mds.0.cache creating system inode with ino:601
2017-12-21 08:38:45.067603 7f6c244a5700  0 mds.0.cache creating system inode with ino:602
2017-12-21 08:38:45.067868 7f6c244a5700  0 mds.0.cache creating system inode with ino:603
2017-12-21 08:38:45.067970 7f6c244a5700  0 mds.0.cache creating system inode with ino:604
2017-12-21 08:38:45.068165 7f6c244a5700  0 mds.0.cache creating system inode with ino:605
2017-12-21 08:38:45.068377 7f6c244a5700  0 mds.0.cache creating system inode with ino:606
2017-12-21 08:38:45.068528 7f6c244a5700  0 mds.0.cache creating system inode with ino:607
2017-12-21 08:38:45.068683 7f6c244a5700  0 mds.0.cache creating system inode with ino:608
2017-12-21 08:38:45.068887 7f6c244a5700  0 mds.0.cache creating system inode with ino:609
tcmalloc: large alloc 1593843712 bytes == 0x7f6eab4cc000 @  0x7f6c2aaacc4c 0x7f6c2aacd44e 0x7f6c2b21f8c3 0x7f6c2b1f00c1 0x7f6c2b1f48a0 0x7f6c2b210dc3 0x7f6c2b2113c4 0x7f6c2b21559b 0x7f6c2b19716c 0x7f6c2b1a0951 0x7f6c2b1a1aa5 0x7f6c2b18f593 0x7f6c2b6b67a3 0x7f6c2b5621dd 0x7f6c2a884184 0x7f6c28fd5ffd (nil)
tcmalloc: large alloc 3187679232 bytes == 0x7f711e686000 @  0x7f6c2aaacc4c 0x7f6c2aacd44e 0x7f6c2b21f8c3 0x7f6c2b1f00c1 0x7f6c2b1f48a0 0x7f6c2b210dc3 0x7f6c2b2113c4 0x7f6c2b21559b 0x7f6c2b19716c 0x7f6c2b1a0951 0x7f6c2b1a1aa5 0x7f6c2b18f593 0x7f6c2b6b67a3 0x7f6c2b5621dd 0x7f6c2a884184 0x7f6c28fd5ffd (nil)
