2017-12-20 22:58:52  /entrypoint.sh: static: does not generate config
HEALTH_WARN too few PGs per OSD (21 < min 30)
2017-12-20 22:58:52  /entrypoint.sh: static: does not generate the admin key, so we can not get it.
2017-12-20 22:58:52  /entrypoint.sh: static: make it available with the help of your configuration management system.
2017-12-20 22:58:52  /entrypoint.sh: static: ceph-ansible is a good candidate to deploy a containerized version of Ceph.
2017-12-20 22:58:52  /entrypoint.sh: static: ceph-ansible will help you fetching the keys and push them on the right nodes.
2017-12-20 22:58:52  /entrypoint.sh: static: if you're interested, please visit: https://github.com/ceph/ceph-ansible
pool 'cephfs_data' created
pool 'cephfs_metadata' created
new fs with metadata pool 2 and data pool 1
2017-12-20 22:58:54  /entrypoint.sh: SUCCESS
warning: line 14: 'public_network' in section 'global' redefined 
2017-12-20 22:58:54.975692 7ff40796a300  0 set uid:gid to 64045:64045 (ceph:ceph)
2017-12-20 22:58:54.975721 7ff40796a300  0 ceph version 9.0.0-18997-g8adf01b (8adf01b98af39502aa7fe3d10c4b19935508eaa7), process ceph-mds, pid 236
starting mds.node-4 at -
2017-12-20 22:58:54.977650 7ff40796a300  0 pidfile_write: ignore empty --pid-file
2017-12-20 22:58:59.139966 7ff400366700  0 mds.0.cache creating system inode with ino:1
2017-12-20 22:58:59.140262 7ff400366700  0 mds.0.cache creating system inode with ino:100
2017-12-20 22:58:59.140275 7ff400366700  0 mds.0.cache creating system inode with ino:600
2017-12-20 22:58:59.140536 7ff400366700  0 mds.0.cache creating system inode with ino:601
2017-12-20 22:58:59.140638 7ff400366700  0 mds.0.cache creating system inode with ino:602
2017-12-20 22:58:59.140889 7ff400366700  0 mds.0.cache creating system inode with ino:603
2017-12-20 22:58:59.141018 7ff400366700  0 mds.0.cache creating system inode with ino:604
2017-12-20 22:58:59.141153 7ff400366700  0 mds.0.cache creating system inode with ino:605
2017-12-20 22:58:59.141241 7ff400366700  0 mds.0.cache creating system inode with ino:606
2017-12-20 22:58:59.141338 7ff400366700  0 mds.0.cache creating system inode with ino:607
2017-12-20 22:58:59.141432 7ff400366700  0 mds.0.cache creating system inode with ino:608
2017-12-20 22:58:59.141576 7ff400366700  0 mds.0.cache creating system inode with ino:609
tcmalloc: large alloc 1593843712 bytes == 0x7ff4ea2f0000 @  0x7ff40696dc4c 0x7ff40698e44e 0x7ff4070e08c3 0x7ff40722cdb9 0x7ff40722e918 0x7ff40723471c 0x7ff40729caf1 0x7ff4073b3656 0x7ff406745184 0x7ff404e96ffd (nil)
