2016-12-15 15:27:55  /entrypoint.sh: static: does not generate config
HEALTH_WARN too few PGs per OSD (10 < min 30)
2016-12-15 15:27:56  /entrypoint.sh: static: does not generate admin key
2016-12-15 15:27:56  /entrypoint.sh: SUCCESS
2016-12-15 15:27:56.788625 7fc3f1d6c300  0 set uid:gid to 64045:64045 (ceph:ceph)
2016-12-15 15:27:56.788664 7fc3f1d6c300  0 ceph version 11.0.2-1332-gf628bac (f628bac31aa0b5b2696b8defc4aa18d4bc2ef757), process ceph-mds, pid 88
starting mds.issdm-18 at -
2016-12-15 15:27:56.790603 7fc3f1d6c300  0 pidfile_write: ignore empty --pid-file
2016-12-15 15:28:46.668995 7fc3ea776700  0 mds.1.cache creating system inode with ino:101
2016-12-15 15:28:46.669235 7fc3ea776700  0 mds.1.cache creating system inode with ino:60a
2016-12-15 15:28:46.669526 7fc3ea776700  0 mds.1.cache creating system inode with ino:60b
2016-12-15 15:28:46.669627 7fc3ea776700  0 mds.1.cache creating system inode with ino:60c
2016-12-15 15:28:46.669747 7fc3ea776700  0 mds.1.cache creating system inode with ino:60d
2016-12-15 15:28:46.669994 7fc3ea776700  0 mds.1.cache creating system inode with ino:60e
2016-12-15 15:28:46.670125 7fc3ea776700  0 mds.1.cache creating system inode with ino:60f
2016-12-15 15:28:46.670241 7fc3ea776700  0 mds.1.cache creating system inode with ino:610
2016-12-15 15:28:46.670343 7fc3ea776700  0 mds.1.cache creating system inode with ino:611
2016-12-15 15:28:46.670460 7fc3ea776700  0 mds.1.cache creating system inode with ino:612
2016-12-15 15:28:46.670569 7fc3ea776700  0 mds.1.cache creating system inode with ino:613
2016-12-15 15:28:47.759777 7fc3ec6f5700  0 -- 192.168.140.230:6800/1654677402 >> 192.168.140.188:6800/226384045 conn(0x7fc3fb620000 :6800 s=STATE_ACCEPTING_WAIT_CONNECT_MSG_AUTH pgs=0 cs=0 l=0).handle_connect_msg accept connect_seq 0 vs existing csq=0 existing_state=STATE_CONNECTING_WAIT_CONNECT_REPLY
2016-12-15 15:28:47.760479 7fc3ec6f5700  0 -- 192.168.140.230:6800/1654677402 >> 192.168.140.188:6800/226384045 conn(0x7fc3fb620000 :6800 s=STATE_ACCEPTING_WAIT_CONNECT_MSG pgs=0 cs=0 l=0).fault with nothing to send and in the half  accept state just closed
