2016-12-16 00:11:28  /entrypoint.sh: static: does not generate config
HEALTH_WARN too few PGs per OSD (10 < min 30)
2016-12-16 00:11:29  /entrypoint.sh: static: does not generate admin key
2016-12-16 00:11:30  /entrypoint.sh: SUCCESS
2016-12-16 00:11:30.067024 7f17959c9300  0 set uid:gid to 64045:64045 (ceph:ceph)
2016-12-16 00:11:30.067063 7f17959c9300  0 ceph version 11.0.2-1332-gf628bac (f628bac31aa0b5b2696b8defc4aa18d4bc2ef757), process ceph-mds, pid 87
starting mds.issdm-18 at -
2016-12-16 00:11:30.069038 7f17959c9300  0 pidfile_write: ignore empty --pid-file
2016-12-16 00:12:21.443673 7f178e3d3700  0 mds.1.cache creating system inode with ino:101
2016-12-16 00:12:21.443817 7f178e3d3700  0 mds.1.cache creating system inode with ino:60a
2016-12-16 00:12:21.444066 7f178e3d3700  0 mds.1.cache creating system inode with ino:60b
2016-12-16 00:12:21.444173 7f178e3d3700  0 mds.1.cache creating system inode with ino:60c
2016-12-16 00:12:21.444289 7f178e3d3700  0 mds.1.cache creating system inode with ino:60d
2016-12-16 00:12:21.444546 7f178e3d3700  0 mds.1.cache creating system inode with ino:60e
2016-12-16 00:12:21.444683 7f178e3d3700  0 mds.1.cache creating system inode with ino:60f
2016-12-16 00:12:21.444802 7f178e3d3700  0 mds.1.cache creating system inode with ino:610
2016-12-16 00:12:21.444901 7f178e3d3700  0 mds.1.cache creating system inode with ino:611
2016-12-16 00:12:21.445015 7f178e3d3700  0 mds.1.cache creating system inode with ino:612
2016-12-16 00:12:21.445123 7f178e3d3700  0 mds.1.cache creating system inode with ino:613
2016-12-16 00:12:22.530635 7f1791354700  0 -- 192.168.140.230:6800/1597000871 >> 192.168.140.188:6800/3795178458 conn(0x7f179ff6c000 :6800 s=STATE_ACCEPTING_WAIT_CONNECT_MSG_AUTH pgs=0 cs=0 l=0).handle_connect_msg accept connect_seq 0 vs existing csq=0 existing_state=STATE_CONNECTING_WAIT_CONNECT_REPLY
2016-12-16 00:12:22.532257 7f1791354700  0 -- 192.168.140.230:6800/1597000871 >> 192.168.140.188:6800/3795178458 conn(0x7f179ff6c000 :6800 s=STATE_ACCEPTING_WAIT_CONNECT_MSG pgs=0 cs=0 l=0).fault with nothing to send and in the half  accept state just closed
