2017-12-21 10:27:04  /entrypoint.sh: static: does not generate config
HEALTH_WARN too few PGs per OSD (21 < min 30)
2017-12-21 10:27:04  /entrypoint.sh: static: does not generate the admin key, so we can not get it.
2017-12-21 10:27:04  /entrypoint.sh: static: make it available with the help of your configuration management system.
2017-12-21 10:27:04  /entrypoint.sh: static: ceph-ansible is a good candidate to deploy a containerized version of Ceph.
2017-12-21 10:27:04  /entrypoint.sh: static: ceph-ansible will help you fetching the keys and push them on the right nodes.
2017-12-21 10:27:04  /entrypoint.sh: static: if you're interested, please visit: https://github.com/ceph/ceph-ansible
pool 'cephfs_data' created
pool 'cephfs_metadata' created
new fs with metadata pool 2 and data pool 1
2017-12-21 10:27:07  /entrypoint.sh: SUCCESS
warning: line 14: 'public_network' in section 'global' redefined 
2017-12-21 10:27:07.296938 7f1d0236c300  0 set uid:gid to 64045:64045 (ceph:ceph)
2017-12-21 10:27:07.296961 7f1d0236c300  0 ceph version 9.0.0-18997-g8adf01b (8adf01b98af39502aa7fe3d10c4b19935508eaa7), process ceph-mds, pid 236
starting mds.node-4 at -
2017-12-21 10:27:07.298220 7f1d0236c300  0 pidfile_write: ignore empty --pid-file
2017-12-21 10:27:11.455231 7f1cfad68700  0 mds.0.cache creating system inode with ino:1
2017-12-21 10:27:11.455518 7f1cfad68700  0 mds.0.cache creating system inode with ino:100
2017-12-21 10:27:11.455531 7f1cfad68700  0 mds.0.cache creating system inode with ino:600
2017-12-21 10:27:11.455707 7f1cfad68700  0 mds.0.cache creating system inode with ino:601
2017-12-21 10:27:11.455850 7f1cfad68700  0 mds.0.cache creating system inode with ino:602
2017-12-21 10:27:11.456100 7f1cfad68700  0 mds.0.cache creating system inode with ino:603
2017-12-21 10:27:11.456250 7f1cfad68700  0 mds.0.cache creating system inode with ino:604
2017-12-21 10:27:11.456469 7f1cfad68700  0 mds.0.cache creating system inode with ino:605
2017-12-21 10:27:11.456573 7f1cfad68700  0 mds.0.cache creating system inode with ino:606
2017-12-21 10:27:11.456718 7f1cfad68700  0 mds.0.cache creating system inode with ino:607
2017-12-21 10:27:11.456824 7f1cfad68700  0 mds.0.cache creating system inode with ino:608
2017-12-21 10:27:11.456945 7f1cfad68700  0 mds.0.cache creating system inode with ino:609
tcmalloc: large alloc 1593843712 bytes == 0x7f1df6668000 @  0x7f1d0136fc4c 0x7f1d0139044e 0x7f1d01ae28c3 0x7f1d01ab30c1 0x7f1d01ab78a0 0x7f1d01ad3dc3 0x7f1d01ad43c4 0x7f1d01ad859b 0x7f1d01a5a16c 0x7f1d01a63951 0x7f1d01a64aa5 0x7f1d01a52593 0x7f1d01f797a3 0x7f1d01e251dd 0x7f1d01147184 0x7f1cff898ffd (nil)
tcmalloc: large alloc 3187679232 bytes == 0x7f1efc51a000 @  0x7f1d0136fc4c 0x7f1d0139044e 0x7f1d01ae28c3 0x7f1d01c2edb9 0x7f1d01c30918 0x7f1d01c3671c 0x7f1d01c9eaf1 0x7f1d01db5656 0x7f1d01147184 0x7f1cff898ffd (nil)
