2017-12-15 10:49:23  /entrypoint.sh: static: does not generate config
HEALTH_WARN too few PGs per OSD (21 < min 30)
2017-12-15 10:49:23  /entrypoint.sh: static: does not generate the admin key, so we can not get it.
2017-12-15 10:49:23  /entrypoint.sh: static: make it available with the help of your configuration management system.
2017-12-15 10:49:23  /entrypoint.sh: static: ceph-ansible is a good candidate to deploy a containerized version of Ceph.
2017-12-15 10:49:23  /entrypoint.sh: static: ceph-ansible will help you fetching the keys and push them on the right nodes.
2017-12-15 10:49:23  /entrypoint.sh: static: if you're interested, please visit: https://github.com/ceph/ceph-ansible
pool 'cephfs_data' created
pool 'cephfs_metadata' created
new fs with metadata pool 2 and data pool 1
2017-12-15 10:49:25  /entrypoint.sh: SUCCESS
2017-12-15 10:49:25.983292 7f956945b300  0 set uid:gid to 64045:64045 (ceph:ceph)
2017-12-15 10:49:25.983316 7f956945b300  0 ceph version 9.0.0-18997-g8adf01b (8adf01b98af39502aa7fe3d10c4b19935508eaa7), process ceph-mds, pid 236
starting mds.node-4 at -
2017-12-15 10:49:25.984329 7f956945b300  0 pidfile_write: ignore empty --pid-file
2017-12-15 10:49:30.203832 7f9561e57700  0 mds.0.cache creating system inode with ino:1
2017-12-15 10:49:30.204133 7f9561e57700  0 mds.0.cache creating system inode with ino:100
2017-12-15 10:49:30.204146 7f9561e57700  0 mds.0.cache creating system inode with ino:600
2017-12-15 10:49:30.204316 7f9561e57700  0 mds.0.cache creating system inode with ino:601
2017-12-15 10:49:30.204585 7f9561e57700  0 mds.0.cache creating system inode with ino:602
2017-12-15 10:49:30.204683 7f9561e57700  0 mds.0.cache creating system inode with ino:603
2017-12-15 10:49:30.204817 7f9561e57700  0 mds.0.cache creating system inode with ino:604
2017-12-15 10:49:30.204999 7f9561e57700  0 mds.0.cache creating system inode with ino:605
2017-12-15 10:49:30.205234 7f9561e57700  0 mds.0.cache creating system inode with ino:606
2017-12-15 10:49:30.205436 7f9561e57700  0 mds.0.cache creating system inode with ino:607
2017-12-15 10:49:30.205610 7f9561e57700  0 mds.0.cache creating system inode with ino:608
2017-12-15 10:49:30.205847 7f9561e57700  0 mds.0.cache creating system inode with ino:609
