2017-12-21 19:34:02  /entrypoint.sh: static: does not generate config
HEALTH_WARN too few PGs per OSD (21 < min 30)
2017-12-21 19:34:02  /entrypoint.sh: static: does not generate the admin key, so we can not get it.
2017-12-21 19:34:02  /entrypoint.sh: static: make it available with the help of your configuration management system.
2017-12-21 19:34:02  /entrypoint.sh: static: ceph-ansible is a good candidate to deploy a containerized version of Ceph.
2017-12-21 19:34:02  /entrypoint.sh: static: ceph-ansible will help you fetching the keys and push them on the right nodes.
2017-12-21 19:34:02  /entrypoint.sh: static: if you're interested, please visit: https://github.com/ceph/ceph-ansible
pool 'cephfs_data' created
pool 'cephfs_metadata' created
new fs with metadata pool 2 and data pool 1
2017-12-21 19:34:04  /entrypoint.sh: SUCCESS
warning: line 14: 'public_network' in section 'global' redefined 
2017-12-21 19:34:04.926105 7f29c2600300  0 set uid:gid to 64045:64045 (ceph:ceph)
2017-12-21 19:34:04.926126 7f29c2600300  0 ceph version 9.0.0-18997-g8adf01b (8adf01b98af39502aa7fe3d10c4b19935508eaa7), process ceph-mds, pid 236
starting mds.node-4 at -
2017-12-21 19:34:04.927270 7f29c2600300  0 pidfile_write: ignore empty --pid-file
2017-12-21 19:34:09.093537 7f29baffc700  0 mds.0.cache creating system inode with ino:1
2017-12-21 19:34:09.093833 7f29baffc700  0 mds.0.cache creating system inode with ino:100
2017-12-21 19:34:09.093847 7f29baffc700  0 mds.0.cache creating system inode with ino:600
2017-12-21 19:34:09.094024 7f29baffc700  0 mds.0.cache creating system inode with ino:601
2017-12-21 19:34:09.094181 7f29baffc700  0 mds.0.cache creating system inode with ino:602
2017-12-21 19:34:09.094481 7f29baffc700  0 mds.0.cache creating system inode with ino:603
2017-12-21 19:34:09.094591 7f29baffc700  0 mds.0.cache creating system inode with ino:604
2017-12-21 19:34:09.094725 7f29baffc700  0 mds.0.cache creating system inode with ino:605
2017-12-21 19:34:09.094872 7f29baffc700  0 mds.0.cache creating system inode with ino:606
2017-12-21 19:34:09.095088 7f29baffc700  0 mds.0.cache creating system inode with ino:607
2017-12-21 19:34:09.095254 7f29baffc700  0 mds.0.cache creating system inode with ino:608
2017-12-21 19:34:09.095459 7f29baffc700  0 mds.0.cache creating system inode with ino:609
tcmalloc: large alloc 1593843712 bytes == 0x7f2ab200e000 @  0x7f29c1603c4c 0x7f29c162444e 0x7f29c1d768c3 0x7f29c1d470c1 0x7f29c1d4b8a0 0x7f29c1d67dc3 0x7f29c1d683c4 0x7f29c1d6c59b 0x7f29c1cee16c 0x7f29c1cf7951 0x7f29c1cf8aa5 0x7f29c1ce6593 0x7f29c220d7a3 0x7f29c20b91dd 0x7f29c13db184 0x7f29bfb2cffd (nil)
tcmalloc: large alloc 3187679232 bytes == 0x7f2bb8e82000 @  0x7f29c1603c4c 0x7f29c162444e 0x7f29c1d768c3 0x7f29c1d470c1 0x7f29c1d4b8a0 0x7f29c1d67dc3 0x7f29c1d683c4 0x7f29c1d6c59b 0x7f29c1cee16c 0x7f29c1cf7951 0x7f29c1cf8aa5 0x7f29c1ce6593 0x7f29c220d7a3 0x7f29c20b91dd 0x7f29c13db184 0x7f29bfb2cffd (nil)
