2017-12-21 17:00:19  /entrypoint.sh: static: does not generate config
HEALTH_WARN too few PGs per OSD (21 < min 30)
2017-12-21 17:00:19  /entrypoint.sh: static: does not generate the admin key, so we can not get it.
2017-12-21 17:00:19  /entrypoint.sh: static: make it available with the help of your configuration management system.
2017-12-21 17:00:19  /entrypoint.sh: static: ceph-ansible is a good candidate to deploy a containerized version of Ceph.
2017-12-21 17:00:19  /entrypoint.sh: static: ceph-ansible will help you fetching the keys and push them on the right nodes.
2017-12-21 17:00:19  /entrypoint.sh: static: if you're interested, please visit: https://github.com/ceph/ceph-ansible
pool 'cephfs_data' created
pool 'cephfs_metadata' created
new fs with metadata pool 2 and data pool 1
2017-12-21 17:00:21  /entrypoint.sh: SUCCESS
warning: line 14: 'public_network' in section 'global' redefined 
2017-12-21 17:00:21.949199 7fba05fad300  0 set uid:gid to 64045:64045 (ceph:ceph)
2017-12-21 17:00:21.949223 7fba05fad300  0 ceph version 9.0.0-18997-g8adf01b (8adf01b98af39502aa7fe3d10c4b19935508eaa7), process ceph-mds, pid 236
starting mds.node-4 at -
2017-12-21 17:00:21.950479 7fba05fad300  0 pidfile_write: ignore empty --pid-file
2017-12-21 17:00:26.098350 7fb9fe9a9700  0 mds.0.cache creating system inode with ino:1
2017-12-21 17:00:26.098629 7fb9fe9a9700  0 mds.0.cache creating system inode with ino:100
2017-12-21 17:00:26.098641 7fb9fe9a9700  0 mds.0.cache creating system inode with ino:600
2017-12-21 17:00:26.098820 7fb9fe9a9700  0 mds.0.cache creating system inode with ino:601
2017-12-21 17:00:26.098941 7fb9fe9a9700  0 mds.0.cache creating system inode with ino:602
2017-12-21 17:00:26.099213 7fb9fe9a9700  0 mds.0.cache creating system inode with ino:603
2017-12-21 17:00:26.099356 7fb9fe9a9700  0 mds.0.cache creating system inode with ino:604
2017-12-21 17:00:26.099479 7fb9fe9a9700  0 mds.0.cache creating system inode with ino:605
2017-12-21 17:00:26.099570 7fb9fe9a9700  0 mds.0.cache creating system inode with ino:606
2017-12-21 17:00:26.099663 7fb9fe9a9700  0 mds.0.cache creating system inode with ino:607
2017-12-21 17:00:26.099746 7fb9fe9a9700  0 mds.0.cache creating system inode with ino:608
2017-12-21 17:00:26.099857 7fb9fe9a9700  0 mds.0.cache creating system inode with ino:609
tcmalloc: large alloc 1593843712 bytes == 0x7fbc8605c000 @  0x7fba04fb0c4c 0x7fba04fd144e 0x7fba057238c3 0x7fba056f40c1 0x7fba056f88a0 0x7fba05714dc3 0x7fba057153c4 0x7fba0571959b 0x7fba0569b16c 0x7fba056a4951 0x7fba056a5aa5 0x7fba05693593 0x7fba05bba7a3 0x7fba05a661dd 0x7fba04d88184 0x7fba034d9ffd (nil)
tcmalloc: large alloc 3187679232 bytes == 0x7fbefb990000 @  0x7fba04fb0c4c 0x7fba04fd144e 0x7fba057238c3 0x7fba056f40c1 0x7fba056f88a0 0x7fba05714dc3 0x7fba057153c4 0x7fba0571959b 0x7fba0569b16c 0x7fba056a4951 0x7fba056a5aa5 0x7fba05693593 0x7fba05bba7a3 0x7fba05a661dd 0x7fba04d88184 0x7fba034d9ffd (nil)
