2017-12-17 02:50:47  /entrypoint.sh: static: does not generate config
HEALTH_WARN too few PGs per OSD (21 < min 30)
2017-12-17 02:50:47  /entrypoint.sh: static: does not generate the admin key, so we can not get it.
2017-12-17 02:50:47  /entrypoint.sh: static: make it available with the help of your configuration management system.
2017-12-17 02:50:47  /entrypoint.sh: static: ceph-ansible is a good candidate to deploy a containerized version of Ceph.
2017-12-17 02:50:47  /entrypoint.sh: static: ceph-ansible will help you fetching the keys and push them on the right nodes.
2017-12-17 02:50:47  /entrypoint.sh: static: if you're interested, please visit: https://github.com/ceph/ceph-ansible
pool 'cephfs_data' created
pool 'cephfs_metadata' created
new fs with metadata pool 2 and data pool 1
2017-12-17 02:50:50  /entrypoint.sh: SUCCESS
2017-12-17 02:50:50.338593 7efc454ff300  0 set uid:gid to 64045:64045 (ceph:ceph)
2017-12-17 02:50:50.338616 7efc454ff300  0 ceph version 9.0.0-18997-g8adf01b (8adf01b98af39502aa7fe3d10c4b19935508eaa7), process ceph-mds, pid 236
starting mds.node-4 at -
2017-12-17 02:50:50.339888 7efc454ff300  0 pidfile_write: ignore empty --pid-file
2017-12-17 02:50:54.498129 7efc3defb700  0 mds.0.cache creating system inode with ino:1
2017-12-17 02:50:54.498403 7efc3defb700  0 mds.0.cache creating system inode with ino:100
2017-12-17 02:50:54.498414 7efc3defb700  0 mds.0.cache creating system inode with ino:600
2017-12-17 02:50:54.498614 7efc3defb700  0 mds.0.cache creating system inode with ino:601
2017-12-17 02:50:54.498948 7efc3defb700  0 mds.0.cache creating system inode with ino:602
2017-12-17 02:50:54.499059 7efc3defb700  0 mds.0.cache creating system inode with ino:603
2017-12-17 02:50:54.499173 7efc3defb700  0 mds.0.cache creating system inode with ino:604
2017-12-17 02:50:54.499297 7efc3defb700  0 mds.0.cache creating system inode with ino:605
2017-12-17 02:50:54.499385 7efc3defb700  0 mds.0.cache creating system inode with ino:606
2017-12-17 02:50:54.499489 7efc3defb700  0 mds.0.cache creating system inode with ino:607
2017-12-17 02:50:54.499579 7efc3defb700  0 mds.0.cache creating system inode with ino:608
2017-12-17 02:50:54.499695 7efc3defb700  0 mds.0.cache creating system inode with ino:609
tcmalloc: large alloc 1593843712 bytes == 0x7efec18ce000 @  0x7efc44502c4c 0x7efc4452344e 0x7efc44c758c3 0x7efc44c460c1 0x7efc44c4a8a0 0x7efc44c66dc3 0x7efc44c673c4 0x7efc44c6b59b 0x7efc44bed16c 0x7efc44bf6951 0x7efc44bf7aa5 0x7efc44be5593 0x7efc4510c7a3 0x7efc44fb81dd 0x7efc442da184 0x7efc42a2bffd (nil)
tcmalloc: large alloc 3187679232 bytes == 0x7f0131e1c000 @  0x7efc44502c4c 0x7efc4452344e 0x7efc44c758c3 0x7efc44c460c1 0x7efc44c4a8a0 0x7efc44c66dc3 0x7efc44c673c4 0x7efc44c6b59b 0x7efc44bed16c 0x7efc44bf6951 0x7efc44bf7aa5 0x7efc44be5593 0x7efc4510c7a3 0x7efc44fb81dd 0x7efc442da184 0x7efc42a2bffd (nil)
tcmalloc: large alloc 1677729792 bytes == 0x7f05ae6ca000 @  0x7efc44502c4c 0x7efc4452344e 0x7efc44c758c3 0x7efc44db56bc 0x7efc44cc8830 0x7efc44c31d4c 0x7efc44c3285d 0x7efc44c66ec3 0x7efc44c673c4 0x7efc44c6b59b 0x7efc44bed16c 0x7efc44bf6951 0x7efc44bf7aa5 0x7efc44be5593 0x7efc4510c7a3 0x7efc44fb81dd 0x7efc442da184 0x7efc42a2bffd (nil)
tcmalloc: large alloc 6375350272 bytes == 0x7f0613448000 @  0x7efc44502c4c 0x7efc4452344e 0x7efc44c758c3 0x7efc44c460c1 0x7efc44c4a8a0 0x7efc44c66dc3 0x7efc44c673c4 0x7efc44c6b59b 0x7efc44bed16c 0x7efc44bf6951 0x7efc44bf7aa5 0x7efc44be5593 0x7efc4510c7a3 0x7efc44fb81dd 0x7efc442da184 0x7efc42a2bffd (nil)
