2016-12-15 14:03:50  /entrypoint.sh: static: does not generate config
HEALTH_WARN too few PGs per OSD (10 < min 30)
2016-12-15 14:03:50  /entrypoint.sh: static: does not generate admin key
2016-12-15 14:03:51  /entrypoint.sh: SUCCESS
2016-12-15 14:03:51.254224 7fb79f8d3300  0 set uid:gid to 64045:64045 (ceph:ceph)
2016-12-15 14:03:51.254265 7fb79f8d3300  0 ceph version 11.0.2-1332-gf628bac (f628bac31aa0b5b2696b8defc4aa18d4bc2ef757), process ceph-mds, pid 87
starting mds.issdm-15 at -
2016-12-15 14:03:51.256209 7fb79f8d3300  0 pidfile_write: ignore empty --pid-file
2016-12-15 14:05:23.358801 7fb7982dd700  0 mds.2.cache creating system inode with ino:102
2016-12-15 14:05:23.358934 7fb7982dd700  0 mds.2.cache creating system inode with ino:614
2016-12-15 14:05:23.359167 7fb7982dd700  0 mds.2.cache creating system inode with ino:615
2016-12-15 14:05:23.359265 7fb7982dd700  0 mds.2.cache creating system inode with ino:616
2016-12-15 14:05:23.359539 7fb7982dd700  0 mds.2.cache creating system inode with ino:617
2016-12-15 14:05:23.359651 7fb7982dd700  0 mds.2.cache creating system inode with ino:618
2016-12-15 14:05:23.359779 7fb7982dd700  0 mds.2.cache creating system inode with ino:619
2016-12-15 14:05:23.359891 7fb7982dd700  0 mds.2.cache creating system inode with ino:61a
2016-12-15 14:05:23.359983 7fb7982dd700  0 mds.2.cache creating system inode with ino:61b
2016-12-15 14:05:23.360074 7fb7982dd700  0 mds.2.cache creating system inode with ino:61c
2016-12-15 14:05:23.360182 7fb7982dd700  0 mds.2.cache creating system inode with ino:61d
2016-12-15 14:05:24.405314 7fb79a25c700  0 -- 192.168.140.248:6800/308802676 >> 192.168.140.188:6800/638375446 conn(0x7fb7a995c000 :6800 s=STATE_ACCEPTING_WAIT_CONNECT_MSG_AUTH pgs=0 cs=0 l=0).handle_connect_msg accept connect_seq 0 vs existing csq=0 existing_state=STATE_CONNECTING_RE
2016-12-15 14:20:26.546070 7fb79aa5d700  0 -- 192.168.140.248:6800/308802676 >> 192.168.140.230:6800/2187540593 conn(0x7fb7a9992000 :-1 s=STATE_OPEN pgs=9 cs=1 l=0).fault with nothing to send, going to standby
