2016-12-15 14:04:30  /entrypoint.sh: static: does not generate config
HEALTH_WARN too few PGs per OSD (10 < min 30)
2016-12-15 14:04:31  /entrypoint.sh: static: does not generate admin key
2016-12-15 14:04:31  /entrypoint.sh: SUCCESS
2016-12-15 14:04:31.600755 7fd8e7ae4300  0 set uid:gid to 64045:64045 (ceph:ceph)
2016-12-15 14:04:31.600796 7fd8e7ae4300  0 ceph version 11.0.2-1332-gf628bac (f628bac31aa0b5b2696b8defc4aa18d4bc2ef757), process ceph-mds, pid 87
starting mds.issdm-18 at -
2016-12-15 14:04:31.602897 7fd8e7ae4300  0 pidfile_write: ignore empty --pid-file
2016-12-15 14:05:23.359682 7fd8e04ee700  0 mds.1.cache creating system inode with ino:101
2016-12-15 14:05:23.359823 7fd8e04ee700  0 mds.1.cache creating system inode with ino:60a
2016-12-15 14:05:23.360060 7fd8e04ee700  0 mds.1.cache creating system inode with ino:60b
2016-12-15 14:05:23.360158 7fd8e04ee700  0 mds.1.cache creating system inode with ino:60c
2016-12-15 14:05:23.360272 7fd8e04ee700  0 mds.1.cache creating system inode with ino:60d
2016-12-15 14:05:23.360523 7fd8e04ee700  0 mds.1.cache creating system inode with ino:60e
2016-12-15 14:05:23.360658 7fd8e04ee700  0 mds.1.cache creating system inode with ino:60f
2016-12-15 14:05:23.360769 7fd8e04ee700  0 mds.1.cache creating system inode with ino:610
2016-12-15 14:05:23.360861 7fd8e04ee700  0 mds.1.cache creating system inode with ino:611
2016-12-15 14:05:23.360966 7fd8e04ee700  0 mds.1.cache creating system inode with ino:612
2016-12-15 14:05:23.361078 7fd8e04ee700  0 mds.1.cache creating system inode with ino:613
2016-12-15 14:20:26.546530 7fd8e2c6e700  0 -- 192.168.140.230:6800/2187540593 >> 192.168.140.248:6800/308802676 conn(0x7fd8f1319000 :6800 s=STATE_OPEN pgs=10 cs=1 l=0).fault with nothing to send, going to standby
