2017-12-15 12:06:26  /entrypoint.sh: static: does not generate config
HEALTH_WARN too few PGs per OSD (21 < min 30)
2017-12-15 12:06:27  /entrypoint.sh: static: does not generate the admin key, so we can not get it.
2017-12-15 12:06:27  /entrypoint.sh: static: make it available with the help of your configuration management system.
2017-12-15 12:06:27  /entrypoint.sh: static: ceph-ansible is a good candidate to deploy a containerized version of Ceph.
2017-12-15 12:06:27  /entrypoint.sh: static: ceph-ansible will help you fetching the keys and push them on the right nodes.
2017-12-15 12:06:27  /entrypoint.sh: static: if you're interested, please visit: https://github.com/ceph/ceph-ansible
pool 'cephfs_data' created
pool 'cephfs_metadata' created
new fs with metadata pool 2 and data pool 1
2017-12-15 12:06:29  /entrypoint.sh: SUCCESS
2017-12-15 12:06:29.740913 7f3cd0992300  0 set uid:gid to 64045:64045 (ceph:ceph)
2017-12-15 12:06:29.740940 7f3cd0992300  0 ceph version 9.0.0-18997-g8adf01b (8adf01b98af39502aa7fe3d10c4b19935508eaa7), process ceph-mds, pid 236
starting mds.node-4 at -
2017-12-15 12:06:29.742111 7f3cd0992300  0 pidfile_write: ignore empty --pid-file
2017-12-15 12:06:33.888969 7f3cc938e700  0 mds.0.cache creating system inode with ino:1
2017-12-15 12:06:33.889257 7f3cc938e700  0 mds.0.cache creating system inode with ino:100
2017-12-15 12:06:33.889269 7f3cc938e700  0 mds.0.cache creating system inode with ino:600
2017-12-15 12:06:33.889443 7f3cc938e700  0 mds.0.cache creating system inode with ino:601
2017-12-15 12:06:33.889744 7f3cc938e700  0 mds.0.cache creating system inode with ino:602
2017-12-15 12:06:33.889847 7f3cc938e700  0 mds.0.cache creating system inode with ino:603
2017-12-15 12:06:33.889943 7f3cc938e700  0 mds.0.cache creating system inode with ino:604
2017-12-15 12:06:33.890101 7f3cc938e700  0 mds.0.cache creating system inode with ino:605
2017-12-15 12:06:33.890226 7f3cc938e700  0 mds.0.cache creating system inode with ino:606
2017-12-15 12:06:33.890310 7f3cc938e700  0 mds.0.cache creating system inode with ino:607
2017-12-15 12:06:33.890426 7f3cc938e700  0 mds.0.cache creating system inode with ino:608
2017-12-15 12:06:33.890597 7f3cc938e700  0 mds.0.cache creating system inode with ino:609
tcmalloc: large alloc 1593843712 bytes == 0x7f3f31532000 @  0x7f3ccf995c4c 0x7f3ccf9b644e 0x7f3cd01088c3 0x7f3cd00d90c1 0x7f3cd00dd8a0 0x7f3cd00f9dc3 0x7f3cd00fa3c4 0x7f3cd00fe59b 0x7f3cd008016c 0x7f3cd0089951 0x7f3cd008aaa5 0x7f3cd0078593 0x7f3cd059f7a3 0x7f3cd044b1dd 0x7f3ccf76d184 0x7f3ccdebeffd (nil)
