2017-12-17 07:14:03  /entrypoint.sh: static: does not generate config
HEALTH_WARN too few PGs per OSD (21 < min 30)
2017-12-17 07:14:03  /entrypoint.sh: static: does not generate the admin key, so we can not get it.
2017-12-17 07:14:03  /entrypoint.sh: static: make it available with the help of your configuration management system.
2017-12-17 07:14:03  /entrypoint.sh: static: ceph-ansible is a good candidate to deploy a containerized version of Ceph.
2017-12-17 07:14:03  /entrypoint.sh: static: ceph-ansible will help you fetching the keys and push them on the right nodes.
2017-12-17 07:14:03  /entrypoint.sh: static: if you're interested, please visit: https://github.com/ceph/ceph-ansible
pool 'cephfs_data' created
pool 'cephfs_metadata' created
new fs with metadata pool 2 and data pool 1
2017-12-17 07:14:06  /entrypoint.sh: SUCCESS
2017-12-17 07:14:06.078089 7f062738a300  0 set uid:gid to 64045:64045 (ceph:ceph)
2017-12-17 07:14:06.078121 7f062738a300  0 ceph version 9.0.0-18997-g8adf01b (8adf01b98af39502aa7fe3d10c4b19935508eaa7), process ceph-mds, pid 236
starting mds.node-4 at -
2017-12-17 07:14:06.079628 7f062738a300  0 pidfile_write: ignore empty --pid-file
2017-12-17 07:14:10.241487 7f061fd86700  0 mds.0.cache creating system inode with ino:1
2017-12-17 07:14:10.241775 7f061fd86700  0 mds.0.cache creating system inode with ino:100
2017-12-17 07:14:10.241793 7f061fd86700  0 mds.0.cache creating system inode with ino:600
2017-12-17 07:14:10.242002 7f061fd86700  0 mds.0.cache creating system inode with ino:601
2017-12-17 07:14:10.242102 7f061fd86700  0 mds.0.cache creating system inode with ino:602
2017-12-17 07:14:10.242362 7f061fd86700  0 mds.0.cache creating system inode with ino:603
2017-12-17 07:14:10.242487 7f061fd86700  0 mds.0.cache creating system inode with ino:604
2017-12-17 07:14:10.242616 7f061fd86700  0 mds.0.cache creating system inode with ino:605
2017-12-17 07:14:10.242737 7f061fd86700  0 mds.0.cache creating system inode with ino:606
2017-12-17 07:14:10.242836 7f061fd86700  0 mds.0.cache creating system inode with ino:607
2017-12-17 07:14:10.242923 7f061fd86700  0 mds.0.cache creating system inode with ino:608
2017-12-17 07:14:10.243053 7f061fd86700  0 mds.0.cache creating system inode with ino:609
tcmalloc: large alloc 1593843712 bytes == 0x7f08a3758000 @  0x7f062638dc4c 0x7f06263ae44e 0x7f0626b008c3 0x7f0626ad10c1 0x7f0626ad58a0 0x7f0626af1dc3 0x7f0626af23c4 0x7f0626af659b 0x7f0626a7816c 0x7f0626a81951 0x7f0626a82aa5 0x7f0626a70593 0x7f0626f977a3 0x7f0626e431dd 0x7f0626165184 0x7f06248b6ffd (nil)
tcmalloc: large alloc 3187679232 bytes == 0x7f0b1407a000 @  0x7f062638dc4c 0x7f06263ae44e 0x7f0626b008c3 0x7f0626ad10c1 0x7f0626ad58a0 0x7f0626af1dc3 0x7f0626af23c4 0x7f0626af659b 0x7f0626a7816c 0x7f0626a81951 0x7f0626a82aa5 0x7f0626a70593 0x7f0626f977a3 0x7f0626e431dd 0x7f0626165184 0x7f06248b6ffd (nil)
tcmalloc: large alloc 1677729792 bytes == 0x7f0f92070000 @  0x7f062638dc4c 0x7f06263ae44e 0x7f0626b008c3 0x7f0626c406bc 0x7f0626b53830 0x7f0626abcd4c 0x7f0626abd85d 0x7f0626af1ec3 0x7f0626af23c4 0x7f0626af659b 0x7f0626a7816c 0x7f0626a81951 0x7f0626a82aa5 0x7f0626a70593 0x7f0626f977a3 0x7f0626e431dd 0x7f0626165184 0x7f06248b6ffd (nil)
tcmalloc: large alloc 6375350272 bytes == 0x7f0ff607e000 @  0x7f062638dc4c 0x7f06263ae44e 0x7f0626b008c3 0x7f0626ad10c1 0x7f0626ad58a0 0x7f0626af1dc3 0x7f0626af23c4 0x7f0626af659b 0x7f0626a7816c 0x7f0626a81951 0x7f0626a82aa5 0x7f0626a70593 0x7f0626f977a3 0x7f0626e431dd 0x7f0626165184 0x7f06248b6ffd (nil)
