2017-12-16 22:03:36  /entrypoint.sh: static: does not generate config
HEALTH_WARN too few PGs per OSD (21 < min 30)
2017-12-16 22:03:36  /entrypoint.sh: static: does not generate the admin key, so we can not get it.
2017-12-16 22:03:36  /entrypoint.sh: static: make it available with the help of your configuration management system.
2017-12-16 22:03:36  /entrypoint.sh: static: ceph-ansible is a good candidate to deploy a containerized version of Ceph.
2017-12-16 22:03:36  /entrypoint.sh: static: ceph-ansible will help you fetching the keys and push them on the right nodes.
2017-12-16 22:03:36  /entrypoint.sh: static: if you're interested, please visit: https://github.com/ceph/ceph-ansible
pool 'cephfs_data' created
pool 'cephfs_metadata' created
new fs with metadata pool 2 and data pool 1
2017-12-16 22:03:39  /entrypoint.sh: SUCCESS
2017-12-16 22:03:39.198229 7f5ae633a300  0 set uid:gid to 64045:64045 (ceph:ceph)
2017-12-16 22:03:39.198250 7f5ae633a300  0 ceph version 9.0.0-18997-g8adf01b (8adf01b98af39502aa7fe3d10c4b19935508eaa7), process ceph-mds, pid 236
starting mds.node-4 at -
2017-12-16 22:03:39.199393 7f5ae633a300  0 pidfile_write: ignore empty --pid-file
2017-12-16 22:03:43.355213 7f5aded36700  0 mds.0.cache creating system inode with ino:1
2017-12-16 22:03:43.355580 7f5aded36700  0 mds.0.cache creating system inode with ino:100
2017-12-16 22:03:43.355597 7f5aded36700  0 mds.0.cache creating system inode with ino:600
2017-12-16 22:03:43.355856 7f5aded36700  0 mds.0.cache creating system inode with ino:601
2017-12-16 22:03:43.356238 7f5aded36700  0 mds.0.cache creating system inode with ino:602
2017-12-16 22:03:43.356416 7f5aded36700  0 mds.0.cache creating system inode with ino:603
2017-12-16 22:03:43.356573 7f5aded36700  0 mds.0.cache creating system inode with ino:604
2017-12-16 22:03:43.356763 7f5aded36700  0 mds.0.cache creating system inode with ino:605
2017-12-16 22:03:43.356873 7f5aded36700  0 mds.0.cache creating system inode with ino:606
2017-12-16 22:03:43.357001 7f5aded36700  0 mds.0.cache creating system inode with ino:607
2017-12-16 22:03:43.357149 7f5aded36700  0 mds.0.cache creating system inode with ino:608
2017-12-16 22:03:43.357308 7f5aded36700  0 mds.0.cache creating system inode with ino:609
tcmalloc: large alloc 1593843712 bytes == 0x7f5d47ac6000 @  0x7f5ae533dc4c 0x7f5ae535e44e 0x7f5ae5ab08c3 0x7f5ae5a810c1 0x7f5ae5a858a0 0x7f5ae5aa1dc3 0x7f5ae5aa23c4 0x7f5ae5aa659b 0x7f5ae5a2816c 0x7f5ae5a31951 0x7f5ae5a32aa5 0x7f5ae5a20593 0x7f5ae5f477a3 0x7f5ae5df31dd 0x7f5ae5115184 0x7f5ae3866ffd (nil)
